{
  "uid" : "14db804a46062bd8",
  "name" : "Ввод и очистка полей логина и пароля",
  "fullName" : "com.test.qabattle.tests.LoginTest.clearLoginAndPassTest",
  "historyId" : "5a30a19e7fa0ec36c5897565c785a7ce",
  "time" : {
    "start" : 1610523868701,
    "stop" : 1610523884366,
    "duration" : 15665
  },
  "status" : "failed",
  "statusMessage" : "Element should hidden {img[src='sign.png']}\nElement: '<img src=\"sign.png\"></img>'\nPage source: file:/home/runner/work/qabattle-selenide/qabattle-selenide/target/reports/1610523883867.0.html\nTimeout: 4 s.",
  "statusTrace" : "Element should hidden {img[src='sign.png']}\nElement: '<img src=\"sign.png\"></img>'\nPage source: file:/home/runner/work/qabattle-selenide/qabattle-selenide/target/reports/1610523883867.0.html\nTimeout: 4 s.\n\tat com.codeborne.selenide.impl.WebElementSource.checkCondition(WebElementSource.java:94)\n\tat com.codeborne.selenide.commands.Should.execute(Should.java:30)\n\tat com.codeborne.selenide.commands.Should.execute(Should.java:14)\n\tat com.codeborne.selenide.commands.Commands.execute(Commands.java:153)\n\tat com.codeborne.selenide.impl.SelenideElementProxy.dispatchAndRetry(SelenideElementProxy.java:124)\n\tat com.codeborne.selenide.impl.SelenideElementProxy.invoke(SelenideElementProxy.java:76)\n\tat com.sun.proxy.$Proxy11.should(Unknown Source)\n\tat com.test.qabattle.tests.LoginTest.clearLoginAndPassTest(LoginTest.java:92)\n\tat sun.reflect.NativeMethodAccessorImpl.invoke0(Native Method)\n\tat sun.reflect.NativeMethodAccessorImpl.invoke(NativeMethodAccessorImpl.java:62)\n\tat sun.reflect.DelegatingMethodAccessorImpl.invoke(DelegatingMethodAccessorImpl.java:43)\n\tat java.lang.reflect.Method.invoke(Method.java:498)\n\tat org.testng.internal.MethodInvocationHelper.invokeMethod(MethodInvocationHelper.java:124)\n\tat org.testng.internal.Invoker.invokeMethod(Invoker.java:583)\n\tat org.testng.internal.Invoker.invokeTestMethod(Invoker.java:719)\n\tat org.testng.internal.Invoker.invokeTestMethods(Invoker.java:989)\n\tat org.testng.internal.TestMethodWorker.invokeTestMethods(TestMethodWorker.java:125)\n\tat org.testng.internal.TestMethodWorker.run(TestMethodWorker.java:109)\n\tat org.testng.TestRunner.privateRun(TestRunner.java:648)\n\tat org.testng.TestRunner.run(TestRunner.java:505)\n\tat org.testng.SuiteRunner.runTest(SuiteRunner.java:455)\n\tat org.testng.SuiteRunner.runSequentially(SuiteRunner.java:450)\n\tat org.testng.SuiteRunner.privateRun(SuiteRunner.java:415)\n\tat org.testng.SuiteRunner.run(SuiteRunner.java:364)\n\tat org.testng.SuiteRunnerWorker.runSuite(SuiteRunnerWorker.java:52)\n\tat org.testng.SuiteRunnerWorker.run(SuiteRunnerWorker.java:84)\n\tat org.testng.TestNG.runSuitesSequentially(TestNG.java:1208)\n\tat org.testng.TestNG.runSuitesLocally(TestNG.java:1137)\n\tat org.testng.TestNG.runSuites(TestNG.java:1049)\n\tat org.testng.TestNG.run(TestNG.java:1017)\n\tat org.apache.maven.surefire.testng.TestNGExecutor.run(TestNGExecutor.java:135)\n\tat org.apache.maven.surefire.testng.TestNGDirectoryTestSuite.executeMulti(TestNGDirectoryTestSuite.java:193)\n\tat org.apache.maven.surefire.testng.TestNGDirectoryTestSuite.execute(TestNGDirectoryTestSuite.java:94)\n\tat org.apache.maven.surefire.testng.TestNGProvider.invoke(TestNGProvider.java:146)\n\tat org.apache.maven.surefire.booter.ForkedBooter.invokeProviderInSameClassLoader(ForkedBooter.java:379)\n\tat org.apache.maven.surefire.booter.ForkedBooter.runSuitesInProcess(ForkedBooter.java:340)\n\tat org.apache.maven.surefire.booter.ForkedBooter.execute(ForkedBooter.java:125)\n\tat org.apache.maven.surefire.booter.ForkedBooter.main(ForkedBooter.java:413)\n",
  "flaky" : false,
  "newFailed" : false,
  "beforeStages" : [ {
    "name" : "beforeClass",
    "time" : {
      "start" : 1610523868524,
      "stop" : 1610523868545,
      "duration" : 21
    },
    "description" : "",
    "status" : "passed",
    "steps" : [ ],
    "attachments" : [ ],
    "parameters" : [ ],
    "stepsCount" : 0,
    "attachmentsCount" : 0,
    "shouldDisplayMessage" : false,
    "hasContent" : false
  } ],
  "testStage" : {
    "status" : "failed",
    "statusMessage" : "Element should hidden {img[src='sign.png']}\nElement: '<img src=\"sign.png\"></img>'\nPage source: file:/home/runner/work/qabattle-selenide/qabattle-selenide/target/reports/1610523883867.0.html\nTimeout: 4 s.",
    "statusTrace" : "Element should hidden {img[src='sign.png']}\nElement: '<img src=\"sign.png\"></img>'\nPage source: file:/home/runner/work/qabattle-selenide/qabattle-selenide/target/reports/1610523883867.0.html\nTimeout: 4 s.\n\tat com.codeborne.selenide.impl.WebElementSource.checkCondition(WebElementSource.java:94)\n\tat com.codeborne.selenide.commands.Should.execute(Should.java:30)\n\tat com.codeborne.selenide.commands.Should.execute(Should.java:14)\n\tat com.codeborne.selenide.commands.Commands.execute(Commands.java:153)\n\tat com.codeborne.selenide.impl.SelenideElementProxy.dispatchAndRetry(SelenideElementProxy.java:124)\n\tat com.codeborne.selenide.impl.SelenideElementProxy.invoke(SelenideElementProxy.java:76)\n\tat com.sun.proxy.$Proxy11.should(Unknown Source)\n\tat com.test.qabattle.tests.LoginTest.clearLoginAndPassTest(LoginTest.java:92)\n\tat sun.reflect.NativeMethodAccessorImpl.invoke0(Native Method)\n\tat sun.reflect.NativeMethodAccessorImpl.invoke(NativeMethodAccessorImpl.java:62)\n\tat sun.reflect.DelegatingMethodAccessorImpl.invoke(DelegatingMethodAccessorImpl.java:43)\n\tat java.lang.reflect.Method.invoke(Method.java:498)\n\tat org.testng.internal.MethodInvocationHelper.invokeMethod(MethodInvocationHelper.java:124)\n\tat org.testng.internal.Invoker.invokeMethod(Invoker.java:583)\n\tat org.testng.internal.Invoker.invokeTestMethod(Invoker.java:719)\n\tat org.testng.internal.Invoker.invokeTestMethods(Invoker.java:989)\n\tat org.testng.internal.TestMethodWorker.invokeTestMethods(TestMethodWorker.java:125)\n\tat org.testng.internal.TestMethodWorker.run(TestMethodWorker.java:109)\n\tat org.testng.TestRunner.privateRun(TestRunner.java:648)\n\tat org.testng.TestRunner.run(TestRunner.java:505)\n\tat org.testng.SuiteRunner.runTest(SuiteRunner.java:455)\n\tat org.testng.SuiteRunner.runSequentially(SuiteRunner.java:450)\n\tat org.testng.SuiteRunner.privateRun(SuiteRunner.java:415)\n\tat org.testng.SuiteRunner.run(SuiteRunner.java:364)\n\tat org.testng.SuiteRunnerWorker.runSuite(SuiteRunnerWorker.java:52)\n\tat org.testng.SuiteRunnerWorker.run(SuiteRunnerWorker.java:84)\n\tat org.testng.TestNG.runSuitesSequentially(TestNG.java:1208)\n\tat org.testng.TestNG.runSuitesLocally(TestNG.java:1137)\n\tat org.testng.TestNG.runSuites(TestNG.java:1049)\n\tat org.testng.TestNG.run(TestNG.java:1017)\n\tat org.apache.maven.surefire.testng.TestNGExecutor.run(TestNGExecutor.java:135)\n\tat org.apache.maven.surefire.testng.TestNGDirectoryTestSuite.executeMulti(TestNGDirectoryTestSuite.java:193)\n\tat org.apache.maven.surefire.testng.TestNGDirectoryTestSuite.execute(TestNGDirectoryTestSuite.java:94)\n\tat org.apache.maven.surefire.testng.TestNGProvider.invoke(TestNGProvider.java:146)\n\tat org.apache.maven.surefire.booter.ForkedBooter.invokeProviderInSameClassLoader(ForkedBooter.java:379)\n\tat org.apache.maven.surefire.booter.ForkedBooter.runSuitesInProcess(ForkedBooter.java:340)\n\tat org.apache.maven.surefire.booter.ForkedBooter.execute(ForkedBooter.java:125)\n\tat org.apache.maven.surefire.booter.ForkedBooter.main(ForkedBooter.java:413)\n",
    "steps" : [ {
      "name" : "Открыть страницу логина",
      "time" : {
        "start" : 1610523868946,
        "stop" : 1610523873337,
        "duration" : 4391
      },
      "status" : "passed",
      "steps" : [ ],
      "attachments" : [ ],
      "parameters" : [ ],
      "stepsCount" : 0,
      "attachmentsCount" : 0,
      "shouldDisplayMessage" : false,
      "hasContent" : false
    }, {
      "name" : "Ввод логина и пароля",
      "time" : {
        "start" : 1610523873342,
        "stop" : 1610523873970,
        "duration" : 628
      },
      "status" : "passed",
      "steps" : [ {
        "name" : "Ввод логина",
        "time" : {
          "start" : 1610523873342,
          "stop" : 1610523873708,
          "duration" : 366
        },
        "status" : "passed",
        "steps" : [ ],
        "attachments" : [ ],
        "parameters" : [ {
          "name" : "login",
          "value" : "1"
        } ],
        "stepsCount" : 0,
        "attachmentsCount" : 0,
        "shouldDisplayMessage" : false,
        "hasContent" : true
      }, {
        "name" : "Ввод пароля",
        "time" : {
          "start" : 1610523873709,
          "stop" : 1610523873970,
          "duration" : 261
        },
        "status" : "passed",
        "steps" : [ ],
        "attachments" : [ ],
        "parameters" : [ {
          "name" : "pass",
          "value" : "1"
        } ],
        "stepsCount" : 0,
        "attachmentsCount" : 0,
        "shouldDisplayMessage" : false,
        "hasContent" : true
      } ],
      "attachments" : [ ],
      "parameters" : [ {
        "name" : "login",
        "value" : "1"
      }, {
        "name" : "pass",
        "value" : "1"
      } ],
      "stepsCount" : 2,
      "attachmentsCount" : 0,
      "shouldDisplayMessage" : false,
      "hasContent" : true
    }, {
      "name" : "Подождать появление кнопки 'Sign In' и нажать на неё",
      "time" : {
        "start" : 1610523873971,
        "stop" : 1610523879438,
        "duration" : 5467
      },
      "status" : "passed",
      "steps" : [ ],
      "attachments" : [ ],
      "parameters" : [ ],
      "stepsCount" : 0,
      "attachmentsCount" : 0,
      "shouldDisplayMessage" : false,
      "hasContent" : false
    }, {
      "name" : "Подтверждения алертов",
      "time" : {
        "start" : 1610523879439,
        "stop" : 1610523879478,
        "duration" : 39
      },
      "status" : "passed",
      "steps" : [ {
        "name" : "Подтверждения алерта",
        "time" : {
          "start" : 1610523879439,
          "stop" : 1610523879478,
          "duration" : 39
        },
        "status" : "passed",
        "steps" : [ ],
        "attachments" : [ ],
        "parameters" : [ {
          "name" : "expectedText",
          "value" : "Are you sure you want to login?"
        }, {
          "name" : "accept",
          "value" : "false"
        } ],
        "stepsCount" : 0,
        "attachmentsCount" : 0,
        "shouldDisplayMessage" : false,
        "hasContent" : true
      } ],
      "attachments" : [ ],
      "parameters" : [ {
        "name" : "first",
        "value" : "false"
      }, {
        "name" : "second",
        "value" : "false"
      } ],
      "stepsCount" : 1,
      "attachmentsCount" : 0,
      "shouldDisplayMessage" : false,
      "hasContent" : true
    }, {
      "name" : "Ввод логина и пароля",
      "time" : {
        "start" : 1610523879479,
        "stop" : 1610523879802,
        "duration" : 323
      },
      "status" : "passed",
      "steps" : [ {
        "name" : "Ввод логина",
        "time" : {
          "start" : 1610523879479,
          "stop" : 1610523879653,
          "duration" : 174
        },
        "status" : "passed",
        "steps" : [ ],
        "attachments" : [ ],
        "parameters" : [ {
          "name" : "login",
          "value" : ""
        } ],
        "stepsCount" : 0,
        "attachmentsCount" : 0,
        "shouldDisplayMessage" : false,
        "hasContent" : true
      }, {
        "name" : "Ввод пароля",
        "time" : {
          "start" : 1610523879653,
          "stop" : 1610523879802,
          "duration" : 149
        },
        "status" : "passed",
        "steps" : [ ],
        "attachments" : [ ],
        "parameters" : [ {
          "name" : "pass",
          "value" : ""
        } ],
        "stepsCount" : 0,
        "attachmentsCount" : 0,
        "shouldDisplayMessage" : false,
        "hasContent" : true
      } ],
      "attachments" : [ ],
      "parameters" : [ {
        "name" : "login",
        "value" : ""
      }, {
        "name" : "pass",
        "value" : ""
      } ],
      "stepsCount" : 2,
      "attachmentsCount" : 0,
      "shouldDisplayMessage" : false,
      "hasContent" : true
    } ],
    "attachments" : [ {
      "uid" : "a1ad21ef128d8a28",
      "name" : "Screenshot",
      "source" : "a1ad21ef128d8a28.png",
      "type" : "image/png",
      "size" : 320907
    }, {
      "uid" : "94b53bffe4be7c70",
      "name" : "Page source",
      "source" : "94b53bffe4be7c70.html",
      "type" : "text/html",
      "size" : 3258
    } ],
    "parameters" : [ ],
    "stepsCount" : 10,
    "attachmentsCount" : 2,
    "shouldDisplayMessage" : true,
    "hasContent" : true
  },
  "afterStages" : [ {
    "name" : "afterMethod",
    "time" : {
      "start" : 1610523884485,
      "stop" : 1610523884846,
      "duration" : 361
    },
    "description" : "",
    "status" : "passed",
    "steps" : [ ],
    "attachments" : [ {
      "uid" : "6a13a735f9ed80ca",
      "name" : "Screenshot",
      "source" : "6a13a735f9ed80ca.png",
      "type" : "image/png",
      "size" : 320907
    } ],
    "parameters" : [ ],
    "stepsCount" : 0,
    "attachmentsCount" : 1,
    "shouldDisplayMessage" : false,
    "hasContent" : true
  } ],
  "labels" : [ {
    "name" : "package",
    "value" : "com.test.qabattle.tests.LoginTest"
  }, {
    "name" : "testClass",
    "value" : "com.test.qabattle.tests.LoginTest"
  }, {
    "name" : "testMethod",
    "value" : "clearLoginAndPassTest"
  }, {
    "name" : "parentSuite",
    "value" : "Surefire suite"
  }, {
    "name" : "suite",
    "value" : "Surefire test"
  }, {
    "name" : "subSuite",
    "value" : "com.test.qabattle.tests.LoginTest"
  }, {
    "name" : "host",
    "value" : "fv-az52-147"
  }, {
    "name" : "thread",
    "value" : "5113@fv-az52-147.main(1)"
  }, {
    "name" : "framework",
    "value" : "testng"
  }, {
    "name" : "language",
    "value" : "java"
  }, {
    "name" : "feature",
    "value" : "Форма авторизации"
  }, {
    "name" : "resultFormat",
    "value" : "allure2"
  } ],
  "parameters" : [ ],
  "links" : [ ],
  "hidden" : false,
  "retry" : false,
  "extra" : {
    "severity" : "normal",
    "retries" : [ ],
    "categories" : [ {
      "name" : "Product defects",
      "matchedStatuses" : [ ],
      "flaky" : false
    } ],
    "history" : {
      "statistic" : {
        "failed" : 8,
        "broken" : 10,
        "skipped" : 0,
        "passed" : 0,
        "unknown" : 0,
        "total" : 18
      },
      "items" : [ {
        "uid" : "64a5ba0d5f574f26",
        "reportUrl" : "https://simple-elf.github.io/qabattle-selenide/77//#testresult/64a5ba0d5f574f26",
        "status" : "failed",
        "statusDetails" : "Element should hidden {img[src='sign.png']}\nElement: '<img src=\"sign.png\"></img>'\nPage source: file:/home/runner/work/qabattle-selenide/qabattle-selenide/target/reports/1610523444185.0.html\nTimeout: 4 s.",
        "time" : {
          "start" : 1610523417975,
          "stop" : 1610523444827,
          "duration" : 26852
        }
      }, {
        "uid" : "fd4f7dcd2bc64368",
        "reportUrl" : "https://simple-elf.github.io/qabattle-selenide/78//#testresult/fd4f7dcd2bc64368",
        "status" : "failed",
        "statusDetails" : "Element should hidden {img[src='sign.png']}\nElement: '<img src=\"sign.png\"></img>'\nPage source: file:/home/runner/work/qabattle-selenide/qabattle-selenide/target/reports/1610523523035.0.html\nTimeout: 4 s.",
        "time" : {
          "start" : 1610523506835,
          "stop" : 1610523523481,
          "duration" : 16646
        }
      }, {
        "uid" : "b2e4b265d8861876",
        "reportUrl" : "https://simple-elf.github.io/qabattle-selenide/76//#testresult/b2e4b265d8861876",
        "status" : "failed",
        "statusDetails" : "Element not found {img[src='sign.png']}\nExpected: visible\nPage source: file:/home/runner/work/qabattle-selenide/qabattle-selenide/target/reports/1610523166264.0.html\nTimeout: 10 s.\nCaused by: NoSuchElementException: no such element: Unable to locate element: {\"method\":\"css selector\",\"selector\":\"img[src='sign.png']\"}",
        "time" : {
          "start" : 1610523148935,
          "stop" : 1610523166699,
          "duration" : 17764
        }
      }, {
        "uid" : "b49cc3e3d9f7b15e",
        "reportUrl" : "https://simple-elf.github.io/qabattle-selenide/75//#testresult/b49cc3e3d9f7b15e",
        "status" : "broken",
        "statusDetails" : "Requested environment is not available (WARNING: The server did not provide any stacktrace information)\nCommand duration or timeout: 154 milliseconds\nBuild info: version: '3.141.59', revision: 'e82be7d358', time: '2018-11-14T08:17:03'\nSystem info: host: 'fv-az52-147', ip: '10.1.0.4', os.name: 'Linux', os.arch: 'amd64', os.version: '5.4.0-1032-azure', java.version: '1.8.0_275'\nselenide.remote: http://127.0.0.1:4444/wd/hub\nDriver info: driver.version: SelenideDriver\nselenide.url: http://qabattle:8080/index.html\nselenide.baseUrl: http://qabattle:8080",
        "time" : {
          "start" : 1610522923075,
          "stop" : 1610522924233,
          "duration" : 1158
        }
      }, {
        "uid" : "290a65922b544797",
        "reportUrl" : "https://simple-elf.github.io/qabattle-selenide/74//#testresult/290a65922b544797",
        "status" : "broken",
        "statusDetails" : "Could not start a new session. Possible causes are invalid address of the remote server or browser start-up failure.\nBuild info: version: '3.141.59', revision: 'e82be7d358', time: '2018-11-14T08:17:03'\nSystem info: host: 'fv-az195-130', ip: '10.1.0.4', os.name: 'Linux', os.arch: 'amd64', os.version: '5.4.0-1032-azure', java.version: '1.8.0_275'\nselenide.remote: http://127.0.0.1:4444/wd/hub\nDriver info: driver.version: SelenideDriver\nselenide.url: http://qabattle:8080/index.html\nselenide.baseUrl: http://qabattle:8080",
        "time" : {
          "start" : 1610522658962,
          "stop" : 1610522659923,
          "duration" : 961
        }
      }, {
        "uid" : "3a2621fcc81b03c",
        "reportUrl" : "https://simple-elf.github.io/qabattle-selenide/73//#testresult/3a2621fcc81b03c",
        "status" : "broken",
        "statusDetails" : "Requested environment is not available (WARNING: The server did not provide any stacktrace information)\nCommand duration or timeout: 146 milliseconds\nBuild info: version: '3.141.59', revision: 'e82be7d358', time: '2018-11-14T08:17:03'\nSystem info: host: 'fv-az184-39', ip: '10.1.0.4', os.name: 'Linux', os.arch: 'amd64', os.version: '5.4.0-1032-azure', java.version: '1.8.0_275'\nselenide.remote: http://127.0.0.1:4444/wd/hub\nDriver info: driver.version: SelenideDriver\nselenide.url: http://qabattle:8080/index.html\nselenide.baseUrl: http://qabattle:8080",
        "time" : {
          "start" : 1610455480172,
          "stop" : 1610455481335,
          "duration" : 1163
        }
      }, {
        "uid" : "cba4a09a3f91239",
        "reportUrl" : "https://simple-elf.github.io/qabattle-selenide/72//#testresult/cba4a09a3f91239",
        "status" : "failed",
        "statusDetails" : "Element should hidden {img[src='sign.png']}\nElement: '<img src=\"sign.png\"></img>'\nTimeout: 4 s.",
        "time" : {
          "start" : 1604415766198,
          "stop" : 1604415780559,
          "duration" : 14361
        }
      }, {
        "uid" : "7c1bbc20e21bd4e4",
        "reportUrl" : "https://simple-elf.github.io/qabattle-selenide/71//#testresult/7c1bbc20e21bd4e4",
        "status" : "failed",
        "statusDetails" : "Element should hidden {img[src='sign.png']}\nElement: '<img src=\"sign.png\"></img>'\nTimeout: 4 s.",
        "time" : {
          "start" : 1599923450130,
          "stop" : 1599923460887,
          "duration" : 10757
        }
      }, {
        "uid" : "69d33a2de83f9380",
        "reportUrl" : "https://simple-elf.github.io/qabattle-selenide/70//#testresult/69d33a2de83f9380",
        "status" : "failed",
        "statusDetails" : "Element should hidden {img[src='sign.png']}\nElement: '<img src=\"sign.png\"></img>'\nTimeout: 4 s.",
        "time" : {
          "start" : 1598015224193,
          "stop" : 1598015238714,
          "duration" : 14521
        }
      }, {
        "uid" : "1b28b29fadf10e70",
        "reportUrl" : "https://simple-elf.github.io/qabattle-selenide/69//#testresult/1b28b29fadf10e70",
        "status" : "broken",
        "statusDetails" : "org.openqa.selenium.WebDriverException: start video container: create video container: Error response from daemon: create \"/home/runner/work/qabattle-selenide/qabattle-selenide/opt\": \"\\\"/home/runner/work/qabattle-selenide/qabattle-selenide/opt\\\"\" includes invalid characters for a local volume name, only \"[a-zA-Z0-9][a-zA-Z0-9_.-]\" are allowed. If you intended to pass a host directory, use absolute path (WARNING: The server did not provide any stacktrace information)\nCommand duration or timeout: 589 milliseconds\nBuild info: version: '3.141.59', revision: 'e82be7d358', time: '2018-11-14T08:17:03'\nSystem info: host: 'fv-az60', ip: '10.1.0.4', os.name: 'Linux', os.arch: 'amd64', os.version: '5.3.0-1034-azure', java.version: '1.8.0_265'\nDriver info: driver.version: SelenideDriver",
        "time" : {
          "start" : 1598014905354,
          "stop" : 1598014905979,
          "duration" : 625
        }
      }, {
        "uid" : "c27e36a0ff0ec1a3",
        "reportUrl" : "https://simple-elf.github.io/qabattle-selenide/68//#testresult/c27e36a0ff0ec1a3",
        "status" : "broken",
        "statusDetails" : "org.openqa.selenium.WebDriverException: start video container: create video container: Error response from daemon: create \"/home/runner/work/qabattle-selenide/qabattle-selenide/opt\": \"\\\"/home/runner/work/qabattle-selenide/qabattle-selenide/opt\\\"\" includes invalid characters for a local volume name, only \"[a-zA-Z0-9][a-zA-Z0-9_.-]\" are allowed. If you intended to pass a host directory, use absolute path (WARNING: The server did not provide any stacktrace information)\nCommand duration or timeout: 652 milliseconds\nBuild info: version: '3.141.59', revision: 'e82be7d358', time: '2018-11-14T08:17:03'\nSystem info: host: 'fv-az60', ip: '10.1.0.4', os.name: 'Linux', os.arch: 'amd64', os.version: '5.3.0-1034-azure', java.version: '1.8.0_265'\nDriver info: driver.version: SelenideDriver",
        "time" : {
          "start" : 1598014464249,
          "stop" : 1598014464924,
          "duration" : 675
        }
      }, {
        "uid" : "d528c93df82986e5",
        "reportUrl" : "https://simple-elf.github.io/qabattle-selenide/67//#testresult/d528c93df82986e5",
        "status" : "broken",
        "statusDetails" : "org.openqa.selenium.WebDriverException: start video container: create video container: Error response from daemon: create \"/home/runner/work/qabattle-selenide/qabattle-selenide/opt\": \"\\\"/home/runner/work/qabattle-selenide/qabattle-selenide/opt\\\"\" includes invalid characters for a local volume name, only \"[a-zA-Z0-9][a-zA-Z0-9_.-]\" are allowed. If you intended to pass a host directory, use absolute path (WARNING: The server did not provide any stacktrace information)\nCommand duration or timeout: 594 milliseconds\nBuild info: version: '3.141.59', revision: 'e82be7d358', time: '2018-11-14T08:17:03'\nSystem info: host: 'fv-az60', ip: '10.1.0.4', os.name: 'Linux', os.arch: 'amd64', os.version: '5.3.0-1034-azure', java.version: '1.8.0_265'\nDriver info: driver.version: SelenideDriver",
        "time" : {
          "start" : 1598014218123,
          "stop" : 1598014218733,
          "duration" : 610
        }
      }, {
        "uid" : "97ea7f27c8e9fc19",
        "reportUrl" : "https://simple-elf.github.io/qabattle-selenide/66//#testresult/97ea7f27c8e9fc19",
        "status" : "broken",
        "statusDetails" : "org.openqa.selenium.WebDriverException: start video container: create video container: Error response from daemon: create \"/home/runner/work/qabattle-selenide/qabattle-selenide/opt\": \"\\\"/home/runner/work/qabattle-selenide/qabattle-selenide/opt\\\"\" includes invalid characters for a local volume name, only \"[a-zA-Z0-9][a-zA-Z0-9_.-]\" are allowed. If you intended to pass a host directory, use absolute path (WARNING: The server did not provide any stacktrace information)\nCommand duration or timeout: 785 milliseconds\nBuild info: version: '3.141.59', revision: 'e82be7d358', time: '2018-11-14T08:17:03'\nSystem info: host: 'fv-az151', ip: '10.1.0.4', os.name: 'Linux', os.arch: 'amd64', os.version: '5.3.0-1034-azure', java.version: '1.8.0_265'\nDriver info: driver.version: SelenideDriver",
        "time" : {
          "start" : 1598011481589,
          "stop" : 1598011482401,
          "duration" : 812
        }
      }, {
        "uid" : "3fe8a029158ae012",
        "reportUrl" : "https://simple-elf.github.io/qabattle-selenide/65//#testresult/3fe8a029158ae012",
        "status" : "broken",
        "statusDetails" : "org.openqa.selenium.WebDriverException: start video container: create video container: Error response from daemon: create \"/home/runner/work/qabattle-selenide/qabattle-selenide/opt\": \"\\\"/home/runner/work/qabattle-selenide/qabattle-selenide/opt\\\"\" includes invalid characters for a local volume name, only \"[a-zA-Z0-9][a-zA-Z0-9_.-]\" are allowed. If you intended to pass a host directory, use absolute path (WARNING: The server did not provide any stacktrace information)\nCommand duration or timeout: 613 milliseconds\nBuild info: version: '3.141.59', revision: 'e82be7d358', time: '2018-11-14T08:17:03'\nSystem info: host: 'fv-az184', ip: '10.1.0.4', os.name: 'Linux', os.arch: 'amd64', os.version: '5.3.0-1034-azure', java.version: '1.8.0_265'\nDriver info: driver.version: SelenideDriver",
        "time" : {
          "start" : 1598010017633,
          "stop" : 1598010018294,
          "duration" : 661
        }
      }, {
        "uid" : "3fd3f3e88eb4d4d9",
        "reportUrl" : "https://simple-elf.github.io/qabattle-selenide/64//#testresult/3fd3f3e88eb4d4d9",
        "status" : "broken",
        "statusDetails" : "org.openqa.selenium.WebDriverException: start video container: create video container: Error response from daemon: create \"/home/runner/work/qabattle-selenide/qabattle-selenide/opt\": \"\\\"/home/runner/work/qabattle-selenide/qabattle-selenide/opt\\\"\" includes invalid characters for a local volume name, only \"[a-zA-Z0-9][a-zA-Z0-9_.-]\" are allowed. If you intended to pass a host directory, use absolute path (WARNING: The server did not provide any stacktrace information)\nCommand duration or timeout: 588 milliseconds\nBuild info: version: '3.141.59', revision: 'e82be7d358', time: '2018-11-14T08:17:03'\nSystem info: host: 'fv-az60', ip: '10.1.0.4', os.name: 'Linux', os.arch: 'amd64', os.version: '5.3.0-1034-azure', java.version: '1.8.0_265'\nDriver info: driver.version: SelenideDriver",
        "time" : {
          "start" : 1598009267557,
          "stop" : 1598009268194,
          "duration" : 637
        }
      }, {
        "uid" : "f1648343c48e7dbc",
        "reportUrl" : "https://simple-elf.github.io/qabattle-selenide/63//#testresult/f1648343c48e7dbc",
        "status" : "broken",
        "statusDetails" : "org.openqa.selenium.WebDriverException: start video container: create video container: Error response from daemon: create \"/home/runner/work/qabattle-selenide/qabattle-selenide/opt\": \"\\\"/home/runner/work/qabattle-selenide/qabattle-selenide/opt\\\"\" includes invalid characters for a local volume name, only \"[a-zA-Z0-9][a-zA-Z0-9_.-]\" are allowed. If you intended to pass a host directory, use absolute path (WARNING: The server did not provide any stacktrace information)\nCommand duration or timeout: 565 milliseconds\nBuild info: version: '3.141.59', revision: 'e82be7d358', time: '2018-11-14T08:17:03'\nSystem info: host: 'fv-az195', ip: '10.1.0.4', os.name: 'Linux', os.arch: 'amd64', os.version: '5.3.0-1034-azure', java.version: '1.8.0_265'\nDriver info: driver.version: SelenideDriver",
        "time" : {
          "start" : 1598007141032,
          "stop" : 1598007141620,
          "duration" : 588
        }
      }, {
        "uid" : "559759148e989601",
        "reportUrl" : "https://simple-elf.github.io/qabattle-selenide/62//#testresult/559759148e989601",
        "status" : "failed",
        "statusDetails" : "Element should hidden {img[src='sign.png']}\nElement: '<img src=\"sign.png\"></img>'\nTimeout: 4 s.",
        "time" : {
          "start" : 1597989619626,
          "stop" : 1597989635242,
          "duration" : 15616
        }
      } ]
    },
    "tags" : [ ]
  },
  "source" : "14db804a46062bd8.json",
  "parameterValues" : [ ]
}