{
  "uid" : "99f06e400740445d",
  "name" : "Проверка скачивания описания статьи",
  "fullName" : "com.test.qabattle.tests.ArticlesTest.downloadArticleTest",
  "historyId" : "ea952d3fcdd235bdc059859bb8889b1d",
  "time" : {
    "start" : 1598011481557,
    "stop" : 1598011481560,
    "duration" : 3
  },
  "status" : "skipped",
  "statusMessage" : "org.openqa.selenium.WebDriverException: start video container: create video container: Error response from daemon: create \"/home/runner/work/qabattle-selenide/qabattle-selenide/opt\": \"\\\"/home/runner/work/qabattle-selenide/qabattle-selenide/opt\\\"\" includes invalid characters for a local volume name, only \"[a-zA-Z0-9][a-zA-Z0-9_.-]\" are allowed. If you intended to pass a host directory, use absolute path (WARNING: The server did not provide any stacktrace information)\nCommand duration or timeout: 3.88 seconds\nBuild info: version: '3.141.59', revision: 'e82be7d358', time: '2018-11-14T08:17:03'\nSystem info: host: 'fv-az151', ip: '10.1.0.4', os.name: 'Linux', os.arch: 'amd64', os.version: '5.3.0-1034-azure', java.version: '1.8.0_265'\nDriver info: driver.version: SelenideDriver",
  "statusTrace" : "java.lang.IllegalArgumentException: org.openqa.selenium.WebDriverException: start video container: create video container: Error response from daemon: create \"/home/runner/work/qabattle-selenide/qabattle-selenide/opt\": \"\\\"/home/runner/work/qabattle-selenide/qabattle-selenide/opt\\\"\" includes invalid characters for a local volume name, only \"[a-zA-Z0-9][a-zA-Z0-9_.-]\" are allowed. If you intended to pass a host directory, use absolute path (WARNING: The server did not provide any stacktrace information)\nCommand duration or timeout: 3.88 seconds\nBuild info: version: '3.141.59', revision: 'e82be7d358', time: '2018-11-14T08:17:03'\nSystem info: host: 'fv-az151', ip: '10.1.0.4', os.name: 'Linux', os.arch: 'amd64', os.version: '5.3.0-1034-azure', java.version: '1.8.0_265'\nDriver info: driver.version: SelenideDriver\n\tat com.codeborne.selenide.webdriver.AbstractDriverFactory.createInstanceOf(AbstractDriverFactory.java:49)\n\tat com.codeborne.selenide.webdriver.DefaultDriverFactory.create(DefaultDriverFactory.java:16)\n\tat com.codeborne.selenide.webdriver.WebDriverFactory.lambda$createWebDriver$2(WebDriverFactory.java:52)\n\tat java.util.Optional.orElseGet(Optional.java:267)\n\tat com.codeborne.selenide.webdriver.WebDriverFactory.createWebDriver(WebDriverFactory.java:52)\n\tat com.codeborne.selenide.drivercommands.CreateDriverCommand.createDriver(CreateDriverCommand.java:39)\n\tat com.codeborne.selenide.impl.WebDriverThreadLocalContainer.createDriver(WebDriverThreadLocalContainer.java:126)\n\tat com.codeborne.selenide.impl.WebDriverThreadLocalContainer.getAndCheckWebDriver(WebDriverThreadLocalContainer.java:120)\n\tat com.codeborne.selenide.WebDriverRunner.getAndCheckWebDriver(WebDriverRunner.java:89)\n\tat com.codeborne.selenide.impl.StaticDriver.getAndCheckWebDriver(StaticDriver.java:47)\n\tat com.codeborne.selenide.SelenideDriver.getAndCheckWebDriver(SelenideDriver.java:150)\n\tat com.codeborne.selenide.drivercommands.Navigator.navigateTo(Navigator.java:65)\n\tat com.codeborne.selenide.drivercommands.Navigator.open(Navigator.java:28)\n\tat com.codeborne.selenide.SelenideDriver.open(SelenideDriver.java:66)\n\tat com.codeborne.selenide.Selenide.open(Selenide.java:41)\n\tat com.test.qabattle.pages.LoginForm.openLoginForm(LoginForm.java:35)\n\tat com.test.qabattle.tests.ArticlesTest.beforeTest(ArticlesTest.java:22)\n\tat sun.reflect.NativeMethodAccessorImpl.invoke0(Native Method)\n\tat sun.reflect.NativeMethodAccessorImpl.invoke(NativeMethodAccessorImpl.java:62)\n\tat sun.reflect.DelegatingMethodAccessorImpl.invoke(DelegatingMethodAccessorImpl.java:43)\n\tat java.lang.reflect.Method.invoke(Method.java:498)\n\tat org.testng.internal.MethodInvocationHelper.invokeMethod(MethodInvocationHelper.java:124)\n\tat org.testng.internal.MethodInvocationHelper.invokeMethodConsideringTimeout(MethodInvocationHelper.java:59)\n\tat org.testng.internal.Invoker.invokeConfigurationMethod(Invoker.java:458)\n\tat org.testng.internal.Invoker.invokeConfigurations(Invoker.java:222)\n\tat org.testng.internal.Invoker.invokeMethod(Invoker.java:523)\n\tat org.testng.internal.Invoker.invokeTestMethod(Invoker.java:719)\n\tat org.testng.internal.Invoker.invokeTestMethods(Invoker.java:989)\n\tat org.testng.internal.TestMethodWorker.invokeTestMethods(TestMethodWorker.java:125)\n\tat org.testng.internal.TestMethodWorker.run(TestMethodWorker.java:109)\n\tat org.testng.TestRunner.privateRun(TestRunner.java:648)\n\tat org.testng.TestRunner.run(TestRunner.java:505)\n\tat org.testng.SuiteRunner.runTest(SuiteRunner.java:455)\n\tat org.testng.SuiteRunner.runSequentially(SuiteRunner.java:450)\n\tat org.testng.SuiteRunner.privateRun(SuiteRunner.java:415)\n\tat org.testng.SuiteRunner.run(SuiteRunner.java:364)\n\tat org.testng.SuiteRunnerWorker.runSuite(SuiteRunnerWorker.java:52)\n\tat org.testng.SuiteRunnerWorker.run(SuiteRunnerWorker.java:84)\n\tat org.testng.TestNG.runSuitesSequentially(TestNG.java:1208)\n\tat org.testng.TestNG.runSuitesLocally(TestNG.java:1137)\n\tat org.testng.TestNG.runSuites(TestNG.java:1049)\n\tat org.testng.TestNG.run(TestNG.java:1017)\n\tat org.apache.maven.surefire.testng.TestNGExecutor.run(TestNGExecutor.java:135)\n\tat org.apache.maven.surefire.testng.TestNGDirectoryTestSuite.executeMulti(TestNGDirectoryTestSuite.java:193)\n\tat org.apache.maven.surefire.testng.TestNGDirectoryTestSuite.execute(TestNGDirectoryTestSuite.java:94)\n\tat org.apache.maven.surefire.testng.TestNGProvider.invoke(TestNGProvider.java:146)\n\tat org.apache.maven.surefire.booter.ForkedBooter.invokeProviderInSameClassLoader(ForkedBooter.java:379)\n\tat org.apache.maven.surefire.booter.ForkedBooter.runSuitesInProcess(ForkedBooter.java:340)\n\tat org.apache.maven.surefire.booter.ForkedBooter.execute(ForkedBooter.java:125)\n\tat org.apache.maven.surefire.booter.ForkedBooter.main(ForkedBooter.java:413)\nCaused by: org.openqa.selenium.WebDriverException: start video container: create video container: Error response from daemon: create \"/home/runner/work/qabattle-selenide/qabattle-selenide/opt\": \"\\\"/home/runner/work/qabattle-selenide/qabattle-selenide/opt\\\"\" includes invalid characters for a local volume name, only \"[a-zA-Z0-9][a-zA-Z0-9_.-]\" are allowed. If you intended to pass a host directory, use absolute path (WARNING: The server did not provide any stacktrace information)\nCommand duration or timeout: 3.88 seconds\nBuild info: version: '3.141.59', revision: 'e82be7d358', time: '2018-11-14T08:17:03'\nSystem info: host: 'fv-az151', ip: '10.1.0.4', os.name: 'Linux', os.arch: 'amd64', os.version: '5.3.0-1034-azure', java.version: '1.8.0_265'\nDriver info: driver.version: SelenideDriver\n\tat sun.reflect.NativeConstructorAccessorImpl.newInstance0(Native Method)\n\tat sun.reflect.NativeConstructorAccessorImpl.newInstance(NativeConstructorAccessorImpl.java:62)\n\tat sun.reflect.DelegatingConstructorAccessorImpl.newInstance(DelegatingConstructorAccessorImpl.java:45)\n\tat java.lang.reflect.Constructor.newInstance(Constructor.java:423)\n\tat org.openqa.selenium.remote.ErrorHandler.createThrowable(ErrorHandler.java:214)\n\tat org.openqa.selenium.remote.ErrorHandler.throwIfResponseFailed(ErrorHandler.java:166)\n\tat org.openqa.selenium.remote.JsonWireProtocolResponse.lambda$errorHandler$0(JsonWireProtocolResponse.java:54)\n\tat org.openqa.selenium.remote.HandshakeResponse.lambda$getResponseFunction$0(HandshakeResponse.java:30)\n\tat org.openqa.selenium.remote.ProtocolHandshake.lambda$createSession$0(ProtocolHandshake.java:126)\n\tat java.util.stream.ReferencePipeline$3$1.accept(ReferencePipeline.java:193)\n\tat java.util.Spliterators$ArraySpliterator.tryAdvance(Spliterators.java:958)\n\tat java.util.stream.ReferencePipeline.forEachWithCancel(ReferencePipeline.java:126)\n\tat java.util.stream.AbstractPipeline.copyIntoWithCancel(AbstractPipeline.java:499)\n\tat java.util.stream.AbstractPipeline.copyInto(AbstractPipeline.java:486)\n\tat java.util.stream.AbstractPipeline.wrapAndCopyInto(AbstractPipeline.java:472)\n\tat java.util.stream.FindOps$FindOp.evaluateSequential(FindOps.java:152)\n\tat java.util.stream.AbstractPipeline.evaluate(AbstractPipeline.java:234)\n\tat java.util.stream.ReferencePipeline.findFirst(ReferencePipeline.java:531)\n\tat org.openqa.selenium.remote.ProtocolHandshake.createSession(ProtocolHandshake.java:128)\n\tat org.openqa.selenium.remote.ProtocolHandshake.createSession(ProtocolHandshake.java:74)\n\tat org.openqa.selenium.remote.HttpCommandExecutor.execute(HttpCommandExecutor.java:136)\n\tat org.openqa.selenium.remote.RemoteWebDriver.execute(RemoteWebDriver.java:552)\n\tat org.openqa.selenium.remote.RemoteWebDriver.startSession(RemoteWebDriver.java:213)\n\tat org.openqa.selenium.remote.RemoteWebDriver.<init>(RemoteWebDriver.java:131)\n\tat org.openqa.selenium.remote.RemoteWebDriver.<init>(RemoteWebDriver.java:144)\n\tat com.test.qabattle.lib.MyRemoteWebDriverClass.createDriver(MyRemoteWebDriverClass.java:38)\n\tat com.codeborne.selenide.webdriver.AbstractDriverFactory.createInstanceOf(AbstractDriverFactory.java:41)\n\t... 49 more\n",
  "flaky" : false,
  "newFailed" : false,
  "beforeStages" : [ {
    "name" : "beforeClass",
    "time" : {
      "start" : 1598011476056,
      "stop" : 1598011476086,
      "duration" : 30
    },
    "description" : "",
    "status" : "passed",
    "steps" : [ ],
    "attachments" : [ ],
    "parameters" : [ ],
    "stepsCount" : 0,
    "attachmentsCount" : 0,
    "shouldDisplayMessage" : false,
    "hasContent" : false
  }, {
    "name" : "beforeTest",
    "time" : {
      "start" : 1598011476099,
      "stop" : 1598011481317,
      "duration" : 5218
    },
    "description" : "",
    "status" : "broken",
    "statusMessage" : "org.openqa.selenium.WebDriverException: start video container: create video container: Error response from daemon: create \"/home/runner/work/qabattle-selenide/qabattle-selenide/opt\": \"\\\"/home/runner/work/qabattle-selenide/qabattle-selenide/opt\\\"\" includes invalid characters for a local volume name, only \"[a-zA-Z0-9][a-zA-Z0-9_.-]\" are allowed. If you intended to pass a host directory, use absolute path (WARNING: The server did not provide any stacktrace information)\nCommand duration or timeout: 3.88 seconds\nBuild info: version: '3.141.59', revision: 'e82be7d358', time: '2018-11-14T08:17:03'\nSystem info: host: 'fv-az151', ip: '10.1.0.4', os.name: 'Linux', os.arch: 'amd64', os.version: '5.3.0-1034-azure', java.version: '1.8.0_265'\nDriver info: driver.version: SelenideDriver",
    "statusTrace" : "java.lang.IllegalArgumentException: org.openqa.selenium.WebDriverException: start video container: create video container: Error response from daemon: create \"/home/runner/work/qabattle-selenide/qabattle-selenide/opt\": \"\\\"/home/runner/work/qabattle-selenide/qabattle-selenide/opt\\\"\" includes invalid characters for a local volume name, only \"[a-zA-Z0-9][a-zA-Z0-9_.-]\" are allowed. If you intended to pass a host directory, use absolute path (WARNING: The server did not provide any stacktrace information)\nCommand duration or timeout: 3.88 seconds\nBuild info: version: '3.141.59', revision: 'e82be7d358', time: '2018-11-14T08:17:03'\nSystem info: host: 'fv-az151', ip: '10.1.0.4', os.name: 'Linux', os.arch: 'amd64', os.version: '5.3.0-1034-azure', java.version: '1.8.0_265'\nDriver info: driver.version: SelenideDriver\n\tat com.codeborne.selenide.webdriver.AbstractDriverFactory.createInstanceOf(AbstractDriverFactory.java:49)\n\tat com.codeborne.selenide.webdriver.DefaultDriverFactory.create(DefaultDriverFactory.java:16)\n\tat com.codeborne.selenide.webdriver.WebDriverFactory.lambda$createWebDriver$2(WebDriverFactory.java:52)\n\tat java.util.Optional.orElseGet(Optional.java:267)\n\tat com.codeborne.selenide.webdriver.WebDriverFactory.createWebDriver(WebDriverFactory.java:52)\n\tat com.codeborne.selenide.drivercommands.CreateDriverCommand.createDriver(CreateDriverCommand.java:39)\n\tat com.codeborne.selenide.impl.WebDriverThreadLocalContainer.createDriver(WebDriverThreadLocalContainer.java:126)\n\tat com.codeborne.selenide.impl.WebDriverThreadLocalContainer.getAndCheckWebDriver(WebDriverThreadLocalContainer.java:120)\n\tat com.codeborne.selenide.WebDriverRunner.getAndCheckWebDriver(WebDriverRunner.java:89)\n\tat com.codeborne.selenide.impl.StaticDriver.getAndCheckWebDriver(StaticDriver.java:47)\n\tat com.codeborne.selenide.SelenideDriver.getAndCheckWebDriver(SelenideDriver.java:150)\n\tat com.codeborne.selenide.drivercommands.Navigator.navigateTo(Navigator.java:65)\n\tat com.codeborne.selenide.drivercommands.Navigator.open(Navigator.java:28)\n\tat com.codeborne.selenide.SelenideDriver.open(SelenideDriver.java:66)\n\tat com.codeborne.selenide.Selenide.open(Selenide.java:41)\n\tat com.test.qabattle.pages.LoginForm.openLoginForm(LoginForm.java:35)\n\tat com.test.qabattle.tests.ArticlesTest.beforeTest(ArticlesTest.java:22)\n\tat sun.reflect.NativeMethodAccessorImpl.invoke0(Native Method)\n\tat sun.reflect.NativeMethodAccessorImpl.invoke(NativeMethodAccessorImpl.java:62)\n\tat sun.reflect.DelegatingMethodAccessorImpl.invoke(DelegatingMethodAccessorImpl.java:43)\n\tat java.lang.reflect.Method.invoke(Method.java:498)\n\tat org.testng.internal.MethodInvocationHelper.invokeMethod(MethodInvocationHelper.java:124)\n\tat org.testng.internal.MethodInvocationHelper.invokeMethodConsideringTimeout(MethodInvocationHelper.java:59)\n\tat org.testng.internal.Invoker.invokeConfigurationMethod(Invoker.java:458)\n\tat org.testng.internal.Invoker.invokeConfigurations(Invoker.java:222)\n\tat org.testng.internal.Invoker.invokeMethod(Invoker.java:523)\n\tat org.testng.internal.Invoker.invokeTestMethod(Invoker.java:719)\n\tat org.testng.internal.Invoker.invokeTestMethods(Invoker.java:989)\n\tat org.testng.internal.TestMethodWorker.invokeTestMethods(TestMethodWorker.java:125)\n\tat org.testng.internal.TestMethodWorker.run(TestMethodWorker.java:109)\n\tat org.testng.TestRunner.privateRun(TestRunner.java:648)\n\tat org.testng.TestRunner.run(TestRunner.java:505)\n\tat org.testng.SuiteRunner.runTest(SuiteRunner.java:455)\n\tat org.testng.SuiteRunner.runSequentially(SuiteRunner.java:450)\n\tat org.testng.SuiteRunner.privateRun(SuiteRunner.java:415)\n\tat org.testng.SuiteRunner.run(SuiteRunner.java:364)\n\tat org.testng.SuiteRunnerWorker.runSuite(SuiteRunnerWorker.java:52)\n\tat org.testng.SuiteRunnerWorker.run(SuiteRunnerWorker.java:84)\n\tat org.testng.TestNG.runSuitesSequentially(TestNG.java:1208)\n\tat org.testng.TestNG.runSuitesLocally(TestNG.java:1137)\n\tat org.testng.TestNG.runSuites(TestNG.java:1049)\n\tat org.testng.TestNG.run(TestNG.java:1017)\n\tat org.apache.maven.surefire.testng.TestNGExecutor.run(TestNGExecutor.java:135)\n\tat org.apache.maven.surefire.testng.TestNGDirectoryTestSuite.executeMulti(TestNGDirectoryTestSuite.java:193)\n\tat org.apache.maven.surefire.testng.TestNGDirectoryTestSuite.execute(TestNGDirectoryTestSuite.java:94)\n\tat org.apache.maven.surefire.testng.TestNGProvider.invoke(TestNGProvider.java:146)\n\tat org.apache.maven.surefire.booter.ForkedBooter.invokeProviderInSameClassLoader(ForkedBooter.java:379)\n\tat org.apache.maven.surefire.booter.ForkedBooter.runSuitesInProcess(ForkedBooter.java:340)\n\tat org.apache.maven.surefire.booter.ForkedBooter.execute(ForkedBooter.java:125)\n\tat org.apache.maven.surefire.booter.ForkedBooter.main(ForkedBooter.java:413)\nCaused by: org.openqa.selenium.WebDriverException: start video container: create video container: Error response from daemon: create \"/home/runner/work/qabattle-selenide/qabattle-selenide/opt\": \"\\\"/home/runner/work/qabattle-selenide/qabattle-selenide/opt\\\"\" includes invalid characters for a local volume name, only \"[a-zA-Z0-9][a-zA-Z0-9_.-]\" are allowed. If you intended to pass a host directory, use absolute path (WARNING: The server did not provide any stacktrace information)\nCommand duration or timeout: 3.88 seconds\nBuild info: version: '3.141.59', revision: 'e82be7d358', time: '2018-11-14T08:17:03'\nSystem info: host: 'fv-az151', ip: '10.1.0.4', os.name: 'Linux', os.arch: 'amd64', os.version: '5.3.0-1034-azure', java.version: '1.8.0_265'\nDriver info: driver.version: SelenideDriver\n\tat sun.reflect.NativeConstructorAccessorImpl.newInstance0(Native Method)\n\tat sun.reflect.NativeConstructorAccessorImpl.newInstance(NativeConstructorAccessorImpl.java:62)\n\tat sun.reflect.DelegatingConstructorAccessorImpl.newInstance(DelegatingConstructorAccessorImpl.java:45)\n\tat java.lang.reflect.Constructor.newInstance(Constructor.java:423)\n\tat org.openqa.selenium.remote.ErrorHandler.createThrowable(ErrorHandler.java:214)\n\tat org.openqa.selenium.remote.ErrorHandler.throwIfResponseFailed(ErrorHandler.java:166)\n\tat org.openqa.selenium.remote.JsonWireProtocolResponse.lambda$errorHandler$0(JsonWireProtocolResponse.java:54)\n\tat org.openqa.selenium.remote.HandshakeResponse.lambda$getResponseFunction$0(HandshakeResponse.java:30)\n\tat org.openqa.selenium.remote.ProtocolHandshake.lambda$createSession$0(ProtocolHandshake.java:126)\n\tat java.util.stream.ReferencePipeline$3$1.accept(ReferencePipeline.java:193)\n\tat java.util.Spliterators$ArraySpliterator.tryAdvance(Spliterators.java:958)\n\tat java.util.stream.ReferencePipeline.forEachWithCancel(ReferencePipeline.java:126)\n\tat java.util.stream.AbstractPipeline.copyIntoWithCancel(AbstractPipeline.java:499)\n\tat java.util.stream.AbstractPipeline.copyInto(AbstractPipeline.java:486)\n\tat java.util.stream.AbstractPipeline.wrapAndCopyInto(AbstractPipeline.java:472)\n\tat java.util.stream.FindOps$FindOp.evaluateSequential(FindOps.java:152)\n\tat java.util.stream.AbstractPipeline.evaluate(AbstractPipeline.java:234)\n\tat java.util.stream.ReferencePipeline.findFirst(ReferencePipeline.java:531)\n\tat org.openqa.selenium.remote.ProtocolHandshake.createSession(ProtocolHandshake.java:128)\n\tat org.openqa.selenium.remote.ProtocolHandshake.createSession(ProtocolHandshake.java:74)\n\tat org.openqa.selenium.remote.HttpCommandExecutor.execute(HttpCommandExecutor.java:136)\n\tat org.openqa.selenium.remote.RemoteWebDriver.execute(RemoteWebDriver.java:552)\n\tat org.openqa.selenium.remote.RemoteWebDriver.startSession(RemoteWebDriver.java:213)\n\tat org.openqa.selenium.remote.RemoteWebDriver.<init>(RemoteWebDriver.java:131)\n\tat org.openqa.selenium.remote.RemoteWebDriver.<init>(RemoteWebDriver.java:144)\n\tat com.test.qabattle.lib.MyRemoteWebDriverClass.createDriver(MyRemoteWebDriverClass.java:38)\n\tat com.codeborne.selenide.webdriver.AbstractDriverFactory.createInstanceOf(AbstractDriverFactory.java:41)\n\t... 49 more\n",
    "steps" : [ {
      "name" : "$(div.card-body) $(h6)",
      "time" : {
        "start" : 1598011476240,
        "stop" : 1598011476275,
        "duration" : 35
      },
      "status" : "passed",
      "steps" : [ ],
      "attachments" : [ ],
      "parameters" : [ ],
      "stepsCount" : 0,
      "attachmentsCount" : 0,
      "shouldDisplayMessage" : false,
      "hasContent" : false
    }, {
      "name" : "Открыть страницу логина",
      "time" : {
        "start" : 1598011476323
      },
      "status" : "unknown",
      "steps" : [ {
        "name" : "$(open) http://qabattle:8080/index.html",
        "time" : {
          "start" : 1598011476325,
          "stop" : 1598011481316,
          "duration" : 4991
        },
        "status" : "broken",
        "statusMessage" : "org.openqa.selenium.WebDriverException: start video container: create video container: Error response from daemon: create \"/home/runner/work/qabattle-selenide/qabattle-selenide/opt\": \"\\\"/home/runner/work/qabattle-selenide/qabattle-selenide/opt\\\"\" includes invalid characters for a local volume name, only \"[a-zA-Z0-9][a-zA-Z0-9_.-]\" are allowed. If you intended to pass a host directory, use absolute path (WARNING: The server did not provide any stacktrace information)\nCommand duration or timeout: 3.88 seconds\nBuild info: version: '3.141.59', revision: 'e82be7d358', time: '2018-11-14T08:17:03'\nSystem info: host: 'fv-az151', ip: '10.1.0.4', os.name: 'Linux', os.arch: 'amd64', os.version: '5.3.0-1034-azure', java.version: '1.8.0_265'\nDriver info: driver.version: SelenideDriver",
        "statusTrace" : "java.lang.IllegalArgumentException: org.openqa.selenium.WebDriverException: start video container: create video container: Error response from daemon: create \"/home/runner/work/qabattle-selenide/qabattle-selenide/opt\": \"\\\"/home/runner/work/qabattle-selenide/qabattle-selenide/opt\\\"\" includes invalid characters for a local volume name, only \"[a-zA-Z0-9][a-zA-Z0-9_.-]\" are allowed. If you intended to pass a host directory, use absolute path (WARNING: The server did not provide any stacktrace information)\nCommand duration or timeout: 3.88 seconds\nBuild info: version: '3.141.59', revision: 'e82be7d358', time: '2018-11-14T08:17:03'\nSystem info: host: 'fv-az151', ip: '10.1.0.4', os.name: 'Linux', os.arch: 'amd64', os.version: '5.3.0-1034-azure', java.version: '1.8.0_265'\nDriver info: driver.version: SelenideDriver\n\tat com.codeborne.selenide.webdriver.AbstractDriverFactory.createInstanceOf(AbstractDriverFactory.java:49)\n\tat com.codeborne.selenide.webdriver.DefaultDriverFactory.create(DefaultDriverFactory.java:16)\n\tat com.codeborne.selenide.webdriver.WebDriverFactory.lambda$createWebDriver$2(WebDriverFactory.java:52)\n\tat java.util.Optional.orElseGet(Optional.java:267)\n\tat com.codeborne.selenide.webdriver.WebDriverFactory.createWebDriver(WebDriverFactory.java:52)\n\tat com.codeborne.selenide.drivercommands.CreateDriverCommand.createDriver(CreateDriverCommand.java:39)\n\tat com.codeborne.selenide.impl.WebDriverThreadLocalContainer.createDriver(WebDriverThreadLocalContainer.java:126)\n\tat com.codeborne.selenide.impl.WebDriverThreadLocalContainer.getAndCheckWebDriver(WebDriverThreadLocalContainer.java:120)\n\tat com.codeborne.selenide.WebDriverRunner.getAndCheckWebDriver(WebDriverRunner.java:89)\n\tat com.codeborne.selenide.impl.StaticDriver.getAndCheckWebDriver(StaticDriver.java:47)\n\tat com.codeborne.selenide.SelenideDriver.getAndCheckWebDriver(SelenideDriver.java:150)\n\tat com.codeborne.selenide.drivercommands.Navigator.navigateTo(Navigator.java:65)\n\tat com.codeborne.selenide.drivercommands.Navigator.open(Navigator.java:28)\n\tat com.codeborne.selenide.SelenideDriver.open(SelenideDriver.java:66)\n\tat com.codeborne.selenide.Selenide.open(Selenide.java:41)\n\tat com.test.qabattle.pages.LoginForm.openLoginForm(LoginForm.java:35)\n\tat com.test.qabattle.tests.ArticlesTest.beforeTest(ArticlesTest.java:22)\n\tat sun.reflect.NativeMethodAccessorImpl.invoke0(Native Method)\n\tat sun.reflect.NativeMethodAccessorImpl.invoke(NativeMethodAccessorImpl.java:62)\n\tat sun.reflect.DelegatingMethodAccessorImpl.invoke(DelegatingMethodAccessorImpl.java:43)\n\tat java.lang.reflect.Method.invoke(Method.java:498)\n\tat org.testng.internal.MethodInvocationHelper.invokeMethod(MethodInvocationHelper.java:124)\n\tat org.testng.internal.MethodInvocationHelper.invokeMethodConsideringTimeout(MethodInvocationHelper.java:59)\n\tat org.testng.internal.Invoker.invokeConfigurationMethod(Invoker.java:458)\n\tat org.testng.internal.Invoker.invokeConfigurations(Invoker.java:222)\n\tat org.testng.internal.Invoker.invokeMethod(Invoker.java:523)\n\tat org.testng.internal.Invoker.invokeTestMethod(Invoker.java:719)\n\tat org.testng.internal.Invoker.invokeTestMethods(Invoker.java:989)\n\tat org.testng.internal.TestMethodWorker.invokeTestMethods(TestMethodWorker.java:125)\n\tat org.testng.internal.TestMethodWorker.run(TestMethodWorker.java:109)\n\tat org.testng.TestRunner.privateRun(TestRunner.java:648)\n\tat org.testng.TestRunner.run(TestRunner.java:505)\n\tat org.testng.SuiteRunner.runTest(SuiteRunner.java:455)\n\tat org.testng.SuiteRunner.runSequentially(SuiteRunner.java:450)\n\tat org.testng.SuiteRunner.privateRun(SuiteRunner.java:415)\n\tat org.testng.SuiteRunner.run(SuiteRunner.java:364)\n\tat org.testng.SuiteRunnerWorker.runSuite(SuiteRunnerWorker.java:52)\n\tat org.testng.SuiteRunnerWorker.run(SuiteRunnerWorker.java:84)\n\tat org.testng.TestNG.runSuitesSequentially(TestNG.java:1208)\n\tat org.testng.TestNG.runSuitesLocally(TestNG.java:1137)\n\tat org.testng.TestNG.runSuites(TestNG.java:1049)\n\tat org.testng.TestNG.run(TestNG.java:1017)\n\tat org.apache.maven.surefire.testng.TestNGExecutor.run(TestNGExecutor.java:135)\n\tat org.apache.maven.surefire.testng.TestNGDirectoryTestSuite.executeMulti(TestNGDirectoryTestSuite.java:193)\n\tat org.apache.maven.surefire.testng.TestNGDirectoryTestSuite.execute(TestNGDirectoryTestSuite.java:94)\n\tat org.apache.maven.surefire.testng.TestNGProvider.invoke(TestNGProvider.java:146)\n\tat org.apache.maven.surefire.booter.ForkedBooter.invokeProviderInSameClassLoader(ForkedBooter.java:379)\n\tat org.apache.maven.surefire.booter.ForkedBooter.runSuitesInProcess(ForkedBooter.java:340)\n\tat org.apache.maven.surefire.booter.ForkedBooter.execute(ForkedBooter.java:125)\n\tat org.apache.maven.surefire.booter.ForkedBooter.main(ForkedBooter.java:413)\nCaused by: org.openqa.selenium.WebDriverException: start video container: create video container: Error response from daemon: create \"/home/runner/work/qabattle-selenide/qabattle-selenide/opt\": \"\\\"/home/runner/work/qabattle-selenide/qabattle-selenide/opt\\\"\" includes invalid characters for a local volume name, only \"[a-zA-Z0-9][a-zA-Z0-9_.-]\" are allowed. If you intended to pass a host directory, use absolute path (WARNING: The server did not provide any stacktrace information)\nCommand duration or timeout: 3.88 seconds\nBuild info: version: '3.141.59', revision: 'e82be7d358', time: '2018-11-14T08:17:03'\nSystem info: host: 'fv-az151', ip: '10.1.0.4', os.name: 'Linux', os.arch: 'amd64', os.version: '5.3.0-1034-azure', java.version: '1.8.0_265'\nDriver info: driver.version: SelenideDriver\n\tat sun.reflect.NativeConstructorAccessorImpl.newInstance0(Native Method)\n\tat sun.reflect.NativeConstructorAccessorImpl.newInstance(NativeConstructorAccessorImpl.java:62)\n\tat sun.reflect.DelegatingConstructorAccessorImpl.newInstance(DelegatingConstructorAccessorImpl.java:45)\n\tat java.lang.reflect.Constructor.newInstance(Constructor.java:423)\n\tat org.openqa.selenium.remote.ErrorHandler.createThrowable(ErrorHandler.java:214)\n\tat org.openqa.selenium.remote.ErrorHandler.throwIfResponseFailed(ErrorHandler.java:166)\n\tat org.openqa.selenium.remote.JsonWireProtocolResponse.lambda$errorHandler$0(JsonWireProtocolResponse.java:54)\n\tat org.openqa.selenium.remote.HandshakeResponse.lambda$getResponseFunction$0(HandshakeResponse.java:30)\n\tat org.openqa.selenium.remote.ProtocolHandshake.lambda$createSession$0(ProtocolHandshake.java:126)\n\tat java.util.stream.ReferencePipeline$3$1.accept(ReferencePipeline.java:193)\n\tat java.util.Spliterators$ArraySpliterator.tryAdvance(Spliterators.java:958)\n\tat java.util.stream.ReferencePipeline.forEachWithCancel(ReferencePipeline.java:126)\n\tat java.util.stream.AbstractPipeline.copyIntoWithCancel(AbstractPipeline.java:499)\n\tat java.util.stream.AbstractPipeline.copyInto(AbstractPipeline.java:486)\n\tat java.util.stream.AbstractPipeline.wrapAndCopyInto(AbstractPipeline.java:472)\n\tat java.util.stream.FindOps$FindOp.evaluateSequential(FindOps.java:152)\n\tat java.util.stream.AbstractPipeline.evaluate(AbstractPipeline.java:234)\n\tat java.util.stream.ReferencePipeline.findFirst(ReferencePipeline.java:531)\n\tat org.openqa.selenium.remote.ProtocolHandshake.createSession(ProtocolHandshake.java:128)\n\tat org.openqa.selenium.remote.ProtocolHandshake.createSession(ProtocolHandshake.java:74)\n\tat org.openqa.selenium.remote.HttpCommandExecutor.execute(HttpCommandExecutor.java:136)\n\tat org.openqa.selenium.remote.RemoteWebDriver.execute(RemoteWebDriver.java:552)\n\tat org.openqa.selenium.remote.RemoteWebDriver.startSession(RemoteWebDriver.java:213)\n\tat org.openqa.selenium.remote.RemoteWebDriver.<init>(RemoteWebDriver.java:131)\n\tat org.openqa.selenium.remote.RemoteWebDriver.<init>(RemoteWebDriver.java:144)\n\tat com.test.qabattle.lib.MyRemoteWebDriverClass.createDriver(MyRemoteWebDriverClass.java:38)\n\tat com.codeborne.selenide.webdriver.AbstractDriverFactory.createInstanceOf(AbstractDriverFactory.java:41)\n\t... 49 more\n",
        "steps" : [ {
          "name" : "RemoteDriver error: start video container: create video container: Error response from daemon: create \"/home/runner/work/qabattle-selenide/qabattle-selenide/opt\": \"\\\"/home/runner/work/qabattle-selenide/qabattle-selenide/opt\\\"\" includes invalid characters for a local volume name, only \"[a-zA-Z0-9][a-zA-Z0-9_.-]\" are allowed. If you intended to pass a host directory, use absolute path (WARNING: The server did not provide any stacktrace information)\nCommand duration or timeout: 3.88 seconds\nBuild info: version: '3.141.59', revision: 'e82be7d358', time: '2018-11-14T08:17:03'\nSystem info: host: 'fv-az151', ip: '10.1.0.4', os.name: 'Linux', os.arch: 'amd64', os.version: '5.3.0-1034-azure', java.version: '1.8.0_265'\nDriver info: driver.version: SelenideDriver",
          "time" : {
            "start" : 1598011481305,
            "stop" : 1598011481305,
            "duration" : 0
          },
          "status" : "failed",
          "steps" : [ ],
          "attachments" : [ ],
          "parameters" : [ ],
          "stepsCount" : 0,
          "attachmentsCount" : 0,
          "shouldDisplayMessage" : false,
          "hasContent" : false
        } ],
        "attachments" : [ ],
        "parameters" : [ ],
        "stepsCount" : 1,
        "attachmentsCount" : 0,
        "shouldDisplayMessage" : true,
        "hasContent" : true
      } ],
      "attachments" : [ ],
      "parameters" : [ ],
      "stepsCount" : 2,
      "attachmentsCount" : 0,
      "shouldDisplayMessage" : false,
      "hasContent" : true
    } ],
    "attachments" : [ ],
    "parameters" : [ ],
    "stepsCount" : 4,
    "attachmentsCount" : 0,
    "shouldDisplayMessage" : false,
    "hasContent" : true
  } ],
  "afterStages" : [ ],
  "labels" : [ {
    "name" : "package",
    "value" : "com.test.qabattle.tests.ArticlesTest"
  }, {
    "name" : "testClass",
    "value" : "com.test.qabattle.tests.ArticlesTest"
  }, {
    "name" : "testMethod",
    "value" : "downloadArticleTest"
  }, {
    "name" : "parentSuite",
    "value" : "Surefire suite"
  }, {
    "name" : "suite",
    "value" : "Surefire test"
  }, {
    "name" : "subSuite",
    "value" : "com.test.qabattle.tests.ArticlesTest"
  }, {
    "name" : "host",
    "value" : "fv-az151"
  }, {
    "name" : "thread",
    "value" : "5022@fv-az151.main(1)"
  }, {
    "name" : "framework",
    "value" : "testng"
  }, {
    "name" : "language",
    "value" : "java"
  }, {
    "name" : "feature",
    "value" : "Главная страница"
  }, {
    "name" : "resultFormat",
    "value" : "allure2"
  } ],
  "parameters" : [ ],
  "links" : [ ],
  "hidden" : false,
  "retry" : false,
  "extra" : {
    "severity" : "normal",
    "retries" : [ ],
    "categories" : [ ],
    "history" : {
      "statistic" : {
        "failed" : 0,
        "broken" : 0,
        "skipped" : 4,
        "passed" : 1,
        "unknown" : 0,
        "total" : 5
      },
      "items" : [ {
        "uid" : "b6cc175b3b728293",
        "reportUrl" : "https://simple-elf.github.io/qabattle-selenide/65//#testresult/b6cc175b3b728293",
        "status" : "skipped",
        "statusDetails" : "org.openqa.selenium.WebDriverException: start video container: create video container: Error response from daemon: create \"/home/runner/work/qabattle-selenide/qabattle-selenide/opt\": \"\\\"/home/runner/work/qabattle-selenide/qabattle-selenide/opt\\\"\" includes invalid characters for a local volume name, only \"[a-zA-Z0-9][a-zA-Z0-9_.-]\" are allowed. If you intended to pass a host directory, use absolute path (WARNING: The server did not provide any stacktrace information)\nCommand duration or timeout: 3.81 seconds\nBuild info: version: '3.141.59', revision: 'e82be7d358', time: '2018-11-14T08:17:03'\nSystem info: host: 'fv-az184', ip: '10.1.0.4', os.name: 'Linux', os.arch: 'amd64', os.version: '5.3.0-1034-azure', java.version: '1.8.0_265'\nDriver info: driver.version: SelenideDriver",
        "time" : {
          "start" : 1598010017604,
          "stop" : 1598010017605,
          "duration" : 1
        }
      }, {
        "uid" : "86de053993083a04",
        "reportUrl" : "https://simple-elf.github.io/qabattle-selenide/64//#testresult/86de053993083a04",
        "status" : "skipped",
        "statusDetails" : "org.openqa.selenium.WebDriverException: start video container: create video container: Error response from daemon: create \"/home/runner/work/qabattle-selenide/qabattle-selenide/opt\": \"\\\"/home/runner/work/qabattle-selenide/qabattle-selenide/opt\\\"\" includes invalid characters for a local volume name, only \"[a-zA-Z0-9][a-zA-Z0-9_.-]\" are allowed. If you intended to pass a host directory, use absolute path (WARNING: The server did not provide any stacktrace information)\nCommand duration or timeout: 3.96 seconds\nBuild info: version: '3.141.59', revision: 'e82be7d358', time: '2018-11-14T08:17:03'\nSystem info: host: 'fv-az60', ip: '10.1.0.4', os.name: 'Linux', os.arch: 'amd64', os.version: '5.3.0-1034-azure', java.version: '1.8.0_265'\nDriver info: driver.version: SelenideDriver",
        "time" : {
          "start" : 1598009267538,
          "stop" : 1598009267540,
          "duration" : 2
        }
      }, {
        "uid" : "e8f14441657f4af2",
        "reportUrl" : "https://simple-elf.github.io/qabattle-selenide/63//#testresult/e8f14441657f4af2",
        "status" : "skipped",
        "statusDetails" : "org.openqa.selenium.WebDriverException: start video container: create video container: Error response from daemon: create \"/home/runner/work/qabattle-selenide/qabattle-selenide/opt\": \"\\\"/home/runner/work/qabattle-selenide/qabattle-selenide/opt\\\"\" includes invalid characters for a local volume name, only \"[a-zA-Z0-9][a-zA-Z0-9_.-]\" are allowed. If you intended to pass a host directory, use absolute path (WARNING: The server did not provide any stacktrace information)\nCommand duration or timeout: 3.82 seconds\nBuild info: version: '3.141.59', revision: 'e82be7d358', time: '2018-11-14T08:17:03'\nSystem info: host: 'fv-az195', ip: '10.1.0.4', os.name: 'Linux', os.arch: 'amd64', os.version: '5.3.0-1034-azure', java.version: '1.8.0_265'\nDriver info: driver.version: SelenideDriver",
        "time" : {
          "start" : 1598007141007,
          "stop" : 1598007141008,
          "duration" : 1
        }
      }, {
        "uid" : "c56a61f29275af9b",
        "reportUrl" : "https://simple-elf.github.io/qabattle-selenide/62//#testresult/c56a61f29275af9b",
        "status" : "passed",
        "time" : {
          "start" : 1597989607682,
          "stop" : 1597989610405,
          "duration" : 2723
        }
      } ]
    },
    "tags" : [ ]
  },
  "source" : "99f06e400740445d.json",
  "parameterValues" : [ ]
}