{
  "uid" : "da84d4f814339b20",
  "name" : "Валидация вложенных статей",
  "fullName" : "com.test.qabattle.tests.ArticlesTest.mainPageArticlesTest",
  "historyId" : "a5590f2ba3dc02ab7475e4ca60e56a99",
  "time" : {
    "start" : 1611556507887,
    "stop" : 1611556507887,
    "duration" : 0
  },
  "status" : "skipped",
  "statusMessage" : "Requested environment is not available (WARNING: The server did not provide any stacktrace information)\nCommand duration or timeout: 4 milliseconds\nBuild info: version: '3.141.59', revision: 'e82be7d358', time: '2018-11-14T08:17:03'\nSystem info: host: 'fv-az59-707', ip: '10.1.0.4', os.name: 'Linux', os.arch: 'amd64', os.version: '5.4.0-1032-azure', java.version: '1.8.0_282'\nselenide.remote: http://127.0.0.1:4444/wd/hub\nDriver info: driver.version: SelenideDriver\nselenide.url: http://qabattle:8080/index.html\nselenide.baseUrl: http://qabattle:8080",
  "statusTrace" : "org.openqa.selenium.WebDriverException: Requested environment is not available (WARNING: The server did not provide any stacktrace information)\nCommand duration or timeout: 4 milliseconds\nBuild info: version: '3.141.59', revision: 'e82be7d358', time: '2018-11-14T08:17:03'\nSystem info: host: 'fv-az59-707', ip: '10.1.0.4', os.name: 'Linux', os.arch: 'amd64', os.version: '5.4.0-1032-azure', java.version: '1.8.0_282'\nselenide.remote: http://127.0.0.1:4444/wd/hub\nDriver info: driver.version: SelenideDriver\nselenide.url: http://qabattle:8080/index.html\nselenide.baseUrl: http://qabattle:8080\n\tat sun.reflect.NativeConstructorAccessorImpl.newInstance0(Native Method)\n\tat sun.reflect.NativeConstructorAccessorImpl.newInstance(NativeConstructorAccessorImpl.java:62)\n\tat sun.reflect.DelegatingConstructorAccessorImpl.newInstance(DelegatingConstructorAccessorImpl.java:45)\n\tat java.lang.reflect.Constructor.newInstance(Constructor.java:423)\n\tat org.openqa.selenium.remote.ErrorHandler.createThrowable(ErrorHandler.java:214)\n\tat org.openqa.selenium.remote.ErrorHandler.throwIfResponseFailed(ErrorHandler.java:166)\n\tat org.openqa.selenium.remote.JsonWireProtocolResponse.lambda$errorHandler$0(JsonWireProtocolResponse.java:54)\n\tat org.openqa.selenium.remote.HandshakeResponse.lambda$getResponseFunction$0(HandshakeResponse.java:30)\n\tat org.openqa.selenium.remote.ProtocolHandshake.lambda$createSession$0(ProtocolHandshake.java:126)\n\tat java.util.stream.ReferencePipeline$3$1.accept(ReferencePipeline.java:193)\n\tat java.util.Spliterators$ArraySpliterator.tryAdvance(Spliterators.java:958)\n\tat java.util.stream.ReferencePipeline.forEachWithCancel(ReferencePipeline.java:126)\n\tat java.util.stream.AbstractPipeline.copyIntoWithCancel(AbstractPipeline.java:499)\n\tat java.util.stream.AbstractPipeline.copyInto(AbstractPipeline.java:486)\n\tat java.util.stream.AbstractPipeline.wrapAndCopyInto(AbstractPipeline.java:472)\n\tat java.util.stream.FindOps$FindOp.evaluateSequential(FindOps.java:152)\n\tat java.util.stream.AbstractPipeline.evaluate(AbstractPipeline.java:234)\n\tat java.util.stream.ReferencePipeline.findFirst(ReferencePipeline.java:531)\n\tat org.openqa.selenium.remote.ProtocolHandshake.createSession(ProtocolHandshake.java:128)\n\tat org.openqa.selenium.remote.ProtocolHandshake.createSession(ProtocolHandshake.java:74)\n\tat org.openqa.selenium.remote.HttpCommandExecutor.execute(HttpCommandExecutor.java:136)\n\tat org.openqa.selenium.remote.RemoteWebDriver.execute(RemoteWebDriver.java:552)\n\tat org.openqa.selenium.remote.RemoteWebDriver.startSession(RemoteWebDriver.java:213)\n\tat org.openqa.selenium.remote.RemoteWebDriver.<init>(RemoteWebDriver.java:131)\n\tat org.openqa.selenium.remote.RemoteWebDriver.<init>(RemoteWebDriver.java:144)\n\tat com.codeborne.selenide.webdriver.RemoteDriverFactory.create(RemoteDriverFactory.java:17)\n\tat com.codeborne.selenide.webdriver.WebDriverFactory.createWebDriverInstance(WebDriverFactory.java:104)\n\tat com.codeborne.selenide.webdriver.WebDriverFactory.createWebDriver(WebDriverFactory.java:71)\n\tat com.codeborne.selenide.drivercommands.CreateDriverCommand.createDriver(CreateDriverCommand.java:68)\n\tat com.codeborne.selenide.impl.WebDriverThreadLocalContainer.createDriver(WebDriverThreadLocalContainer.java:153)\n\tat com.codeborne.selenide.impl.WebDriverThreadLocalContainer.getAndCheckWebDriver(WebDriverThreadLocalContainer.java:139)\n\tat com.codeborne.selenide.WebDriverRunner.getAndCheckWebDriver(WebDriverRunner.java:97)\n\tat com.codeborne.selenide.impl.StaticDriver.getAndCheckWebDriver(StaticDriver.java:62)\n\tat com.codeborne.selenide.SelenideDriver.getAndCheckWebDriver(SelenideDriver.java:189)\n\tat com.codeborne.selenide.drivercommands.Navigator.navigateTo(Navigator.java:70)\n\tat com.codeborne.selenide.drivercommands.Navigator.open(Navigator.java:32)\n\tat com.codeborne.selenide.SelenideDriver.open(SelenideDriver.java:85)\n\tat com.codeborne.selenide.Selenide.open(Selenide.java:49)\n\tat com.test.qabattle.pages.LoginForm.openLoginForm(LoginForm.java:35)\n\tat com.test.qabattle.tests.ArticlesTest.beforeTest(ArticlesTest.java:22)\n\tat sun.reflect.NativeMethodAccessorImpl.invoke0(Native Method)\n\tat sun.reflect.NativeMethodAccessorImpl.invoke(NativeMethodAccessorImpl.java:62)\n\tat sun.reflect.DelegatingMethodAccessorImpl.invoke(DelegatingMethodAccessorImpl.java:43)\n\tat java.lang.reflect.Method.invoke(Method.java:498)\n\tat org.testng.internal.MethodInvocationHelper.invokeMethod(MethodInvocationHelper.java:124)\n\tat org.testng.internal.MethodInvocationHelper.invokeMethodConsideringTimeout(MethodInvocationHelper.java:59)\n\tat org.testng.internal.Invoker.invokeConfigurationMethod(Invoker.java:458)\n\tat org.testng.internal.Invoker.invokeConfigurations(Invoker.java:222)\n\tat org.testng.internal.Invoker.invokeMethod(Invoker.java:523)\n\tat org.testng.internal.Invoker.invokeTestMethod(Invoker.java:719)\n\tat org.testng.internal.Invoker.invokeTestMethods(Invoker.java:989)\n\tat org.testng.internal.TestMethodWorker.invokeTestMethods(TestMethodWorker.java:125)\n\tat org.testng.internal.TestMethodWorker.run(TestMethodWorker.java:109)\n\tat org.testng.TestRunner.privateRun(TestRunner.java:648)\n\tat org.testng.TestRunner.run(TestRunner.java:505)\n\tat org.testng.SuiteRunner.runTest(SuiteRunner.java:455)\n\tat org.testng.SuiteRunner.runSequentially(SuiteRunner.java:450)\n\tat org.testng.SuiteRunner.privateRun(SuiteRunner.java:415)\n\tat org.testng.SuiteRunner.run(SuiteRunner.java:364)\n\tat org.testng.SuiteRunnerWorker.runSuite(SuiteRunnerWorker.java:52)\n\tat org.testng.SuiteRunnerWorker.run(SuiteRunnerWorker.java:84)\n\tat org.testng.TestNG.runSuitesSequentially(TestNG.java:1208)\n\tat org.testng.TestNG.runSuitesLocally(TestNG.java:1137)\n\tat org.testng.TestNG.runSuites(TestNG.java:1049)\n\tat org.testng.TestNG.run(TestNG.java:1017)\n\tat org.apache.maven.surefire.testng.TestNGExecutor.run(TestNGExecutor.java:135)\n\tat org.apache.maven.surefire.testng.TestNGDirectoryTestSuite.executeMulti(TestNGDirectoryTestSuite.java:193)\n\tat org.apache.maven.surefire.testng.TestNGDirectoryTestSuite.execute(TestNGDirectoryTestSuite.java:94)\n\tat org.apache.maven.surefire.testng.TestNGProvider.invoke(TestNGProvider.java:146)\n\tat org.apache.maven.surefire.booter.ForkedBooter.invokeProviderInSameClassLoader(ForkedBooter.java:379)\n\tat org.apache.maven.surefire.booter.ForkedBooter.runSuitesInProcess(ForkedBooter.java:340)\n\tat org.apache.maven.surefire.booter.ForkedBooter.execute(ForkedBooter.java:125)\n\tat org.apache.maven.surefire.booter.ForkedBooter.main(ForkedBooter.java:413)\n",
  "flaky" : false,
  "newFailed" : false,
  "beforeStages" : [ {
    "name" : "beforeClass",
    "time" : {
      "start" : 1611556507850,
      "stop" : 1611556507851,
      "duration" : 1
    },
    "description" : "",
    "status" : "passed",
    "steps" : [ ],
    "attachments" : [ ],
    "parameters" : [ ],
    "stepsCount" : 0,
    "attachmentsCount" : 0,
    "shouldDisplayMessage" : false,
    "hasContent" : false
  } ],
  "afterStages" : [ ],
  "labels" : [ {
    "name" : "package",
    "value" : "com.test.qabattle.tests.ArticlesTest"
  }, {
    "name" : "testClass",
    "value" : "com.test.qabattle.tests.ArticlesTest"
  }, {
    "name" : "testMethod",
    "value" : "mainPageArticlesTest"
  }, {
    "name" : "parentSuite",
    "value" : "Surefire suite"
  }, {
    "name" : "suite",
    "value" : "Surefire test"
  }, {
    "name" : "subSuite",
    "value" : "com.test.qabattle.tests.ArticlesTest"
  }, {
    "name" : "host",
    "value" : "fv-az59-707"
  }, {
    "name" : "thread",
    "value" : "5173@fv-az59-707.main(1)"
  }, {
    "name" : "framework",
    "value" : "testng"
  }, {
    "name" : "language",
    "value" : "java"
  }, {
    "name" : "feature",
    "value" : "Главная страница"
  }, {
    "name" : "resultFormat",
    "value" : "allure2"
  } ],
  "parameters" : [ ],
  "links" : [ ],
  "hidden" : false,
  "retry" : false,
  "extra" : {
    "severity" : "normal",
    "retries" : [ ],
    "categories" : [ ],
    "history" : {
      "statistic" : {
        "failed" : 0,
        "broken" : 0,
        "skipped" : 14,
        "passed" : 9,
        "unknown" : 0,
        "total" : 23
      },
      "items" : [ {
        "uid" : "20a7057e9af27ccf",
        "reportUrl" : "https://simple-elf.github.io/qabattle-selenide/84//#testresult/20a7057e9af27ccf",
        "status" : "skipped",
        "statusDetails" : "Requested environment is not available (WARNING: The server did not provide any stacktrace information)\nCommand duration or timeout: 3 milliseconds\nBuild info: version: '3.141.59', revision: 'e82be7d358', time: '2018-11-14T08:17:03'\nSystem info: host: 'fv-az54-685', ip: '10.1.0.4', os.name: 'Linux', os.arch: 'amd64', os.version: '5.4.0-1032-azure', java.version: '1.8.0_275'\nselenide.remote: http://127.0.0.1:4444/wd/hub\nDriver info: driver.version: SelenideDriver\nselenide.url: http://qabattle:8080/index.html\nselenide.baseUrl: http://qabattle:8080",
        "time" : {
          "start" : 1610526308926,
          "stop" : 1610526308926,
          "duration" : 0
        }
      }, {
        "uid" : "33677d1058c13f23",
        "reportUrl" : "https://simple-elf.github.io/qabattle-selenide/82//#testresult/33677d1058c13f23",
        "status" : "skipped",
        "statusDetails" : "Requested environment is not available (WARNING: The server did not provide any stacktrace information)\nCommand duration or timeout: 3 milliseconds\nBuild info: version: '3.141.59', revision: 'e82be7d358', time: '2018-11-14T08:17:03'\nSystem info: host: 'fv-az195-130', ip: '10.1.0.4', os.name: 'Linux', os.arch: 'amd64', os.version: '5.4.0-1032-azure', java.version: '1.8.0_275'\nselenide.remote: http://127.0.0.1:4444/wd/hub\nDriver info: driver.version: SelenideDriver\nselenide.url: http://qabattle:8080/index.html\nselenide.baseUrl: http://qabattle:8080",
        "time" : {
          "start" : 1610525303193,
          "stop" : 1610525303193,
          "duration" : 0
        }
      }, {
        "uid" : "8ff63ffed054a1fa",
        "reportUrl" : "https://simple-elf.github.io/qabattle-selenide/81//#testresult/8ff63ffed054a1fa",
        "status" : "passed",
        "time" : {
          "start" : 1610524411929,
          "stop" : 1610524413128,
          "duration" : 1199
        }
      }, {
        "uid" : "e3ca6809f384514e",
        "reportUrl" : "https://simple-elf.github.io/qabattle-selenide/80//#testresult/e3ca6809f384514e",
        "status" : "skipped",
        "statusDetails" : "Requested environment is not available (WARNING: The server did not provide any stacktrace information)\nCommand duration or timeout: 2 milliseconds\nBuild info: version: '3.141.59', revision: 'e82be7d358', time: '2018-11-14T08:17:03'\nSystem info: host: 'fv-az50-575', ip: '10.1.0.4', os.name: 'Linux', os.arch: 'amd64', os.version: '5.4.0-1032-azure', java.version: '1.8.0_275'\nselenide.remote: http://127.0.0.1:4444/wd/hub\nDriver info: driver.version: SelenideDriver\nselenide.url: http://qabattle:8080/index.html\nselenide.baseUrl: http://qabattle:8080",
        "time" : {
          "start" : 1610524165355,
          "stop" : 1610524165356,
          "duration" : 1
        }
      }, {
        "uid" : "470605955322c731",
        "reportUrl" : "https://simple-elf.github.io/qabattle-selenide/79//#testresult/470605955322c731",
        "status" : "passed",
        "time" : {
          "start" : 1610523922386,
          "stop" : 1610523923524,
          "duration" : 1138
        }
      }, {
        "uid" : "3934f6e875b0eddd",
        "reportUrl" : "https://simple-elf.github.io/qabattle-selenide/77//#testresult/3934f6e875b0eddd",
        "status" : "passed",
        "time" : {
          "start" : 1610523663233,
          "stop" : 1610523664700,
          "duration" : 1467
        }
      }, {
        "uid" : "9ec88aa34a318de3",
        "reportUrl" : "https://simple-elf.github.io/qabattle-selenide/78//#testresult/9ec88aa34a318de3",
        "status" : "passed",
        "time" : {
          "start" : 1610523568395,
          "stop" : 1610523569245,
          "duration" : 850
        }
      }, {
        "uid" : "5daaa5bf568a753a",
        "reportUrl" : "https://simple-elf.github.io/qabattle-selenide/76//#testresult/5daaa5bf568a753a",
        "status" : "passed",
        "time" : {
          "start" : 1610523382514,
          "stop" : 1610523383399,
          "duration" : 885
        }
      }, {
        "uid" : "1a7f42809c8e09bc",
        "reportUrl" : "https://simple-elf.github.io/qabattle-selenide/75//#testresult/1a7f42809c8e09bc",
        "status" : "skipped",
        "statusDetails" : "Requested environment is not available (WARNING: The server did not provide any stacktrace information)\nCommand duration or timeout: 3 milliseconds\nBuild info: version: '3.141.59', revision: 'e82be7d358', time: '2018-11-14T08:17:03'\nSystem info: host: 'fv-az52-147', ip: '10.1.0.4', os.name: 'Linux', os.arch: 'amd64', os.version: '5.4.0-1032-azure', java.version: '1.8.0_275'\nselenide.remote: http://127.0.0.1:4444/wd/hub\nDriver info: driver.version: SelenideDriver\nselenide.url: http://qabattle:8080/index.html\nselenide.baseUrl: http://qabattle:8080",
        "time" : {
          "start" : 1610522924453,
          "stop" : 1610522924453,
          "duration" : 0
        }
      }, {
        "uid" : "14cbc8c0c36aec05",
        "reportUrl" : "https://simple-elf.github.io/qabattle-selenide/74//#testresult/14cbc8c0c36aec05",
        "status" : "skipped",
        "statusDetails" : "Could not start a new session. Possible causes are invalid address of the remote server or browser start-up failure.\nBuild info: version: '3.141.59', revision: 'e82be7d358', time: '2018-11-14T08:17:03'\nSystem info: host: 'fv-az195-130', ip: '10.1.0.4', os.name: 'Linux', os.arch: 'amd64', os.version: '5.4.0-1032-azure', java.version: '1.8.0_275'\nselenide.remote: http://127.0.0.1:4444/wd/hub\nDriver info: driver.version: SelenideDriver\nselenide.url: http://qabattle:8080/index.html\nselenide.baseUrl: http://qabattle:8080",
        "time" : {
          "start" : 1610522660067,
          "stop" : 1610522660067,
          "duration" : 0
        }
      }, {
        "uid" : "f3ccb144622bc97c",
        "reportUrl" : "https://simple-elf.github.io/qabattle-selenide/73//#testresult/f3ccb144622bc97c",
        "status" : "skipped",
        "statusDetails" : "Requested environment is not available (WARNING: The server did not provide any stacktrace information)\nCommand duration or timeout: 3 milliseconds\nBuild info: version: '3.141.59', revision: 'e82be7d358', time: '2018-11-14T08:17:03'\nSystem info: host: 'fv-az184-39', ip: '10.1.0.4', os.name: 'Linux', os.arch: 'amd64', os.version: '5.4.0-1032-azure', java.version: '1.8.0_275'\nselenide.remote: http://127.0.0.1:4444/wd/hub\nDriver info: driver.version: SelenideDriver\nselenide.url: http://qabattle:8080/index.html\nselenide.baseUrl: http://qabattle:8080",
        "time" : {
          "start" : 1610455481569,
          "stop" : 1610455481569,
          "duration" : 0
        }
      }, {
        "uid" : "532bef34d9a6f452",
        "reportUrl" : "https://simple-elf.github.io/qabattle-selenide/72//#testresult/532bef34d9a6f452",
        "status" : "passed",
        "time" : {
          "start" : 1604415904484,
          "stop" : 1604415906061,
          "duration" : 1577
        }
      }, {
        "uid" : "5b165143e3720451",
        "reportUrl" : "https://simple-elf.github.io/qabattle-selenide/71//#testresult/5b165143e3720451",
        "status" : "passed",
        "time" : {
          "start" : 1599923431287,
          "stop" : 1599923433391,
          "duration" : 2104
        }
      }, {
        "uid" : "7057ebbee13aa51c",
        "reportUrl" : "https://simple-elf.github.io/qabattle-selenide/70//#testresult/7057ebbee13aa51c",
        "status" : "passed",
        "time" : {
          "start" : 1598015205387,
          "stop" : 1598015207201,
          "duration" : 1814
        }
      }, {
        "uid" : "ec5886c2f7a3e930",
        "reportUrl" : "https://simple-elf.github.io/qabattle-selenide/69//#testresult/ec5886c2f7a3e930",
        "status" : "skipped",
        "statusDetails" : "org.openqa.selenium.WebDriverException: start video container: create video container: Error response from daemon: create \"/home/runner/work/qabattle-selenide/qabattle-selenide/opt\": \"\\\"/home/runner/work/qabattle-selenide/qabattle-selenide/opt\\\"\" includes invalid characters for a local volume name, only \"[a-zA-Z0-9][a-zA-Z0-9_.-]\" are allowed. If you intended to pass a host directory, use absolute path (WARNING: The server did not provide any stacktrace information)\nCommand duration or timeout: 3.45 seconds\nBuild info: version: '3.141.59', revision: 'e82be7d358', time: '2018-11-14T08:17:03'\nSystem info: host: 'fv-az60', ip: '10.1.0.4', os.name: 'Linux', os.arch: 'amd64', os.version: '5.3.0-1034-azure', java.version: '1.8.0_265'\nDriver info: driver.version: SelenideDriver",
        "time" : {
          "start" : 1598014905335,
          "stop" : 1598014905336,
          "duration" : 1
        }
      }, {
        "uid" : "51e2d498136f3f7a",
        "reportUrl" : "https://simple-elf.github.io/qabattle-selenide/68//#testresult/51e2d498136f3f7a",
        "status" : "skipped",
        "statusDetails" : "org.openqa.selenium.WebDriverException: start video container: create video container: Error response from daemon: create \"/home/runner/work/qabattle-selenide/qabattle-selenide/opt\": \"\\\"/home/runner/work/qabattle-selenide/qabattle-selenide/opt\\\"\" includes invalid characters for a local volume name, only \"[a-zA-Z0-9][a-zA-Z0-9_.-]\" are allowed. If you intended to pass a host directory, use absolute path (WARNING: The server did not provide any stacktrace information)\nCommand duration or timeout: 3.75 seconds\nBuild info: version: '3.141.59', revision: 'e82be7d358', time: '2018-11-14T08:17:03'\nSystem info: host: 'fv-az60', ip: '10.1.0.4', os.name: 'Linux', os.arch: 'amd64', os.version: '5.3.0-1034-azure', java.version: '1.8.0_265'\nDriver info: driver.version: SelenideDriver",
        "time" : {
          "start" : 1598014464241,
          "stop" : 1598014464241,
          "duration" : 0
        }
      }, {
        "uid" : "2bc36972a3e199c8",
        "reportUrl" : "https://simple-elf.github.io/qabattle-selenide/67//#testresult/2bc36972a3e199c8",
        "status" : "skipped",
        "statusDetails" : "org.openqa.selenium.WebDriverException: start video container: create video container: Error response from daemon: create \"/home/runner/work/qabattle-selenide/qabattle-selenide/opt\": \"\\\"/home/runner/work/qabattle-selenide/qabattle-selenide/opt\\\"\" includes invalid characters for a local volume name, only \"[a-zA-Z0-9][a-zA-Z0-9_.-]\" are allowed. If you intended to pass a host directory, use absolute path (WARNING: The server did not provide any stacktrace information)\nCommand duration or timeout: 3.50 seconds\nBuild info: version: '3.141.59', revision: 'e82be7d358', time: '2018-11-14T08:17:03'\nSystem info: host: 'fv-az60', ip: '10.1.0.4', os.name: 'Linux', os.arch: 'amd64', os.version: '5.3.0-1034-azure', java.version: '1.8.0_265'\nDriver info: driver.version: SelenideDriver",
        "time" : {
          "start" : 1598014218117,
          "stop" : 1598014218117,
          "duration" : 0
        }
      }, {
        "uid" : "7cb00ca57bb00b90",
        "reportUrl" : "https://simple-elf.github.io/qabattle-selenide/66//#testresult/7cb00ca57bb00b90",
        "status" : "skipped",
        "statusDetails" : "org.openqa.selenium.WebDriverException: start video container: create video container: Error response from daemon: create \"/home/runner/work/qabattle-selenide/qabattle-selenide/opt\": \"\\\"/home/runner/work/qabattle-selenide/qabattle-selenide/opt\\\"\" includes invalid characters for a local volume name, only \"[a-zA-Z0-9][a-zA-Z0-9_.-]\" are allowed. If you intended to pass a host directory, use absolute path (WARNING: The server did not provide any stacktrace information)\nCommand duration or timeout: 3.88 seconds\nBuild info: version: '3.141.59', revision: 'e82be7d358', time: '2018-11-14T08:17:03'\nSystem info: host: 'fv-az151', ip: '10.1.0.4', os.name: 'Linux', os.arch: 'amd64', os.version: '5.3.0-1034-azure', java.version: '1.8.0_265'\nDriver info: driver.version: SelenideDriver",
        "time" : {
          "start" : 1598011481570,
          "stop" : 1598011481571,
          "duration" : 1
        }
      }, {
        "uid" : "c5067eae52f9e94b",
        "reportUrl" : "https://simple-elf.github.io/qabattle-selenide/65//#testresult/c5067eae52f9e94b",
        "status" : "skipped",
        "statusDetails" : "org.openqa.selenium.WebDriverException: start video container: create video container: Error response from daemon: create \"/home/runner/work/qabattle-selenide/qabattle-selenide/opt\": \"\\\"/home/runner/work/qabattle-selenide/qabattle-selenide/opt\\\"\" includes invalid characters for a local volume name, only \"[a-zA-Z0-9][a-zA-Z0-9_.-]\" are allowed. If you intended to pass a host directory, use absolute path (WARNING: The server did not provide any stacktrace information)\nCommand duration or timeout: 3.81 seconds\nBuild info: version: '3.141.59', revision: 'e82be7d358', time: '2018-11-14T08:17:03'\nSystem info: host: 'fv-az184', ip: '10.1.0.4', os.name: 'Linux', os.arch: 'amd64', os.version: '5.3.0-1034-azure', java.version: '1.8.0_265'\nDriver info: driver.version: SelenideDriver",
        "time" : {
          "start" : 1598010017625,
          "stop" : 1598010017625,
          "duration" : 0
        }
      }, {
        "uid" : "bf8aaf8a9ba8927d",
        "reportUrl" : "https://simple-elf.github.io/qabattle-selenide/64//#testresult/bf8aaf8a9ba8927d",
        "status" : "skipped",
        "statusDetails" : "org.openqa.selenium.WebDriverException: start video container: create video container: Error response from daemon: create \"/home/runner/work/qabattle-selenide/qabattle-selenide/opt\": \"\\\"/home/runner/work/qabattle-selenide/qabattle-selenide/opt\\\"\" includes invalid characters for a local volume name, only \"[a-zA-Z0-9][a-zA-Z0-9_.-]\" are allowed. If you intended to pass a host directory, use absolute path (WARNING: The server did not provide any stacktrace information)\nCommand duration or timeout: 3.96 seconds\nBuild info: version: '3.141.59', revision: 'e82be7d358', time: '2018-11-14T08:17:03'\nSystem info: host: 'fv-az60', ip: '10.1.0.4', os.name: 'Linux', os.arch: 'amd64', os.version: '5.3.0-1034-azure', java.version: '1.8.0_265'\nDriver info: driver.version: SelenideDriver",
        "time" : {
          "start" : 1598009267548,
          "stop" : 1598009267549,
          "duration" : 1
        }
      } ]
    },
    "tags" : [ ]
  },
  "source" : "da84d4f814339b20.json",
  "parameterValues" : [ ]
}