{
  "uid" : "aecf637de456f6e6",
  "name" : "Проверка скачивания описания статьи",
  "fullName" : "com.test.qabattle.tests.ArticlesTest.downloadArticleTest",
  "historyId" : "ea952d3fcdd235bdc059859bb8889b1d",
  "time" : {
    "start" : 1610526308922,
    "stop" : 1610526308922,
    "duration" : 0
  },
  "status" : "skipped",
  "statusMessage" : "Requested environment is not available (WARNING: The server did not provide any stacktrace information)\nCommand duration or timeout: 3 milliseconds\nBuild info: version: '3.141.59', revision: 'e82be7d358', time: '2018-11-14T08:17:03'\nSystem info: host: 'fv-az54-685', ip: '10.1.0.4', os.name: 'Linux', os.arch: 'amd64', os.version: '5.4.0-1032-azure', java.version: '1.8.0_275'\nselenide.remote: http://127.0.0.1:4444/wd/hub\nDriver info: driver.version: SelenideDriver\nselenide.url: http://qabattle:8080/index.html\nselenide.baseUrl: http://qabattle:8080",
  "statusTrace" : "org.openqa.selenium.WebDriverException: Requested environment is not available (WARNING: The server did not provide any stacktrace information)\nCommand duration or timeout: 3 milliseconds\nBuild info: version: '3.141.59', revision: 'e82be7d358', time: '2018-11-14T08:17:03'\nSystem info: host: 'fv-az54-685', ip: '10.1.0.4', os.name: 'Linux', os.arch: 'amd64', os.version: '5.4.0-1032-azure', java.version: '1.8.0_275'\nselenide.remote: http://127.0.0.1:4444/wd/hub\nDriver info: driver.version: SelenideDriver\nselenide.url: http://qabattle:8080/index.html\nselenide.baseUrl: http://qabattle:8080\n\tat sun.reflect.NativeConstructorAccessorImpl.newInstance0(Native Method)\n\tat sun.reflect.NativeConstructorAccessorImpl.newInstance(NativeConstructorAccessorImpl.java:62)\n\tat sun.reflect.DelegatingConstructorAccessorImpl.newInstance(DelegatingConstructorAccessorImpl.java:45)\n\tat java.lang.reflect.Constructor.newInstance(Constructor.java:423)\n\tat org.openqa.selenium.remote.ErrorHandler.createThrowable(ErrorHandler.java:214)\n\tat org.openqa.selenium.remote.ErrorHandler.throwIfResponseFailed(ErrorHandler.java:166)\n\tat org.openqa.selenium.remote.JsonWireProtocolResponse.lambda$errorHandler$0(JsonWireProtocolResponse.java:54)\n\tat org.openqa.selenium.remote.HandshakeResponse.lambda$getResponseFunction$0(HandshakeResponse.java:30)\n\tat org.openqa.selenium.remote.ProtocolHandshake.lambda$createSession$0(ProtocolHandshake.java:126)\n\tat java.util.stream.ReferencePipeline$3$1.accept(ReferencePipeline.java:193)\n\tat java.util.Spliterators$ArraySpliterator.tryAdvance(Spliterators.java:958)\n\tat java.util.stream.ReferencePipeline.forEachWithCancel(ReferencePipeline.java:126)\n\tat java.util.stream.AbstractPipeline.copyIntoWithCancel(AbstractPipeline.java:499)\n\tat java.util.stream.AbstractPipeline.copyInto(AbstractPipeline.java:486)\n\tat java.util.stream.AbstractPipeline.wrapAndCopyInto(AbstractPipeline.java:472)\n\tat java.util.stream.FindOps$FindOp.evaluateSequential(FindOps.java:152)\n\tat java.util.stream.AbstractPipeline.evaluate(AbstractPipeline.java:234)\n\tat java.util.stream.ReferencePipeline.findFirst(ReferencePipeline.java:531)\n\tat org.openqa.selenium.remote.ProtocolHandshake.createSession(ProtocolHandshake.java:128)\n\tat org.openqa.selenium.remote.ProtocolHandshake.createSession(ProtocolHandshake.java:74)\n\tat org.openqa.selenium.remote.HttpCommandExecutor.execute(HttpCommandExecutor.java:136)\n\tat org.openqa.selenium.remote.RemoteWebDriver.execute(RemoteWebDriver.java:552)\n\tat org.openqa.selenium.remote.RemoteWebDriver.startSession(RemoteWebDriver.java:213)\n\tat org.openqa.selenium.remote.RemoteWebDriver.<init>(RemoteWebDriver.java:131)\n\tat org.openqa.selenium.remote.RemoteWebDriver.<init>(RemoteWebDriver.java:144)\n\tat com.codeborne.selenide.webdriver.RemoteDriverFactory.create(RemoteDriverFactory.java:17)\n\tat com.codeborne.selenide.webdriver.WebDriverFactory.createWebDriverInstance(WebDriverFactory.java:104)\n\tat com.codeborne.selenide.webdriver.WebDriverFactory.createWebDriver(WebDriverFactory.java:71)\n\tat com.codeborne.selenide.drivercommands.CreateDriverCommand.createDriver(CreateDriverCommand.java:68)\n\tat com.codeborne.selenide.impl.WebDriverThreadLocalContainer.createDriver(WebDriverThreadLocalContainer.java:153)\n\tat com.codeborne.selenide.impl.WebDriverThreadLocalContainer.getAndCheckWebDriver(WebDriverThreadLocalContainer.java:139)\n\tat com.codeborne.selenide.WebDriverRunner.getAndCheckWebDriver(WebDriverRunner.java:97)\n\tat com.codeborne.selenide.impl.StaticDriver.getAndCheckWebDriver(StaticDriver.java:62)\n\tat com.codeborne.selenide.SelenideDriver.getAndCheckWebDriver(SelenideDriver.java:188)\n\tat com.codeborne.selenide.drivercommands.Navigator.navigateTo(Navigator.java:70)\n\tat com.codeborne.selenide.drivercommands.Navigator.open(Navigator.java:32)\n\tat com.codeborne.selenide.SelenideDriver.open(SelenideDriver.java:84)\n\tat com.codeborne.selenide.Selenide.open(Selenide.java:49)\n\tat com.test.qabattle.pages.LoginForm.openLoginForm(LoginForm.java:35)\n\tat com.test.qabattle.tests.ArticlesTest.beforeTest(ArticlesTest.java:22)\n\tat sun.reflect.NativeMethodAccessorImpl.invoke0(Native Method)\n\tat sun.reflect.NativeMethodAccessorImpl.invoke(NativeMethodAccessorImpl.java:62)\n\tat sun.reflect.DelegatingMethodAccessorImpl.invoke(DelegatingMethodAccessorImpl.java:43)\n\tat java.lang.reflect.Method.invoke(Method.java:498)\n\tat org.testng.internal.MethodInvocationHelper.invokeMethod(MethodInvocationHelper.java:124)\n\tat org.testng.internal.MethodInvocationHelper.invokeMethodConsideringTimeout(MethodInvocationHelper.java:59)\n\tat org.testng.internal.Invoker.invokeConfigurationMethod(Invoker.java:458)\n\tat org.testng.internal.Invoker.invokeConfigurations(Invoker.java:222)\n\tat org.testng.internal.Invoker.invokeMethod(Invoker.java:523)\n\tat org.testng.internal.Invoker.invokeTestMethod(Invoker.java:719)\n\tat org.testng.internal.Invoker.invokeTestMethods(Invoker.java:989)\n\tat org.testng.internal.TestMethodWorker.invokeTestMethods(TestMethodWorker.java:125)\n\tat org.testng.internal.TestMethodWorker.run(TestMethodWorker.java:109)\n\tat org.testng.TestRunner.privateRun(TestRunner.java:648)\n\tat org.testng.TestRunner.run(TestRunner.java:505)\n\tat org.testng.SuiteRunner.runTest(SuiteRunner.java:455)\n\tat org.testng.SuiteRunner.runSequentially(SuiteRunner.java:450)\n\tat org.testng.SuiteRunner.privateRun(SuiteRunner.java:415)\n\tat org.testng.SuiteRunner.run(SuiteRunner.java:364)\n\tat org.testng.SuiteRunnerWorker.runSuite(SuiteRunnerWorker.java:52)\n\tat org.testng.SuiteRunnerWorker.run(SuiteRunnerWorker.java:84)\n\tat org.testng.TestNG.runSuitesSequentially(TestNG.java:1208)\n\tat org.testng.TestNG.runSuitesLocally(TestNG.java:1137)\n\tat org.testng.TestNG.runSuites(TestNG.java:1049)\n\tat org.testng.TestNG.run(TestNG.java:1017)\n\tat org.apache.maven.surefire.testng.TestNGExecutor.run(TestNGExecutor.java:135)\n\tat org.apache.maven.surefire.testng.TestNGDirectoryTestSuite.executeMulti(TestNGDirectoryTestSuite.java:193)\n\tat org.apache.maven.surefire.testng.TestNGDirectoryTestSuite.execute(TestNGDirectoryTestSuite.java:94)\n\tat org.apache.maven.surefire.testng.TestNGProvider.invoke(TestNGProvider.java:146)\n\tat org.apache.maven.surefire.booter.ForkedBooter.invokeProviderInSameClassLoader(ForkedBooter.java:379)\n\tat org.apache.maven.surefire.booter.ForkedBooter.runSuitesInProcess(ForkedBooter.java:340)\n\tat org.apache.maven.surefire.booter.ForkedBooter.execute(ForkedBooter.java:125)\n\tat org.apache.maven.surefire.booter.ForkedBooter.main(ForkedBooter.java:413)\n",
  "flaky" : false,
  "newFailed" : false,
  "beforeStages" : [ {
    "name" : "beforeClass",
    "time" : {
      "start" : 1610526308902,
      "stop" : 1610526308902,
      "duration" : 0
    },
    "description" : "",
    "status" : "passed",
    "steps" : [ ],
    "attachments" : [ ],
    "parameters" : [ ],
    "stepsCount" : 0,
    "attachmentsCount" : 0,
    "shouldDisplayMessage" : false,
    "hasContent" : false
  }, {
    "name" : "beforeTest",
    "time" : {
      "start" : 1610526308904,
      "stop" : 1610526308916,
      "duration" : 12
    },
    "description" : "",
    "status" : "broken",
    "statusMessage" : "Requested environment is not available (WARNING: The server did not provide any stacktrace information)\nCommand duration or timeout: 3 milliseconds\nBuild info: version: '3.141.59', revision: 'e82be7d358', time: '2018-11-14T08:17:03'\nSystem info: host: 'fv-az54-685', ip: '10.1.0.4', os.name: 'Linux', os.arch: 'amd64', os.version: '5.4.0-1032-azure', java.version: '1.8.0_275'\nselenide.remote: http://127.0.0.1:4444/wd/hub\nDriver info: driver.version: SelenideDriver\nselenide.url: http://qabattle:8080/index.html\nselenide.baseUrl: http://qabattle:8080",
    "statusTrace" : "org.openqa.selenium.WebDriverException: Requested environment is not available (WARNING: The server did not provide any stacktrace information)\nCommand duration or timeout: 3 milliseconds\nBuild info: version: '3.141.59', revision: 'e82be7d358', time: '2018-11-14T08:17:03'\nSystem info: host: 'fv-az54-685', ip: '10.1.0.4', os.name: 'Linux', os.arch: 'amd64', os.version: '5.4.0-1032-azure', java.version: '1.8.0_275'\nselenide.remote: http://127.0.0.1:4444/wd/hub\nDriver info: driver.version: SelenideDriver\nselenide.url: http://qabattle:8080/index.html\nselenide.baseUrl: http://qabattle:8080\n\tat sun.reflect.NativeConstructorAccessorImpl.newInstance0(Native Method)\n\tat sun.reflect.NativeConstructorAccessorImpl.newInstance(NativeConstructorAccessorImpl.java:62)\n\tat sun.reflect.DelegatingConstructorAccessorImpl.newInstance(DelegatingConstructorAccessorImpl.java:45)\n\tat java.lang.reflect.Constructor.newInstance(Constructor.java:423)\n\tat org.openqa.selenium.remote.ErrorHandler.createThrowable(ErrorHandler.java:214)\n\tat org.openqa.selenium.remote.ErrorHandler.throwIfResponseFailed(ErrorHandler.java:166)\n\tat org.openqa.selenium.remote.JsonWireProtocolResponse.lambda$errorHandler$0(JsonWireProtocolResponse.java:54)\n\tat org.openqa.selenium.remote.HandshakeResponse.lambda$getResponseFunction$0(HandshakeResponse.java:30)\n\tat org.openqa.selenium.remote.ProtocolHandshake.lambda$createSession$0(ProtocolHandshake.java:126)\n\tat java.util.stream.ReferencePipeline$3$1.accept(ReferencePipeline.java:193)\n\tat java.util.Spliterators$ArraySpliterator.tryAdvance(Spliterators.java:958)\n\tat java.util.stream.ReferencePipeline.forEachWithCancel(ReferencePipeline.java:126)\n\tat java.util.stream.AbstractPipeline.copyIntoWithCancel(AbstractPipeline.java:499)\n\tat java.util.stream.AbstractPipeline.copyInto(AbstractPipeline.java:486)\n\tat java.util.stream.AbstractPipeline.wrapAndCopyInto(AbstractPipeline.java:472)\n\tat java.util.stream.FindOps$FindOp.evaluateSequential(FindOps.java:152)\n\tat java.util.stream.AbstractPipeline.evaluate(AbstractPipeline.java:234)\n\tat java.util.stream.ReferencePipeline.findFirst(ReferencePipeline.java:531)\n\tat org.openqa.selenium.remote.ProtocolHandshake.createSession(ProtocolHandshake.java:128)\n\tat org.openqa.selenium.remote.ProtocolHandshake.createSession(ProtocolHandshake.java:74)\n\tat org.openqa.selenium.remote.HttpCommandExecutor.execute(HttpCommandExecutor.java:136)\n\tat org.openqa.selenium.remote.RemoteWebDriver.execute(RemoteWebDriver.java:552)\n\tat org.openqa.selenium.remote.RemoteWebDriver.startSession(RemoteWebDriver.java:213)\n\tat org.openqa.selenium.remote.RemoteWebDriver.<init>(RemoteWebDriver.java:131)\n\tat org.openqa.selenium.remote.RemoteWebDriver.<init>(RemoteWebDriver.java:144)\n\tat com.codeborne.selenide.webdriver.RemoteDriverFactory.create(RemoteDriverFactory.java:17)\n\tat com.codeborne.selenide.webdriver.WebDriverFactory.createWebDriverInstance(WebDriverFactory.java:104)\n\tat com.codeborne.selenide.webdriver.WebDriverFactory.createWebDriver(WebDriverFactory.java:71)\n\tat com.codeborne.selenide.drivercommands.CreateDriverCommand.createDriver(CreateDriverCommand.java:68)\n\tat com.codeborne.selenide.impl.WebDriverThreadLocalContainer.createDriver(WebDriverThreadLocalContainer.java:153)\n\tat com.codeborne.selenide.impl.WebDriverThreadLocalContainer.getAndCheckWebDriver(WebDriverThreadLocalContainer.java:139)\n\tat com.codeborne.selenide.WebDriverRunner.getAndCheckWebDriver(WebDriverRunner.java:97)\n\tat com.codeborne.selenide.impl.StaticDriver.getAndCheckWebDriver(StaticDriver.java:62)\n\tat com.codeborne.selenide.SelenideDriver.getAndCheckWebDriver(SelenideDriver.java:188)\n\tat com.codeborne.selenide.drivercommands.Navigator.navigateTo(Navigator.java:70)\n\tat com.codeborne.selenide.drivercommands.Navigator.open(Navigator.java:32)\n\tat com.codeborne.selenide.SelenideDriver.open(SelenideDriver.java:84)\n\tat com.codeborne.selenide.Selenide.open(Selenide.java:49)\n\tat com.test.qabattle.pages.LoginForm.openLoginForm(LoginForm.java:35)\n\tat com.test.qabattle.tests.ArticlesTest.beforeTest(ArticlesTest.java:22)\n\tat sun.reflect.NativeMethodAccessorImpl.invoke0(Native Method)\n\tat sun.reflect.NativeMethodAccessorImpl.invoke(NativeMethodAccessorImpl.java:62)\n\tat sun.reflect.DelegatingMethodAccessorImpl.invoke(DelegatingMethodAccessorImpl.java:43)\n\tat java.lang.reflect.Method.invoke(Method.java:498)\n\tat org.testng.internal.MethodInvocationHelper.invokeMethod(MethodInvocationHelper.java:124)\n\tat org.testng.internal.MethodInvocationHelper.invokeMethodConsideringTimeout(MethodInvocationHelper.java:59)\n\tat org.testng.internal.Invoker.invokeConfigurationMethod(Invoker.java:458)\n\tat org.testng.internal.Invoker.invokeConfigurations(Invoker.java:222)\n\tat org.testng.internal.Invoker.invokeMethod(Invoker.java:523)\n\tat org.testng.internal.Invoker.invokeTestMethod(Invoker.java:719)\n\tat org.testng.internal.Invoker.invokeTestMethods(Invoker.java:989)\n\tat org.testng.internal.TestMethodWorker.invokeTestMethods(TestMethodWorker.java:125)\n\tat org.testng.internal.TestMethodWorker.run(TestMethodWorker.java:109)\n\tat org.testng.TestRunner.privateRun(TestRunner.java:648)\n\tat org.testng.TestRunner.run(TestRunner.java:505)\n\tat org.testng.SuiteRunner.runTest(SuiteRunner.java:455)\n\tat org.testng.SuiteRunner.runSequentially(SuiteRunner.java:450)\n\tat org.testng.SuiteRunner.privateRun(SuiteRunner.java:415)\n\tat org.testng.SuiteRunner.run(SuiteRunner.java:364)\n\tat org.testng.SuiteRunnerWorker.runSuite(SuiteRunnerWorker.java:52)\n\tat org.testng.SuiteRunnerWorker.run(SuiteRunnerWorker.java:84)\n\tat org.testng.TestNG.runSuitesSequentially(TestNG.java:1208)\n\tat org.testng.TestNG.runSuitesLocally(TestNG.java:1137)\n\tat org.testng.TestNG.runSuites(TestNG.java:1049)\n\tat org.testng.TestNG.run(TestNG.java:1017)\n\tat org.apache.maven.surefire.testng.TestNGExecutor.run(TestNGExecutor.java:135)\n\tat org.apache.maven.surefire.testng.TestNGDirectoryTestSuite.executeMulti(TestNGDirectoryTestSuite.java:193)\n\tat org.apache.maven.surefire.testng.TestNGDirectoryTestSuite.execute(TestNGDirectoryTestSuite.java:94)\n\tat org.apache.maven.surefire.testng.TestNGProvider.invoke(TestNGProvider.java:146)\n\tat org.apache.maven.surefire.booter.ForkedBooter.invokeProviderInSameClassLoader(ForkedBooter.java:379)\n\tat org.apache.maven.surefire.booter.ForkedBooter.runSuitesInProcess(ForkedBooter.java:340)\n\tat org.apache.maven.surefire.booter.ForkedBooter.execute(ForkedBooter.java:125)\n\tat org.apache.maven.surefire.booter.ForkedBooter.main(ForkedBooter.java:413)\n",
    "steps" : [ {
      "name" : "Открыть страницу логина",
      "time" : {
        "start" : 1610526308904,
        "stop" : 1610526308916,
        "duration" : 12
      },
      "status" : "broken",
      "statusMessage" : "Requested environment is not available (WARNING: The server did not provide any stacktrace information)\nCommand duration or timeout: 3 milliseconds\nBuild info: version: '3.141.59', revision: 'e82be7d358', time: '2018-11-14T08:17:03'\nSystem info: host: 'fv-az54-685', ip: '10.1.0.4', os.name: 'Linux', os.arch: 'amd64', os.version: '5.4.0-1032-azure', java.version: '1.8.0_275'\nselenide.remote: http://127.0.0.1:4444/wd/hub\nDriver info: driver.version: SelenideDriver\nselenide.url: http://qabattle:8080/index.html\nselenide.baseUrl: http://qabattle:8080",
      "statusTrace" : "org.openqa.selenium.WebDriverException: Requested environment is not available (WARNING: The server did not provide any stacktrace information)\nCommand duration or timeout: 3 milliseconds\nBuild info: version: '3.141.59', revision: 'e82be7d358', time: '2018-11-14T08:17:03'\nSystem info: host: 'fv-az54-685', ip: '10.1.0.4', os.name: 'Linux', os.arch: 'amd64', os.version: '5.4.0-1032-azure', java.version: '1.8.0_275'\nselenide.remote: http://127.0.0.1:4444/wd/hub\nDriver info: driver.version: SelenideDriver\nselenide.url: http://qabattle:8080/index.html\nselenide.baseUrl: http://qabattle:8080\n\tat sun.reflect.NativeConstructorAccessorImpl.newInstance0(Native Method)\n\tat sun.reflect.NativeConstructorAccessorImpl.newInstance(NativeConstructorAccessorImpl.java:62)\n\tat sun.reflect.DelegatingConstructorAccessorImpl.newInstance(DelegatingConstructorAccessorImpl.java:45)\n\tat java.lang.reflect.Constructor.newInstance(Constructor.java:423)\n\tat org.openqa.selenium.remote.ErrorHandler.createThrowable(ErrorHandler.java:214)\n\tat org.openqa.selenium.remote.ErrorHandler.throwIfResponseFailed(ErrorHandler.java:166)\n\tat org.openqa.selenium.remote.JsonWireProtocolResponse.lambda$errorHandler$0(JsonWireProtocolResponse.java:54)\n\tat org.openqa.selenium.remote.HandshakeResponse.lambda$getResponseFunction$0(HandshakeResponse.java:30)\n\tat org.openqa.selenium.remote.ProtocolHandshake.lambda$createSession$0(ProtocolHandshake.java:126)\n\tat java.util.stream.ReferencePipeline$3$1.accept(ReferencePipeline.java:193)\n\tat java.util.Spliterators$ArraySpliterator.tryAdvance(Spliterators.java:958)\n\tat java.util.stream.ReferencePipeline.forEachWithCancel(ReferencePipeline.java:126)\n\tat java.util.stream.AbstractPipeline.copyIntoWithCancel(AbstractPipeline.java:499)\n\tat java.util.stream.AbstractPipeline.copyInto(AbstractPipeline.java:486)\n\tat java.util.stream.AbstractPipeline.wrapAndCopyInto(AbstractPipeline.java:472)\n\tat java.util.stream.FindOps$FindOp.evaluateSequential(FindOps.java:152)\n\tat java.util.stream.AbstractPipeline.evaluate(AbstractPipeline.java:234)\n\tat java.util.stream.ReferencePipeline.findFirst(ReferencePipeline.java:531)\n\tat org.openqa.selenium.remote.ProtocolHandshake.createSession(ProtocolHandshake.java:128)\n\tat org.openqa.selenium.remote.ProtocolHandshake.createSession(ProtocolHandshake.java:74)\n\tat org.openqa.selenium.remote.HttpCommandExecutor.execute(HttpCommandExecutor.java:136)\n\tat org.openqa.selenium.remote.RemoteWebDriver.execute(RemoteWebDriver.java:552)\n\tat org.openqa.selenium.remote.RemoteWebDriver.startSession(RemoteWebDriver.java:213)\n\tat org.openqa.selenium.remote.RemoteWebDriver.<init>(RemoteWebDriver.java:131)\n\tat org.openqa.selenium.remote.RemoteWebDriver.<init>(RemoteWebDriver.java:144)\n\tat com.codeborne.selenide.webdriver.RemoteDriverFactory.create(RemoteDriverFactory.java:17)\n\tat com.codeborne.selenide.webdriver.WebDriverFactory.createWebDriverInstance(WebDriverFactory.java:104)\n\tat com.codeborne.selenide.webdriver.WebDriverFactory.createWebDriver(WebDriverFactory.java:71)\n\tat com.codeborne.selenide.drivercommands.CreateDriverCommand.createDriver(CreateDriverCommand.java:68)\n\tat com.codeborne.selenide.impl.WebDriverThreadLocalContainer.createDriver(WebDriverThreadLocalContainer.java:153)\n\tat com.codeborne.selenide.impl.WebDriverThreadLocalContainer.getAndCheckWebDriver(WebDriverThreadLocalContainer.java:139)\n\tat com.codeborne.selenide.WebDriverRunner.getAndCheckWebDriver(WebDriverRunner.java:97)\n\tat com.codeborne.selenide.impl.StaticDriver.getAndCheckWebDriver(StaticDriver.java:62)\n\tat com.codeborne.selenide.SelenideDriver.getAndCheckWebDriver(SelenideDriver.java:188)\n\tat com.codeborne.selenide.drivercommands.Navigator.navigateTo(Navigator.java:70)\n\tat com.codeborne.selenide.drivercommands.Navigator.open(Navigator.java:32)\n\tat com.codeborne.selenide.SelenideDriver.open(SelenideDriver.java:84)\n\tat com.codeborne.selenide.Selenide.open(Selenide.java:49)\n\tat com.test.qabattle.pages.LoginForm.openLoginForm(LoginForm.java:35)\n\tat com.test.qabattle.tests.ArticlesTest.beforeTest(ArticlesTest.java:22)\n\tat sun.reflect.NativeMethodAccessorImpl.invoke0(Native Method)\n\tat sun.reflect.NativeMethodAccessorImpl.invoke(NativeMethodAccessorImpl.java:62)\n\tat sun.reflect.DelegatingMethodAccessorImpl.invoke(DelegatingMethodAccessorImpl.java:43)\n\tat java.lang.reflect.Method.invoke(Method.java:498)\n\tat org.testng.internal.MethodInvocationHelper.invokeMethod(MethodInvocationHelper.java:124)\n\tat org.testng.internal.MethodInvocationHelper.invokeMethodConsideringTimeout(MethodInvocationHelper.java:59)\n\tat org.testng.internal.Invoker.invokeConfigurationMethod(Invoker.java:458)\n\tat org.testng.internal.Invoker.invokeConfigurations(Invoker.java:222)\n\tat org.testng.internal.Invoker.invokeMethod(Invoker.java:523)\n\tat org.testng.internal.Invoker.invokeTestMethod(Invoker.java:719)\n\tat org.testng.internal.Invoker.invokeTestMethods(Invoker.java:989)\n\tat org.testng.internal.TestMethodWorker.invokeTestMethods(TestMethodWorker.java:125)\n\tat org.testng.internal.TestMethodWorker.run(TestMethodWorker.java:109)\n\tat org.testng.TestRunner.privateRun(TestRunner.java:648)\n\tat org.testng.TestRunner.run(TestRunner.java:505)\n\tat org.testng.SuiteRunner.runTest(SuiteRunner.java:455)\n\tat org.testng.SuiteRunner.runSequentially(SuiteRunner.java:450)\n\tat org.testng.SuiteRunner.privateRun(SuiteRunner.java:415)\n\tat org.testng.SuiteRunner.run(SuiteRunner.java:364)\n\tat org.testng.SuiteRunnerWorker.runSuite(SuiteRunnerWorker.java:52)\n\tat org.testng.SuiteRunnerWorker.run(SuiteRunnerWorker.java:84)\n\tat org.testng.TestNG.runSuitesSequentially(TestNG.java:1208)\n\tat org.testng.TestNG.runSuitesLocally(TestNG.java:1137)\n\tat org.testng.TestNG.runSuites(TestNG.java:1049)\n\tat org.testng.TestNG.run(TestNG.java:1017)\n\tat org.apache.maven.surefire.testng.TestNGExecutor.run(TestNGExecutor.java:135)\n\tat org.apache.maven.surefire.testng.TestNGDirectoryTestSuite.executeMulti(TestNGDirectoryTestSuite.java:193)\n\tat org.apache.maven.surefire.testng.TestNGDirectoryTestSuite.execute(TestNGDirectoryTestSuite.java:94)\n\tat org.apache.maven.surefire.testng.TestNGProvider.invoke(TestNGProvider.java:146)\n\tat org.apache.maven.surefire.booter.ForkedBooter.invokeProviderInSameClassLoader(ForkedBooter.java:379)\n\tat org.apache.maven.surefire.booter.ForkedBooter.runSuitesInProcess(ForkedBooter.java:340)\n\tat org.apache.maven.surefire.booter.ForkedBooter.execute(ForkedBooter.java:125)\n\tat org.apache.maven.surefire.booter.ForkedBooter.main(ForkedBooter.java:413)\n",
      "steps" : [ ],
      "attachments" : [ ],
      "parameters" : [ ],
      "stepsCount" : 0,
      "attachmentsCount" : 0,
      "shouldDisplayMessage" : true,
      "hasContent" : true
    } ],
    "attachments" : [ ],
    "parameters" : [ ],
    "stepsCount" : 1,
    "attachmentsCount" : 0,
    "shouldDisplayMessage" : false,
    "hasContent" : true
  } ],
  "afterStages" : [ ],
  "labels" : [ {
    "name" : "package",
    "value" : "com.test.qabattle.tests.ArticlesTest"
  }, {
    "name" : "testClass",
    "value" : "com.test.qabattle.tests.ArticlesTest"
  }, {
    "name" : "testMethod",
    "value" : "downloadArticleTest"
  }, {
    "name" : "parentSuite",
    "value" : "Surefire suite"
  }, {
    "name" : "suite",
    "value" : "Surefire test"
  }, {
    "name" : "subSuite",
    "value" : "com.test.qabattle.tests.ArticlesTest"
  }, {
    "name" : "host",
    "value" : "fv-az54-685"
  }, {
    "name" : "thread",
    "value" : "4929@fv-az54-685.main(1)"
  }, {
    "name" : "framework",
    "value" : "testng"
  }, {
    "name" : "language",
    "value" : "java"
  }, {
    "name" : "feature",
    "value" : "Главная страница"
  }, {
    "name" : "resultFormat",
    "value" : "allure2"
  } ],
  "parameters" : [ ],
  "links" : [ ],
  "hidden" : false,
  "retry" : false,
  "extra" : {
    "severity" : "normal",
    "retries" : [ ],
    "categories" : [ ],
    "history" : {
      "statistic" : {
        "failed" : 0,
        "broken" : 0,
        "skipped" : 13,
        "passed" : 9,
        "unknown" : 0,
        "total" : 22
      },
      "items" : [ {
        "uid" : "e90328c765ec603f",
        "reportUrl" : "https://simple-elf.github.io/qabattle-selenide/82//#testresult/e90328c765ec603f",
        "status" : "skipped",
        "statusDetails" : "Requested environment is not available (WARNING: The server did not provide any stacktrace information)\nCommand duration or timeout: 3 milliseconds\nBuild info: version: '3.141.59', revision: 'e82be7d358', time: '2018-11-14T08:17:03'\nSystem info: host: 'fv-az195-130', ip: '10.1.0.4', os.name: 'Linux', os.arch: 'amd64', os.version: '5.4.0-1032-azure', java.version: '1.8.0_275'\nselenide.remote: http://127.0.0.1:4444/wd/hub\nDriver info: driver.version: SelenideDriver\nselenide.url: http://qabattle:8080/index.html\nselenide.baseUrl: http://qabattle:8080",
        "time" : {
          "start" : 1610525303190,
          "stop" : 1610525303191,
          "duration" : 1
        }
      }, {
        "uid" : "394b3ef069907c7f",
        "reportUrl" : "https://simple-elf.github.io/qabattle-selenide/81//#testresult/394b3ef069907c7f",
        "status" : "passed",
        "time" : {
          "start" : 1610524408342,
          "stop" : 1610524411305,
          "duration" : 2963
        }
      }, {
        "uid" : "c72bf2221fc5611c",
        "reportUrl" : "https://simple-elf.github.io/qabattle-selenide/80//#testresult/c72bf2221fc5611c",
        "status" : "skipped",
        "statusDetails" : "Requested environment is not available (WARNING: The server did not provide any stacktrace information)\nCommand duration or timeout: 2 milliseconds\nBuild info: version: '3.141.59', revision: 'e82be7d358', time: '2018-11-14T08:17:03'\nSystem info: host: 'fv-az50-575', ip: '10.1.0.4', os.name: 'Linux', os.arch: 'amd64', os.version: '5.4.0-1032-azure', java.version: '1.8.0_275'\nselenide.remote: http://127.0.0.1:4444/wd/hub\nDriver info: driver.version: SelenideDriver\nselenide.url: http://qabattle:8080/index.html\nselenide.baseUrl: http://qabattle:8080",
        "time" : {
          "start" : 1610524165353,
          "stop" : 1610524165353,
          "duration" : 0
        }
      }, {
        "uid" : "7d277bcfa828491a",
        "reportUrl" : "https://simple-elf.github.io/qabattle-selenide/79//#testresult/7d277bcfa828491a",
        "status" : "passed",
        "time" : {
          "start" : 1610523918801,
          "stop" : 1610523921740,
          "duration" : 2939
        }
      }, {
        "uid" : "c40be457f9cabacf",
        "reportUrl" : "https://simple-elf.github.io/qabattle-selenide/77//#testresult/c40be457f9cabacf",
        "status" : "passed",
        "time" : {
          "start" : 1610523639047,
          "stop" : 1610523641767,
          "duration" : 2720
        }
      }, {
        "uid" : "2b2fcae0f3503626",
        "reportUrl" : "https://simple-elf.github.io/qabattle-selenide/78//#testresult/2b2fcae0f3503626",
        "status" : "passed",
        "time" : {
          "start" : 1610523565261,
          "stop" : 1610523567781,
          "duration" : 2520
        }
      }, {
        "uid" : "b41c6b02f917e9fc",
        "reportUrl" : "https://simple-elf.github.io/qabattle-selenide/76//#testresult/b41c6b02f917e9fc",
        "status" : "passed",
        "time" : {
          "start" : 1610523358792,
          "stop" : 1610523361380,
          "duration" : 2588
        }
      }, {
        "uid" : "97d55297df1e7409",
        "reportUrl" : "https://simple-elf.github.io/qabattle-selenide/75//#testresult/97d55297df1e7409",
        "status" : "skipped",
        "statusDetails" : "Requested environment is not available (WARNING: The server did not provide any stacktrace information)\nCommand duration or timeout: 3 milliseconds\nBuild info: version: '3.141.59', revision: 'e82be7d358', time: '2018-11-14T08:17:03'\nSystem info: host: 'fv-az52-147', ip: '10.1.0.4', os.name: 'Linux', os.arch: 'amd64', os.version: '5.4.0-1032-azure', java.version: '1.8.0_275'\nselenide.remote: http://127.0.0.1:4444/wd/hub\nDriver info: driver.version: SelenideDriver\nselenide.url: http://qabattle:8080/index.html\nselenide.baseUrl: http://qabattle:8080",
        "time" : {
          "start" : 1610522924448,
          "stop" : 1610522924449,
          "duration" : 1
        }
      }, {
        "uid" : "e8b913b46f598250",
        "reportUrl" : "https://simple-elf.github.io/qabattle-selenide/74//#testresult/e8b913b46f598250",
        "status" : "skipped",
        "statusDetails" : "Could not start a new session. Possible causes are invalid address of the remote server or browser start-up failure.\nBuild info: version: '3.141.59', revision: 'e82be7d358', time: '2018-11-14T08:17:03'\nSystem info: host: 'fv-az195-130', ip: '10.1.0.4', os.name: 'Linux', os.arch: 'amd64', os.version: '5.4.0-1032-azure', java.version: '1.8.0_275'\nselenide.remote: http://127.0.0.1:4444/wd/hub\nDriver info: driver.version: SelenideDriver\nselenide.url: http://qabattle:8080/index.html\nselenide.baseUrl: http://qabattle:8080",
        "time" : {
          "start" : 1610522660064,
          "stop" : 1610522660065,
          "duration" : 1
        }
      }, {
        "uid" : "27ddcd4565c336ec",
        "reportUrl" : "https://simple-elf.github.io/qabattle-selenide/73//#testresult/27ddcd4565c336ec",
        "status" : "skipped",
        "statusDetails" : "Requested environment is not available (WARNING: The server did not provide any stacktrace information)\nCommand duration or timeout: 3 milliseconds\nBuild info: version: '3.141.59', revision: 'e82be7d358', time: '2018-11-14T08:17:03'\nSystem info: host: 'fv-az184-39', ip: '10.1.0.4', os.name: 'Linux', os.arch: 'amd64', os.version: '5.4.0-1032-azure', java.version: '1.8.0_275'\nselenide.remote: http://127.0.0.1:4444/wd/hub\nDriver info: driver.version: SelenideDriver\nselenide.url: http://qabattle:8080/index.html\nselenide.baseUrl: http://qabattle:8080",
        "time" : {
          "start" : 1610455481565,
          "stop" : 1610455481565,
          "duration" : 0
        }
      }, {
        "uid" : "549bf1c62a579341",
        "reportUrl" : "https://simple-elf.github.io/qabattle-selenide/72//#testresult/549bf1c62a579341",
        "status" : "passed",
        "time" : {
          "start" : 1604415892503,
          "stop" : 1604415895375,
          "duration" : 2872
        }
      }, {
        "uid" : "74368312603299f8",
        "reportUrl" : "https://simple-elf.github.io/qabattle-selenide/71//#testresult/74368312603299f8",
        "status" : "passed",
        "time" : {
          "start" : 1599923417315,
          "stop" : 1599923421165,
          "duration" : 3850
        }
      }, {
        "uid" : "32557734acebb3f8",
        "reportUrl" : "https://simple-elf.github.io/qabattle-selenide/70//#testresult/32557734acebb3f8",
        "status" : "passed",
        "time" : {
          "start" : 1598015191685,
          "stop" : 1598015195081,
          "duration" : 3396
        }
      }, {
        "uid" : "6eb9fa66c7744eb5",
        "reportUrl" : "https://simple-elf.github.io/qabattle-selenide/69//#testresult/6eb9fa66c7744eb5",
        "status" : "skipped",
        "statusDetails" : "org.openqa.selenium.WebDriverException: start video container: create video container: Error response from daemon: create \"/home/runner/work/qabattle-selenide/qabattle-selenide/opt\": \"\\\"/home/runner/work/qabattle-selenide/qabattle-selenide/opt\\\"\" includes invalid characters for a local volume name, only \"[a-zA-Z0-9][a-zA-Z0-9_.-]\" are allowed. If you intended to pass a host directory, use absolute path (WARNING: The server did not provide any stacktrace information)\nCommand duration or timeout: 3.45 seconds\nBuild info: version: '3.141.59', revision: 'e82be7d358', time: '2018-11-14T08:17:03'\nSystem info: host: 'fv-az60', ip: '10.1.0.4', os.name: 'Linux', os.arch: 'amd64', os.version: '5.3.0-1034-azure', java.version: '1.8.0_265'\nDriver info: driver.version: SelenideDriver",
        "time" : {
          "start" : 1598014905325,
          "stop" : 1598014905328,
          "duration" : 3
        }
      }, {
        "uid" : "40925e8ae6646a8c",
        "reportUrl" : "https://simple-elf.github.io/qabattle-selenide/68//#testresult/40925e8ae6646a8c",
        "status" : "skipped",
        "statusDetails" : "org.openqa.selenium.WebDriverException: start video container: create video container: Error response from daemon: create \"/home/runner/work/qabattle-selenide/qabattle-selenide/opt\": \"\\\"/home/runner/work/qabattle-selenide/qabattle-selenide/opt\\\"\" includes invalid characters for a local volume name, only \"[a-zA-Z0-9][a-zA-Z0-9_.-]\" are allowed. If you intended to pass a host directory, use absolute path (WARNING: The server did not provide any stacktrace information)\nCommand duration or timeout: 3.75 seconds\nBuild info: version: '3.141.59', revision: 'e82be7d358', time: '2018-11-14T08:17:03'\nSystem info: host: 'fv-az60', ip: '10.1.0.4', os.name: 'Linux', os.arch: 'amd64', os.version: '5.3.0-1034-azure', java.version: '1.8.0_265'\nDriver info: driver.version: SelenideDriver",
        "time" : {
          "start" : 1598014464235,
          "stop" : 1598014464236,
          "duration" : 1
        }
      }, {
        "uid" : "802420335aad7dfe",
        "reportUrl" : "https://simple-elf.github.io/qabattle-selenide/67//#testresult/802420335aad7dfe",
        "status" : "skipped",
        "statusDetails" : "org.openqa.selenium.WebDriverException: start video container: create video container: Error response from daemon: create \"/home/runner/work/qabattle-selenide/qabattle-selenide/opt\": \"\\\"/home/runner/work/qabattle-selenide/qabattle-selenide/opt\\\"\" includes invalid characters for a local volume name, only \"[a-zA-Z0-9][a-zA-Z0-9_.-]\" are allowed. If you intended to pass a host directory, use absolute path (WARNING: The server did not provide any stacktrace information)\nCommand duration or timeout: 3.50 seconds\nBuild info: version: '3.141.59', revision: 'e82be7d358', time: '2018-11-14T08:17:03'\nSystem info: host: 'fv-az60', ip: '10.1.0.4', os.name: 'Linux', os.arch: 'amd64', os.version: '5.3.0-1034-azure', java.version: '1.8.0_265'\nDriver info: driver.version: SelenideDriver",
        "time" : {
          "start" : 1598014218112,
          "stop" : 1598014218113,
          "duration" : 1
        }
      }, {
        "uid" : "99f06e400740445d",
        "reportUrl" : "https://simple-elf.github.io/qabattle-selenide/66//#testresult/99f06e400740445d",
        "status" : "skipped",
        "statusDetails" : "org.openqa.selenium.WebDriverException: start video container: create video container: Error response from daemon: create \"/home/runner/work/qabattle-selenide/qabattle-selenide/opt\": \"\\\"/home/runner/work/qabattle-selenide/qabattle-selenide/opt\\\"\" includes invalid characters for a local volume name, only \"[a-zA-Z0-9][a-zA-Z0-9_.-]\" are allowed. If you intended to pass a host directory, use absolute path (WARNING: The server did not provide any stacktrace information)\nCommand duration or timeout: 3.88 seconds\nBuild info: version: '3.141.59', revision: 'e82be7d358', time: '2018-11-14T08:17:03'\nSystem info: host: 'fv-az151', ip: '10.1.0.4', os.name: 'Linux', os.arch: 'amd64', os.version: '5.3.0-1034-azure', java.version: '1.8.0_265'\nDriver info: driver.version: SelenideDriver",
        "time" : {
          "start" : 1598011481557,
          "stop" : 1598011481560,
          "duration" : 3
        }
      }, {
        "uid" : "b6cc175b3b728293",
        "reportUrl" : "https://simple-elf.github.io/qabattle-selenide/65//#testresult/b6cc175b3b728293",
        "status" : "skipped",
        "statusDetails" : "org.openqa.selenium.WebDriverException: start video container: create video container: Error response from daemon: create \"/home/runner/work/qabattle-selenide/qabattle-selenide/opt\": \"\\\"/home/runner/work/qabattle-selenide/qabattle-selenide/opt\\\"\" includes invalid characters for a local volume name, only \"[a-zA-Z0-9][a-zA-Z0-9_.-]\" are allowed. If you intended to pass a host directory, use absolute path (WARNING: The server did not provide any stacktrace information)\nCommand duration or timeout: 3.81 seconds\nBuild info: version: '3.141.59', revision: 'e82be7d358', time: '2018-11-14T08:17:03'\nSystem info: host: 'fv-az184', ip: '10.1.0.4', os.name: 'Linux', os.arch: 'amd64', os.version: '5.3.0-1034-azure', java.version: '1.8.0_265'\nDriver info: driver.version: SelenideDriver",
        "time" : {
          "start" : 1598010017604,
          "stop" : 1598010017605,
          "duration" : 1
        }
      }, {
        "uid" : "86de053993083a04",
        "reportUrl" : "https://simple-elf.github.io/qabattle-selenide/64//#testresult/86de053993083a04",
        "status" : "skipped",
        "statusDetails" : "org.openqa.selenium.WebDriverException: start video container: create video container: Error response from daemon: create \"/home/runner/work/qabattle-selenide/qabattle-selenide/opt\": \"\\\"/home/runner/work/qabattle-selenide/qabattle-selenide/opt\\\"\" includes invalid characters for a local volume name, only \"[a-zA-Z0-9][a-zA-Z0-9_.-]\" are allowed. If you intended to pass a host directory, use absolute path (WARNING: The server did not provide any stacktrace information)\nCommand duration or timeout: 3.96 seconds\nBuild info: version: '3.141.59', revision: 'e82be7d358', time: '2018-11-14T08:17:03'\nSystem info: host: 'fv-az60', ip: '10.1.0.4', os.name: 'Linux', os.arch: 'amd64', os.version: '5.3.0-1034-azure', java.version: '1.8.0_265'\nDriver info: driver.version: SelenideDriver",
        "time" : {
          "start" : 1598009267538,
          "stop" : 1598009267540,
          "duration" : 2
        }
      }, {
        "uid" : "e8f14441657f4af2",
        "reportUrl" : "https://simple-elf.github.io/qabattle-selenide/63//#testresult/e8f14441657f4af2",
        "status" : "skipped",
        "statusDetails" : "org.openqa.selenium.WebDriverException: start video container: create video container: Error response from daemon: create \"/home/runner/work/qabattle-selenide/qabattle-selenide/opt\": \"\\\"/home/runner/work/qabattle-selenide/qabattle-selenide/opt\\\"\" includes invalid characters for a local volume name, only \"[a-zA-Z0-9][a-zA-Z0-9_.-]\" are allowed. If you intended to pass a host directory, use absolute path (WARNING: The server did not provide any stacktrace information)\nCommand duration or timeout: 3.82 seconds\nBuild info: version: '3.141.59', revision: 'e82be7d358', time: '2018-11-14T08:17:03'\nSystem info: host: 'fv-az195', ip: '10.1.0.4', os.name: 'Linux', os.arch: 'amd64', os.version: '5.3.0-1034-azure', java.version: '1.8.0_265'\nDriver info: driver.version: SelenideDriver",
        "time" : {
          "start" : 1598007141007,
          "stop" : 1598007141008,
          "duration" : 1
        }
      } ]
    },
    "tags" : [ ]
  },
  "source" : "aecf637de456f6e6.json",
  "parameterValues" : [ ]
}