{
  "uid" : "b2e4b265d8861876",
  "name" : "Ввод и очистка полей логина и пароля",
  "fullName" : "com.test.qabattle.tests.LoginTest.clearLoginAndPassTest",
  "historyId" : "5a30a19e7fa0ec36c5897565c785a7ce",
  "time" : {
    "start" : 1610523148935,
    "stop" : 1610523166699,
    "duration" : 17764
  },
  "status" : "failed",
  "statusMessage" : "Element not found {img[src='sign.png']}\nExpected: visible\nPage source: file:/home/runner/work/qabattle-selenide/qabattle-selenide/target/reports/1610523166264.0.html\nTimeout: 10 s.\nCaused by: NoSuchElementException: no such element: Unable to locate element: {\"method\":\"css selector\",\"selector\":\"img[src='sign.png']\"}",
  "statusTrace" : "Element not found {img[src='sign.png']}\nExpected: visible\nPage source: file:/home/runner/work/qabattle-selenide/qabattle-selenide/target/reports/1610523166264.0.html\nTimeout: 10 s.\nCaused by: NoSuchElementException: no such element: Unable to locate element: {\"method\":\"css selector\",\"selector\":\"img[src='sign.png']\"}\n\tat com.codeborne.selenide.impl.WebElementSource.createElementNotFoundError(WebElementSource.java:77)\n\tat com.codeborne.selenide.impl.ElementFinder.createElementNotFoundError(ElementFinder.java:136)\n\tat com.codeborne.selenide.impl.WebElementSource.checkCondition(WebElementSource.java:108)\n\tat com.codeborne.selenide.commands.Should.execute(Should.java:30)\n\tat com.codeborne.selenide.commands.Should.execute(Should.java:14)\n\tat com.codeborne.selenide.commands.Commands.execute(Commands.java:154)\n\tat com.codeborne.selenide.impl.SelenideElementProxy.dispatchAndRetry(SelenideElementProxy.java:128)\n\tat com.codeborne.selenide.impl.SelenideElementProxy.invoke(SelenideElementProxy.java:80)\n\tat com.sun.proxy.$Proxy11.waitUntil(Unknown Source)\n\tat com.test.qabattle.pages.LoginForm.loginClick(LoginForm.java:42)\n\tat com.test.qabattle.tests.LoginTest.clearLoginAndPassTest(LoginTest.java:89)\n\tat sun.reflect.NativeMethodAccessorImpl.invoke0(Native Method)\n\tat sun.reflect.NativeMethodAccessorImpl.invoke(NativeMethodAccessorImpl.java:62)\n\tat sun.reflect.DelegatingMethodAccessorImpl.invoke(DelegatingMethodAccessorImpl.java:43)\n\tat java.lang.reflect.Method.invoke(Method.java:498)\n\tat org.testng.internal.MethodInvocationHelper.invokeMethod(MethodInvocationHelper.java:124)\n\tat org.testng.internal.Invoker.invokeMethod(Invoker.java:583)\n\tat org.testng.internal.Invoker.invokeTestMethod(Invoker.java:719)\n\tat org.testng.internal.Invoker.invokeTestMethods(Invoker.java:989)\n\tat org.testng.internal.TestMethodWorker.invokeTestMethods(TestMethodWorker.java:125)\n\tat org.testng.internal.TestMethodWorker.run(TestMethodWorker.java:109)\n\tat org.testng.TestRunner.privateRun(TestRunner.java:648)\n\tat org.testng.TestRunner.run(TestRunner.java:505)\n\tat org.testng.SuiteRunner.runTest(SuiteRunner.java:455)\n\tat org.testng.SuiteRunner.runSequentially(SuiteRunner.java:450)\n\tat org.testng.SuiteRunner.privateRun(SuiteRunner.java:415)\n\tat org.testng.SuiteRunner.run(SuiteRunner.java:364)\n\tat org.testng.SuiteRunnerWorker.runSuite(SuiteRunnerWorker.java:52)\n\tat org.testng.SuiteRunnerWorker.run(SuiteRunnerWorker.java:84)\n\tat org.testng.TestNG.runSuitesSequentially(TestNG.java:1208)\n\tat org.testng.TestNG.runSuitesLocally(TestNG.java:1137)\n\tat org.testng.TestNG.runSuites(TestNG.java:1049)\n\tat org.testng.TestNG.run(TestNG.java:1017)\n\tat org.apache.maven.surefire.testng.TestNGExecutor.run(TestNGExecutor.java:135)\n\tat org.apache.maven.surefire.testng.TestNGDirectoryTestSuite.executeMulti(TestNGDirectoryTestSuite.java:193)\n\tat org.apache.maven.surefire.testng.TestNGDirectoryTestSuite.execute(TestNGDirectoryTestSuite.java:94)\n\tat org.apache.maven.surefire.testng.TestNGProvider.invoke(TestNGProvider.java:146)\n\tat org.apache.maven.surefire.booter.ForkedBooter.invokeProviderInSameClassLoader(ForkedBooter.java:379)\n\tat org.apache.maven.surefire.booter.ForkedBooter.runSuitesInProcess(ForkedBooter.java:340)\n\tat org.apache.maven.surefire.booter.ForkedBooter.execute(ForkedBooter.java:125)\n\tat org.apache.maven.surefire.booter.ForkedBooter.main(ForkedBooter.java:413)\nCaused by: org.openqa.selenium.NoSuchElementException: no such element: Unable to locate element: {\"method\":\"css selector\",\"selector\":\"img[src='sign.png']\"}\n  (Session info: chrome=86.0.4240.198)\n  (Driver info: operadriver=86.0.4240.80 (7ed88b53bda45a2d19efb4f8706dd6b6cad0d3af-refs/branch-heads/4240@{#1183}),platform=Linux 5.4.0-1032-azure x86_64) (WARNING: The server did not provide any stacktrace information)\nCommand duration or timeout: 0 milliseconds\nFor documentation on this error, please visit: https://www.seleniumhq.org/exceptions/no_such_element.html\nBuild info: version: '3.141.59', revision: 'e82be7d358', time: '2018-11-14T08:17:03'\nSystem info: host: 'fv-az184-323', ip: '10.1.0.4', os.name: 'Linux', os.arch: 'amd64', os.version: '5.4.0-1032-azure', java.version: '1.8.0_275'\nDriver info: org.openqa.selenium.remote.RemoteWebDriver\nCapabilities {acceptInsecureCerts: true, acceptSslCerts: true, applicationCacheEnabled: false, browserConnectionEnabled: false, browserName: opera, cssSelectorsEnabled: true, databaseEnabled: false, goog:chromeOptions: {debuggerAddress: localhost:39151}, handlesAlerts: true, hasTouchScreen: false, javascriptEnabled: true, locationContextEnabled: true, mobileEmulationEnabled: false, nativeEvents: true, networkConnectionEnabled: false, opera: {operadriverVersion: 86.0.4240.80 (7ed88b53bda45..., userDataDir: /tmp/.org.chromium.Chromium...}, pageLoadStrategy: normal, platform: LINUX, platformName: LINUX, proxy: Proxy(), rotatable: false, setWindowRect: true, strictFileInteractability: false, takesHeapSnapshot: true, takesScreenshot: true, timeouts: {implicit: 0, pageLoad: 300000, script: 30000}, unexpectedAlertBehaviour: ignore, unhandledPromptBehavior: ignore, version: 86.0.4240.198, webStorageEnabled: true, webauthn:virtualAuthenticators: true}\nSession ID: a37fcb7afc8dc3a31749f326ff434661\n*** Element info: {Using=css selector, value=img[src='sign.png']}\n\tat sun.reflect.GeneratedConstructorAccessor11.newInstance(Unknown Source)\n\tat sun.reflect.DelegatingConstructorAccessorImpl.newInstance(DelegatingConstructorAccessorImpl.java:45)\n\tat java.lang.reflect.Constructor.newInstance(Constructor.java:423)\n\tat org.openqa.selenium.remote.ErrorHandler.createThrowable(ErrorHandler.java:214)\n\tat org.openqa.selenium.remote.ErrorHandler.throwIfResponseFailed(ErrorHandler.java:166)\n\tat org.openqa.selenium.remote.http.JsonHttpResponseCodec.reconstructValue(JsonHttpResponseCodec.java:40)\n\tat org.openqa.selenium.remote.http.AbstractHttpResponseCodec.decode(AbstractHttpResponseCodec.java:80)\n\tat org.openqa.selenium.remote.http.AbstractHttpResponseCodec.decode(AbstractHttpResponseCodec.java:44)\n\tat org.openqa.selenium.remote.HttpCommandExecutor.execute(HttpCommandExecutor.java:158)\n\tat org.openqa.selenium.remote.RemoteWebDriver.execute(RemoteWebDriver.java:552)\n\tat org.openqa.selenium.remote.RemoteWebDriver.findElement(RemoteWebDriver.java:323)\n\tat org.openqa.selenium.remote.RemoteWebDriver.findElementByCssSelector(RemoteWebDriver.java:420)\n\tat org.openqa.selenium.By$ByCssSelector.findElement(By.java:431)\n\tat org.openqa.selenium.remote.RemoteWebDriver.findElement(RemoteWebDriver.java:315)\n\tat com.codeborne.selenide.impl.WebElementSelector.findElement(WebElementSelector.java:65)\n\tat com.codeborne.selenide.impl.WebElementSelector.findElement(WebElementSelector.java:40)\n\tat com.codeborne.selenide.impl.ElementFinder.getWebElement(ElementFinder.java:104)\n\tat com.codeborne.selenide.impl.WebElementSource.checkCondition(WebElementSource.java:93)\n\t... 38 more\n",
  "flaky" : false,
  "newFailed" : false,
  "beforeStages" : [ {
    "name" : "beforeClass",
    "time" : {
      "start" : 1610523148800,
      "stop" : 1610523148820,
      "duration" : 20
    },
    "description" : "",
    "status" : "passed",
    "steps" : [ ],
    "attachments" : [ ],
    "parameters" : [ ],
    "stepsCount" : 0,
    "attachmentsCount" : 0,
    "shouldDisplayMessage" : false,
    "hasContent" : false
  } ],
  "testStage" : {
    "status" : "failed",
    "statusMessage" : "Element not found {img[src='sign.png']}\nExpected: visible\nPage source: file:/home/runner/work/qabattle-selenide/qabattle-selenide/target/reports/1610523166264.0.html\nTimeout: 10 s.\nCaused by: NoSuchElementException: no such element: Unable to locate element: {\"method\":\"css selector\",\"selector\":\"img[src='sign.png']\"}",
    "statusTrace" : "Element not found {img[src='sign.png']}\nExpected: visible\nPage source: file:/home/runner/work/qabattle-selenide/qabattle-selenide/target/reports/1610523166264.0.html\nTimeout: 10 s.\nCaused by: NoSuchElementException: no such element: Unable to locate element: {\"method\":\"css selector\",\"selector\":\"img[src='sign.png']\"}\n\tat com.codeborne.selenide.impl.WebElementSource.createElementNotFoundError(WebElementSource.java:77)\n\tat com.codeborne.selenide.impl.ElementFinder.createElementNotFoundError(ElementFinder.java:136)\n\tat com.codeborne.selenide.impl.WebElementSource.checkCondition(WebElementSource.java:108)\n\tat com.codeborne.selenide.commands.Should.execute(Should.java:30)\n\tat com.codeborne.selenide.commands.Should.execute(Should.java:14)\n\tat com.codeborne.selenide.commands.Commands.execute(Commands.java:154)\n\tat com.codeborne.selenide.impl.SelenideElementProxy.dispatchAndRetry(SelenideElementProxy.java:128)\n\tat com.codeborne.selenide.impl.SelenideElementProxy.invoke(SelenideElementProxy.java:80)\n\tat com.sun.proxy.$Proxy11.waitUntil(Unknown Source)\n\tat com.test.qabattle.pages.LoginForm.loginClick(LoginForm.java:42)\n\tat com.test.qabattle.tests.LoginTest.clearLoginAndPassTest(LoginTest.java:89)\n\tat sun.reflect.NativeMethodAccessorImpl.invoke0(Native Method)\n\tat sun.reflect.NativeMethodAccessorImpl.invoke(NativeMethodAccessorImpl.java:62)\n\tat sun.reflect.DelegatingMethodAccessorImpl.invoke(DelegatingMethodAccessorImpl.java:43)\n\tat java.lang.reflect.Method.invoke(Method.java:498)\n\tat org.testng.internal.MethodInvocationHelper.invokeMethod(MethodInvocationHelper.java:124)\n\tat org.testng.internal.Invoker.invokeMethod(Invoker.java:583)\n\tat org.testng.internal.Invoker.invokeTestMethod(Invoker.java:719)\n\tat org.testng.internal.Invoker.invokeTestMethods(Invoker.java:989)\n\tat org.testng.internal.TestMethodWorker.invokeTestMethods(TestMethodWorker.java:125)\n\tat org.testng.internal.TestMethodWorker.run(TestMethodWorker.java:109)\n\tat org.testng.TestRunner.privateRun(TestRunner.java:648)\n\tat org.testng.TestRunner.run(TestRunner.java:505)\n\tat org.testng.SuiteRunner.runTest(SuiteRunner.java:455)\n\tat org.testng.SuiteRunner.runSequentially(SuiteRunner.java:450)\n\tat org.testng.SuiteRunner.privateRun(SuiteRunner.java:415)\n\tat org.testng.SuiteRunner.run(SuiteRunner.java:364)\n\tat org.testng.SuiteRunnerWorker.runSuite(SuiteRunnerWorker.java:52)\n\tat org.testng.SuiteRunnerWorker.run(SuiteRunnerWorker.java:84)\n\tat org.testng.TestNG.runSuitesSequentially(TestNG.java:1208)\n\tat org.testng.TestNG.runSuitesLocally(TestNG.java:1137)\n\tat org.testng.TestNG.runSuites(TestNG.java:1049)\n\tat org.testng.TestNG.run(TestNG.java:1017)\n\tat org.apache.maven.surefire.testng.TestNGExecutor.run(TestNGExecutor.java:135)\n\tat org.apache.maven.surefire.testng.TestNGDirectoryTestSuite.executeMulti(TestNGDirectoryTestSuite.java:193)\n\tat org.apache.maven.surefire.testng.TestNGDirectoryTestSuite.execute(TestNGDirectoryTestSuite.java:94)\n\tat org.apache.maven.surefire.testng.TestNGProvider.invoke(TestNGProvider.java:146)\n\tat org.apache.maven.surefire.booter.ForkedBooter.invokeProviderInSameClassLoader(ForkedBooter.java:379)\n\tat org.apache.maven.surefire.booter.ForkedBooter.runSuitesInProcess(ForkedBooter.java:340)\n\tat org.apache.maven.surefire.booter.ForkedBooter.execute(ForkedBooter.java:125)\n\tat org.apache.maven.surefire.booter.ForkedBooter.main(ForkedBooter.java:413)\nCaused by: org.openqa.selenium.NoSuchElementException: no such element: Unable to locate element: {\"method\":\"css selector\",\"selector\":\"img[src='sign.png']\"}\n  (Session info: chrome=86.0.4240.198)\n  (Driver info: operadriver=86.0.4240.80 (7ed88b53bda45a2d19efb4f8706dd6b6cad0d3af-refs/branch-heads/4240@{#1183}),platform=Linux 5.4.0-1032-azure x86_64) (WARNING: The server did not provide any stacktrace information)\nCommand duration or timeout: 0 milliseconds\nFor documentation on this error, please visit: https://www.seleniumhq.org/exceptions/no_such_element.html\nBuild info: version: '3.141.59', revision: 'e82be7d358', time: '2018-11-14T08:17:03'\nSystem info: host: 'fv-az184-323', ip: '10.1.0.4', os.name: 'Linux', os.arch: 'amd64', os.version: '5.4.0-1032-azure', java.version: '1.8.0_275'\nDriver info: org.openqa.selenium.remote.RemoteWebDriver\nCapabilities {acceptInsecureCerts: true, acceptSslCerts: true, applicationCacheEnabled: false, browserConnectionEnabled: false, browserName: opera, cssSelectorsEnabled: true, databaseEnabled: false, goog:chromeOptions: {debuggerAddress: localhost:39151}, handlesAlerts: true, hasTouchScreen: false, javascriptEnabled: true, locationContextEnabled: true, mobileEmulationEnabled: false, nativeEvents: true, networkConnectionEnabled: false, opera: {operadriverVersion: 86.0.4240.80 (7ed88b53bda45..., userDataDir: /tmp/.org.chromium.Chromium...}, pageLoadStrategy: normal, platform: LINUX, platformName: LINUX, proxy: Proxy(), rotatable: false, setWindowRect: true, strictFileInteractability: false, takesHeapSnapshot: true, takesScreenshot: true, timeouts: {implicit: 0, pageLoad: 300000, script: 30000}, unexpectedAlertBehaviour: ignore, unhandledPromptBehavior: ignore, version: 86.0.4240.198, webStorageEnabled: true, webauthn:virtualAuthenticators: true}\nSession ID: a37fcb7afc8dc3a31749f326ff434661\n*** Element info: {Using=css selector, value=img[src='sign.png']}\n\tat sun.reflect.GeneratedConstructorAccessor11.newInstance(Unknown Source)\n\tat sun.reflect.DelegatingConstructorAccessorImpl.newInstance(DelegatingConstructorAccessorImpl.java:45)\n\tat java.lang.reflect.Constructor.newInstance(Constructor.java:423)\n\tat org.openqa.selenium.remote.ErrorHandler.createThrowable(ErrorHandler.java:214)\n\tat org.openqa.selenium.remote.ErrorHandler.throwIfResponseFailed(ErrorHandler.java:166)\n\tat org.openqa.selenium.remote.http.JsonHttpResponseCodec.reconstructValue(JsonHttpResponseCodec.java:40)\n\tat org.openqa.selenium.remote.http.AbstractHttpResponseCodec.decode(AbstractHttpResponseCodec.java:80)\n\tat org.openqa.selenium.remote.http.AbstractHttpResponseCodec.decode(AbstractHttpResponseCodec.java:44)\n\tat org.openqa.selenium.remote.HttpCommandExecutor.execute(HttpCommandExecutor.java:158)\n\tat org.openqa.selenium.remote.RemoteWebDriver.execute(RemoteWebDriver.java:552)\n\tat org.openqa.selenium.remote.RemoteWebDriver.findElement(RemoteWebDriver.java:323)\n\tat org.openqa.selenium.remote.RemoteWebDriver.findElementByCssSelector(RemoteWebDriver.java:420)\n\tat org.openqa.selenium.By$ByCssSelector.findElement(By.java:431)\n\tat org.openqa.selenium.remote.RemoteWebDriver.findElement(RemoteWebDriver.java:315)\n\tat com.codeborne.selenide.impl.WebElementSelector.findElement(WebElementSelector.java:65)\n\tat com.codeborne.selenide.impl.WebElementSelector.findElement(WebElementSelector.java:40)\n\tat com.codeborne.selenide.impl.ElementFinder.getWebElement(ElementFinder.java:104)\n\tat com.codeborne.selenide.impl.WebElementSource.checkCondition(WebElementSource.java:93)\n\t... 38 more\n",
    "steps" : [ {
      "name" : "Открыть страницу логина",
      "time" : {
        "start" : 1610523149135,
        "stop" : 1610523155432,
        "duration" : 6297
      },
      "status" : "passed",
      "steps" : [ ],
      "attachments" : [ ],
      "parameters" : [ ],
      "stepsCount" : 0,
      "attachmentsCount" : 0,
      "shouldDisplayMessage" : false,
      "hasContent" : false
    }, {
      "name" : "Ввод логина и пароля",
      "time" : {
        "start" : 1610523155433,
        "stop" : 1610523155931,
        "duration" : 498
      },
      "status" : "passed",
      "steps" : [ {
        "name" : "Ввод логина",
        "time" : {
          "start" : 1610523155433,
          "stop" : 1610523155711,
          "duration" : 278
        },
        "status" : "passed",
        "steps" : [ ],
        "attachments" : [ ],
        "parameters" : [ {
          "name" : "login",
          "value" : "1"
        } ],
        "stepsCount" : 0,
        "attachmentsCount" : 0,
        "shouldDisplayMessage" : false,
        "hasContent" : true
      }, {
        "name" : "Ввод пароля",
        "time" : {
          "start" : 1610523155711,
          "stop" : 1610523155931,
          "duration" : 220
        },
        "status" : "passed",
        "steps" : [ ],
        "attachments" : [ ],
        "parameters" : [ {
          "name" : "pass",
          "value" : "1"
        } ],
        "stepsCount" : 0,
        "attachmentsCount" : 0,
        "shouldDisplayMessage" : false,
        "hasContent" : true
      } ],
      "attachments" : [ ],
      "parameters" : [ {
        "name" : "login",
        "value" : "1"
      }, {
        "name" : "pass",
        "value" : "1"
      } ],
      "stepsCount" : 2,
      "attachmentsCount" : 0,
      "shouldDisplayMessage" : false,
      "hasContent" : true
    }, {
      "name" : "Подождать появление кнопки 'Sign In' и нажать на неё",
      "time" : {
        "start" : 1610523155931,
        "stop" : 1610523166688,
        "duration" : 10757
      },
      "status" : "failed",
      "statusMessage" : "Element not found {img[src='sign.png']}\nExpected: visible\nPage source: file:/home/runner/work/qabattle-selenide/qabattle-selenide/target/reports/1610523166264.0.html\nTimeout: 10 s.\nCaused by: NoSuchElementException: no such element: Unable to locate element: {\"method\":\"css selector\",\"selector\":\"img[src='sign.png']\"}",
      "statusTrace" : "Element not found {img[src='sign.png']}\nExpected: visible\nPage source: file:/home/runner/work/qabattle-selenide/qabattle-selenide/target/reports/1610523166264.0.html\nTimeout: 10 s.\nCaused by: NoSuchElementException: no such element: Unable to locate element: {\"method\":\"css selector\",\"selector\":\"img[src='sign.png']\"}\n\tat com.codeborne.selenide.impl.WebElementSource.createElementNotFoundError(WebElementSource.java:77)\n\tat com.codeborne.selenide.impl.ElementFinder.createElementNotFoundError(ElementFinder.java:136)\n\tat com.codeborne.selenide.impl.WebElementSource.checkCondition(WebElementSource.java:108)\n\tat com.codeborne.selenide.commands.Should.execute(Should.java:30)\n\tat com.codeborne.selenide.commands.Should.execute(Should.java:14)\n\tat com.codeborne.selenide.commands.Commands.execute(Commands.java:154)\n\tat com.codeborne.selenide.impl.SelenideElementProxy.dispatchAndRetry(SelenideElementProxy.java:128)\n\tat com.codeborne.selenide.impl.SelenideElementProxy.invoke(SelenideElementProxy.java:80)\n\tat com.sun.proxy.$Proxy11.waitUntil(Unknown Source)\n\tat com.test.qabattle.pages.LoginForm.loginClick(LoginForm.java:42)\n\tat com.test.qabattle.tests.LoginTest.clearLoginAndPassTest(LoginTest.java:89)\n\tat sun.reflect.NativeMethodAccessorImpl.invoke0(Native Method)\n\tat sun.reflect.NativeMethodAccessorImpl.invoke(NativeMethodAccessorImpl.java:62)\n\tat sun.reflect.DelegatingMethodAccessorImpl.invoke(DelegatingMethodAccessorImpl.java:43)\n\tat java.lang.reflect.Method.invoke(Method.java:498)\n\tat org.testng.internal.MethodInvocationHelper.invokeMethod(MethodInvocationHelper.java:124)\n\tat org.testng.internal.Invoker.invokeMethod(Invoker.java:583)\n\tat org.testng.internal.Invoker.invokeTestMethod(Invoker.java:719)\n\tat org.testng.internal.Invoker.invokeTestMethods(Invoker.java:989)\n\tat org.testng.internal.TestMethodWorker.invokeTestMethods(TestMethodWorker.java:125)\n\tat org.testng.internal.TestMethodWorker.run(TestMethodWorker.java:109)\n\tat org.testng.TestRunner.privateRun(TestRunner.java:648)\n\tat org.testng.TestRunner.run(TestRunner.java:505)\n\tat org.testng.SuiteRunner.runTest(SuiteRunner.java:455)\n\tat org.testng.SuiteRunner.runSequentially(SuiteRunner.java:450)\n\tat org.testng.SuiteRunner.privateRun(SuiteRunner.java:415)\n\tat org.testng.SuiteRunner.run(SuiteRunner.java:364)\n\tat org.testng.SuiteRunnerWorker.runSuite(SuiteRunnerWorker.java:52)\n\tat org.testng.SuiteRunnerWorker.run(SuiteRunnerWorker.java:84)\n\tat org.testng.TestNG.runSuitesSequentially(TestNG.java:1208)\n\tat org.testng.TestNG.runSuitesLocally(TestNG.java:1137)\n\tat org.testng.TestNG.runSuites(TestNG.java:1049)\n\tat org.testng.TestNG.run(TestNG.java:1017)\n\tat org.apache.maven.surefire.testng.TestNGExecutor.run(TestNGExecutor.java:135)\n\tat org.apache.maven.surefire.testng.TestNGDirectoryTestSuite.executeMulti(TestNGDirectoryTestSuite.java:193)\n\tat org.apache.maven.surefire.testng.TestNGDirectoryTestSuite.execute(TestNGDirectoryTestSuite.java:94)\n\tat org.apache.maven.surefire.testng.TestNGProvider.invoke(TestNGProvider.java:146)\n\tat org.apache.maven.surefire.booter.ForkedBooter.invokeProviderInSameClassLoader(ForkedBooter.java:379)\n\tat org.apache.maven.surefire.booter.ForkedBooter.runSuitesInProcess(ForkedBooter.java:340)\n\tat org.apache.maven.surefire.booter.ForkedBooter.execute(ForkedBooter.java:125)\n\tat org.apache.maven.surefire.booter.ForkedBooter.main(ForkedBooter.java:413)\nCaused by: org.openqa.selenium.NoSuchElementException: no such element: Unable to locate element: {\"method\":\"css selector\",\"selector\":\"img[src='sign.png']\"}\n  (Session info: chrome=86.0.4240.198)\n  (Driver info: operadriver=86.0.4240.80 (7ed88b53bda45a2d19efb4f8706dd6b6cad0d3af-refs/branch-heads/4240@{#1183}),platform=Linux 5.4.0-1032-azure x86_64) (WARNING: The server did not provide any stacktrace information)\nCommand duration or timeout: 0 milliseconds\nFor documentation on this error, please visit: https://www.seleniumhq.org/exceptions/no_such_element.html\nBuild info: version: '3.141.59', revision: 'e82be7d358', time: '2018-11-14T08:17:03'\nSystem info: host: 'fv-az184-323', ip: '10.1.0.4', os.name: 'Linux', os.arch: 'amd64', os.version: '5.4.0-1032-azure', java.version: '1.8.0_275'\nDriver info: org.openqa.selenium.remote.RemoteWebDriver\nCapabilities {acceptInsecureCerts: true, acceptSslCerts: true, applicationCacheEnabled: false, browserConnectionEnabled: false, browserName: opera, cssSelectorsEnabled: true, databaseEnabled: false, goog:chromeOptions: {debuggerAddress: localhost:39151}, handlesAlerts: true, hasTouchScreen: false, javascriptEnabled: true, locationContextEnabled: true, mobileEmulationEnabled: false, nativeEvents: true, networkConnectionEnabled: false, opera: {operadriverVersion: 86.0.4240.80 (7ed88b53bda45..., userDataDir: /tmp/.org.chromium.Chromium...}, pageLoadStrategy: normal, platform: LINUX, platformName: LINUX, proxy: Proxy(), rotatable: false, setWindowRect: true, strictFileInteractability: false, takesHeapSnapshot: true, takesScreenshot: true, timeouts: {implicit: 0, pageLoad: 300000, script: 30000}, unexpectedAlertBehaviour: ignore, unhandledPromptBehavior: ignore, version: 86.0.4240.198, webStorageEnabled: true, webauthn:virtualAuthenticators: true}\nSession ID: a37fcb7afc8dc3a31749f326ff434661\n*** Element info: {Using=css selector, value=img[src='sign.png']}\n\tat sun.reflect.GeneratedConstructorAccessor11.newInstance(Unknown Source)\n\tat sun.reflect.DelegatingConstructorAccessorImpl.newInstance(DelegatingConstructorAccessorImpl.java:45)\n\tat java.lang.reflect.Constructor.newInstance(Constructor.java:423)\n\tat org.openqa.selenium.remote.ErrorHandler.createThrowable(ErrorHandler.java:214)\n\tat org.openqa.selenium.remote.ErrorHandler.throwIfResponseFailed(ErrorHandler.java:166)\n\tat org.openqa.selenium.remote.http.JsonHttpResponseCodec.reconstructValue(JsonHttpResponseCodec.java:40)\n\tat org.openqa.selenium.remote.http.AbstractHttpResponseCodec.decode(AbstractHttpResponseCodec.java:80)\n\tat org.openqa.selenium.remote.http.AbstractHttpResponseCodec.decode(AbstractHttpResponseCodec.java:44)\n\tat org.openqa.selenium.remote.HttpCommandExecutor.execute(HttpCommandExecutor.java:158)\n\tat org.openqa.selenium.remote.RemoteWebDriver.execute(RemoteWebDriver.java:552)\n\tat org.openqa.selenium.remote.RemoteWebDriver.findElement(RemoteWebDriver.java:323)\n\tat org.openqa.selenium.remote.RemoteWebDriver.findElementByCssSelector(RemoteWebDriver.java:420)\n\tat org.openqa.selenium.By$ByCssSelector.findElement(By.java:431)\n\tat org.openqa.selenium.remote.RemoteWebDriver.findElement(RemoteWebDriver.java:315)\n\tat com.codeborne.selenide.impl.WebElementSelector.findElement(WebElementSelector.java:65)\n\tat com.codeborne.selenide.impl.WebElementSelector.findElement(WebElementSelector.java:40)\n\tat com.codeborne.selenide.impl.ElementFinder.getWebElement(ElementFinder.java:104)\n\tat com.codeborne.selenide.impl.WebElementSource.checkCondition(WebElementSource.java:93)\n\t... 38 more\n",
      "steps" : [ ],
      "attachments" : [ {
        "uid" : "6535d8959875b5cb",
        "name" : "Screenshot",
        "source" : "6535d8959875b5cb.png",
        "type" : "image/png",
        "size" : 319241
      }, {
        "uid" : "d04c15086e1f9cf5",
        "name" : "Page source",
        "source" : "d04c15086e1f9cf5.html",
        "type" : "text/html",
        "size" : 3225
      } ],
      "parameters" : [ ],
      "stepsCount" : 0,
      "attachmentsCount" : 2,
      "shouldDisplayMessage" : true,
      "hasContent" : true
    } ],
    "attachments" : [ ],
    "parameters" : [ ],
    "stepsCount" : 5,
    "attachmentsCount" : 2,
    "shouldDisplayMessage" : false,
    "hasContent" : true
  },
  "afterStages" : [ {
    "name" : "afterMethod",
    "time" : {
      "start" : 1610523166771,
      "stop" : 1610523187787,
      "duration" : 21016
    },
    "description" : "",
    "status" : "passed",
    "steps" : [ ],
    "attachments" : [ {
      "uid" : "d664a01f5149e968",
      "name" : "Screenshot",
      "source" : "d664a01f5149e968.png",
      "type" : "image/png",
      "size" : 319261
    }, {
      "name" : "Video",
      "type" : "video/mp4",
      "size" : 0
    } ],
    "parameters" : [ ],
    "stepsCount" : 0,
    "attachmentsCount" : 2,
    "shouldDisplayMessage" : false,
    "hasContent" : true
  } ],
  "labels" : [ {
    "name" : "package",
    "value" : "com.test.qabattle.tests.LoginTest"
  }, {
    "name" : "testClass",
    "value" : "com.test.qabattle.tests.LoginTest"
  }, {
    "name" : "testMethod",
    "value" : "clearLoginAndPassTest"
  }, {
    "name" : "parentSuite",
    "value" : "Surefire suite"
  }, {
    "name" : "suite",
    "value" : "Surefire test"
  }, {
    "name" : "subSuite",
    "value" : "com.test.qabattle.tests.LoginTest"
  }, {
    "name" : "host",
    "value" : "fv-az184-323"
  }, {
    "name" : "thread",
    "value" : "5082@fv-az184-323.main(1)"
  }, {
    "name" : "framework",
    "value" : "testng"
  }, {
    "name" : "language",
    "value" : "java"
  }, {
    "name" : "feature",
    "value" : "Форма авторизации"
  }, {
    "name" : "resultFormat",
    "value" : "allure2"
  } ],
  "parameters" : [ ],
  "links" : [ ],
  "hidden" : false,
  "retry" : false,
  "extra" : {
    "severity" : "normal",
    "retries" : [ ],
    "categories" : [ {
      "name" : "Product defects",
      "matchedStatuses" : [ ],
      "flaky" : false
    } ],
    "history" : {
      "statistic" : {
        "failed" : 5,
        "broken" : 10,
        "skipped" : 0,
        "passed" : 0,
        "unknown" : 0,
        "total" : 15
      },
      "items" : [ {
        "uid" : "b49cc3e3d9f7b15e",
        "reportUrl" : "https://simple-elf.github.io/qabattle-selenide/75//#testresult/b49cc3e3d9f7b15e",
        "status" : "broken",
        "statusDetails" : "Requested environment is not available (WARNING: The server did not provide any stacktrace information)\nCommand duration or timeout: 154 milliseconds\nBuild info: version: '3.141.59', revision: 'e82be7d358', time: '2018-11-14T08:17:03'\nSystem info: host: 'fv-az52-147', ip: '10.1.0.4', os.name: 'Linux', os.arch: 'amd64', os.version: '5.4.0-1032-azure', java.version: '1.8.0_275'\nselenide.remote: http://127.0.0.1:4444/wd/hub\nDriver info: driver.version: SelenideDriver\nselenide.url: http://qabattle:8080/index.html\nselenide.baseUrl: http://qabattle:8080",
        "time" : {
          "start" : 1610522923075,
          "stop" : 1610522924233,
          "duration" : 1158
        }
      }, {
        "uid" : "290a65922b544797",
        "reportUrl" : "https://simple-elf.github.io/qabattle-selenide/74//#testresult/290a65922b544797",
        "status" : "broken",
        "statusDetails" : "Could not start a new session. Possible causes are invalid address of the remote server or browser start-up failure.\nBuild info: version: '3.141.59', revision: 'e82be7d358', time: '2018-11-14T08:17:03'\nSystem info: host: 'fv-az195-130', ip: '10.1.0.4', os.name: 'Linux', os.arch: 'amd64', os.version: '5.4.0-1032-azure', java.version: '1.8.0_275'\nselenide.remote: http://127.0.0.1:4444/wd/hub\nDriver info: driver.version: SelenideDriver\nselenide.url: http://qabattle:8080/index.html\nselenide.baseUrl: http://qabattle:8080",
        "time" : {
          "start" : 1610522658962,
          "stop" : 1610522659923,
          "duration" : 961
        }
      }, {
        "uid" : "3a2621fcc81b03c",
        "reportUrl" : "https://simple-elf.github.io/qabattle-selenide/73//#testresult/3a2621fcc81b03c",
        "status" : "broken",
        "statusDetails" : "Requested environment is not available (WARNING: The server did not provide any stacktrace information)\nCommand duration or timeout: 146 milliseconds\nBuild info: version: '3.141.59', revision: 'e82be7d358', time: '2018-11-14T08:17:03'\nSystem info: host: 'fv-az184-39', ip: '10.1.0.4', os.name: 'Linux', os.arch: 'amd64', os.version: '5.4.0-1032-azure', java.version: '1.8.0_275'\nselenide.remote: http://127.0.0.1:4444/wd/hub\nDriver info: driver.version: SelenideDriver\nselenide.url: http://qabattle:8080/index.html\nselenide.baseUrl: http://qabattle:8080",
        "time" : {
          "start" : 1610455480172,
          "stop" : 1610455481335,
          "duration" : 1163
        }
      }, {
        "uid" : "cba4a09a3f91239",
        "reportUrl" : "https://simple-elf.github.io/qabattle-selenide/72//#testresult/cba4a09a3f91239",
        "status" : "failed",
        "statusDetails" : "Element should hidden {img[src='sign.png']}\nElement: '<img src=\"sign.png\"></img>'\nTimeout: 4 s.",
        "time" : {
          "start" : 1604415766198,
          "stop" : 1604415780559,
          "duration" : 14361
        }
      }, {
        "uid" : "7c1bbc20e21bd4e4",
        "reportUrl" : "https://simple-elf.github.io/qabattle-selenide/71//#testresult/7c1bbc20e21bd4e4",
        "status" : "failed",
        "statusDetails" : "Element should hidden {img[src='sign.png']}\nElement: '<img src=\"sign.png\"></img>'\nTimeout: 4 s.",
        "time" : {
          "start" : 1599923450130,
          "stop" : 1599923460887,
          "duration" : 10757
        }
      }, {
        "uid" : "69d33a2de83f9380",
        "reportUrl" : "https://simple-elf.github.io/qabattle-selenide/70//#testresult/69d33a2de83f9380",
        "status" : "failed",
        "statusDetails" : "Element should hidden {img[src='sign.png']}\nElement: '<img src=\"sign.png\"></img>'\nTimeout: 4 s.",
        "time" : {
          "start" : 1598015224193,
          "stop" : 1598015238714,
          "duration" : 14521
        }
      }, {
        "uid" : "1b28b29fadf10e70",
        "reportUrl" : "https://simple-elf.github.io/qabattle-selenide/69//#testresult/1b28b29fadf10e70",
        "status" : "broken",
        "statusDetails" : "org.openqa.selenium.WebDriverException: start video container: create video container: Error response from daemon: create \"/home/runner/work/qabattle-selenide/qabattle-selenide/opt\": \"\\\"/home/runner/work/qabattle-selenide/qabattle-selenide/opt\\\"\" includes invalid characters for a local volume name, only \"[a-zA-Z0-9][a-zA-Z0-9_.-]\" are allowed. If you intended to pass a host directory, use absolute path (WARNING: The server did not provide any stacktrace information)\nCommand duration or timeout: 589 milliseconds\nBuild info: version: '3.141.59', revision: 'e82be7d358', time: '2018-11-14T08:17:03'\nSystem info: host: 'fv-az60', ip: '10.1.0.4', os.name: 'Linux', os.arch: 'amd64', os.version: '5.3.0-1034-azure', java.version: '1.8.0_265'\nDriver info: driver.version: SelenideDriver",
        "time" : {
          "start" : 1598014905354,
          "stop" : 1598014905979,
          "duration" : 625
        }
      }, {
        "uid" : "c27e36a0ff0ec1a3",
        "reportUrl" : "https://simple-elf.github.io/qabattle-selenide/68//#testresult/c27e36a0ff0ec1a3",
        "status" : "broken",
        "statusDetails" : "org.openqa.selenium.WebDriverException: start video container: create video container: Error response from daemon: create \"/home/runner/work/qabattle-selenide/qabattle-selenide/opt\": \"\\\"/home/runner/work/qabattle-selenide/qabattle-selenide/opt\\\"\" includes invalid characters for a local volume name, only \"[a-zA-Z0-9][a-zA-Z0-9_.-]\" are allowed. If you intended to pass a host directory, use absolute path (WARNING: The server did not provide any stacktrace information)\nCommand duration or timeout: 652 milliseconds\nBuild info: version: '3.141.59', revision: 'e82be7d358', time: '2018-11-14T08:17:03'\nSystem info: host: 'fv-az60', ip: '10.1.0.4', os.name: 'Linux', os.arch: 'amd64', os.version: '5.3.0-1034-azure', java.version: '1.8.0_265'\nDriver info: driver.version: SelenideDriver",
        "time" : {
          "start" : 1598014464249,
          "stop" : 1598014464924,
          "duration" : 675
        }
      }, {
        "uid" : "d528c93df82986e5",
        "reportUrl" : "https://simple-elf.github.io/qabattle-selenide/67//#testresult/d528c93df82986e5",
        "status" : "broken",
        "statusDetails" : "org.openqa.selenium.WebDriverException: start video container: create video container: Error response from daemon: create \"/home/runner/work/qabattle-selenide/qabattle-selenide/opt\": \"\\\"/home/runner/work/qabattle-selenide/qabattle-selenide/opt\\\"\" includes invalid characters for a local volume name, only \"[a-zA-Z0-9][a-zA-Z0-9_.-]\" are allowed. If you intended to pass a host directory, use absolute path (WARNING: The server did not provide any stacktrace information)\nCommand duration or timeout: 594 milliseconds\nBuild info: version: '3.141.59', revision: 'e82be7d358', time: '2018-11-14T08:17:03'\nSystem info: host: 'fv-az60', ip: '10.1.0.4', os.name: 'Linux', os.arch: 'amd64', os.version: '5.3.0-1034-azure', java.version: '1.8.0_265'\nDriver info: driver.version: SelenideDriver",
        "time" : {
          "start" : 1598014218123,
          "stop" : 1598014218733,
          "duration" : 610
        }
      }, {
        "uid" : "97ea7f27c8e9fc19",
        "reportUrl" : "https://simple-elf.github.io/qabattle-selenide/66//#testresult/97ea7f27c8e9fc19",
        "status" : "broken",
        "statusDetails" : "org.openqa.selenium.WebDriverException: start video container: create video container: Error response from daemon: create \"/home/runner/work/qabattle-selenide/qabattle-selenide/opt\": \"\\\"/home/runner/work/qabattle-selenide/qabattle-selenide/opt\\\"\" includes invalid characters for a local volume name, only \"[a-zA-Z0-9][a-zA-Z0-9_.-]\" are allowed. If you intended to pass a host directory, use absolute path (WARNING: The server did not provide any stacktrace information)\nCommand duration or timeout: 785 milliseconds\nBuild info: version: '3.141.59', revision: 'e82be7d358', time: '2018-11-14T08:17:03'\nSystem info: host: 'fv-az151', ip: '10.1.0.4', os.name: 'Linux', os.arch: 'amd64', os.version: '5.3.0-1034-azure', java.version: '1.8.0_265'\nDriver info: driver.version: SelenideDriver",
        "time" : {
          "start" : 1598011481589,
          "stop" : 1598011482401,
          "duration" : 812
        }
      }, {
        "uid" : "3fe8a029158ae012",
        "reportUrl" : "https://simple-elf.github.io/qabattle-selenide/65//#testresult/3fe8a029158ae012",
        "status" : "broken",
        "statusDetails" : "org.openqa.selenium.WebDriverException: start video container: create video container: Error response from daemon: create \"/home/runner/work/qabattle-selenide/qabattle-selenide/opt\": \"\\\"/home/runner/work/qabattle-selenide/qabattle-selenide/opt\\\"\" includes invalid characters for a local volume name, only \"[a-zA-Z0-9][a-zA-Z0-9_.-]\" are allowed. If you intended to pass a host directory, use absolute path (WARNING: The server did not provide any stacktrace information)\nCommand duration or timeout: 613 milliseconds\nBuild info: version: '3.141.59', revision: 'e82be7d358', time: '2018-11-14T08:17:03'\nSystem info: host: 'fv-az184', ip: '10.1.0.4', os.name: 'Linux', os.arch: 'amd64', os.version: '5.3.0-1034-azure', java.version: '1.8.0_265'\nDriver info: driver.version: SelenideDriver",
        "time" : {
          "start" : 1598010017633,
          "stop" : 1598010018294,
          "duration" : 661
        }
      }, {
        "uid" : "3fd3f3e88eb4d4d9",
        "reportUrl" : "https://simple-elf.github.io/qabattle-selenide/64//#testresult/3fd3f3e88eb4d4d9",
        "status" : "broken",
        "statusDetails" : "org.openqa.selenium.WebDriverException: start video container: create video container: Error response from daemon: create \"/home/runner/work/qabattle-selenide/qabattle-selenide/opt\": \"\\\"/home/runner/work/qabattle-selenide/qabattle-selenide/opt\\\"\" includes invalid characters for a local volume name, only \"[a-zA-Z0-9][a-zA-Z0-9_.-]\" are allowed. If you intended to pass a host directory, use absolute path (WARNING: The server did not provide any stacktrace information)\nCommand duration or timeout: 588 milliseconds\nBuild info: version: '3.141.59', revision: 'e82be7d358', time: '2018-11-14T08:17:03'\nSystem info: host: 'fv-az60', ip: '10.1.0.4', os.name: 'Linux', os.arch: 'amd64', os.version: '5.3.0-1034-azure', java.version: '1.8.0_265'\nDriver info: driver.version: SelenideDriver",
        "time" : {
          "start" : 1598009267557,
          "stop" : 1598009268194,
          "duration" : 637
        }
      }, {
        "uid" : "f1648343c48e7dbc",
        "reportUrl" : "https://simple-elf.github.io/qabattle-selenide/63//#testresult/f1648343c48e7dbc",
        "status" : "broken",
        "statusDetails" : "org.openqa.selenium.WebDriverException: start video container: create video container: Error response from daemon: create \"/home/runner/work/qabattle-selenide/qabattle-selenide/opt\": \"\\\"/home/runner/work/qabattle-selenide/qabattle-selenide/opt\\\"\" includes invalid characters for a local volume name, only \"[a-zA-Z0-9][a-zA-Z0-9_.-]\" are allowed. If you intended to pass a host directory, use absolute path (WARNING: The server did not provide any stacktrace information)\nCommand duration or timeout: 565 milliseconds\nBuild info: version: '3.141.59', revision: 'e82be7d358', time: '2018-11-14T08:17:03'\nSystem info: host: 'fv-az195', ip: '10.1.0.4', os.name: 'Linux', os.arch: 'amd64', os.version: '5.3.0-1034-azure', java.version: '1.8.0_265'\nDriver info: driver.version: SelenideDriver",
        "time" : {
          "start" : 1598007141032,
          "stop" : 1598007141620,
          "duration" : 588
        }
      }, {
        "uid" : "559759148e989601",
        "reportUrl" : "https://simple-elf.github.io/qabattle-selenide/62//#testresult/559759148e989601",
        "status" : "failed",
        "statusDetails" : "Element should hidden {img[src='sign.png']}\nElement: '<img src=\"sign.png\"></img>'\nTimeout: 4 s.",
        "time" : {
          "start" : 1597989619626,
          "stop" : 1597989635242,
          "duration" : 15616
        }
      } ]
    },
    "tags" : [ ]
  },
  "source" : "b2e4b265d8861876.json",
  "parameterValues" : [ ]
}