{
  "uid" : "4ecb52fd354ffdd9",
  "name" : "Авторизация с некорректными данными",
  "fullName" : "com.test.qabattle.tests.LoginTest.incorrectLoginTest",
  "historyId" : "54c032798655f9a1c1387382ad65d115",
  "time" : {
    "start" : 1610523530385,
    "stop" : 1610523541948,
    "duration" : 11563
  },
  "status" : "failed",
  "statusMessage" : "Element not found {img[src='sign.png']}\nExpected: visible\nPage source: file:/home/runner/work/qabattle-selenide/qabattle-selenide/target/reports/1610523541516.2.html\nTimeout: 10 s.\nCaused by: NoSuchElementException: no such element: Unable to locate element: {\"method\":\"css selector\",\"selector\":\"img[src='sign.png']\"}",
  "statusTrace" : "Element not found {img[src='sign.png']}\nExpected: visible\nPage source: file:/home/runner/work/qabattle-selenide/qabattle-selenide/target/reports/1610523541516.2.html\nTimeout: 10 s.\nCaused by: NoSuchElementException: no such element: Unable to locate element: {\"method\":\"css selector\",\"selector\":\"img[src='sign.png']\"}\n\tat com.codeborne.selenide.impl.WebElementSource.createElementNotFoundError(WebElementSource.java:77)\n\tat com.codeborne.selenide.impl.ElementFinder.createElementNotFoundError(ElementFinder.java:136)\n\tat com.codeborne.selenide.impl.WebElementSource.checkCondition(WebElementSource.java:108)\n\tat com.codeborne.selenide.commands.Should.execute(Should.java:30)\n\tat com.codeborne.selenide.commands.Should.execute(Should.java:14)\n\tat com.codeborne.selenide.commands.Commands.execute(Commands.java:154)\n\tat com.codeborne.selenide.impl.SelenideElementProxy.dispatchAndRetry(SelenideElementProxy.java:128)\n\tat com.codeborne.selenide.impl.SelenideElementProxy.invoke(SelenideElementProxy.java:80)\n\tat com.sun.proxy.$Proxy11.waitUntil(Unknown Source)\n\tat com.test.qabattle.pages.LoginForm.loginClick(LoginForm.java:42)\n\tat com.test.qabattle.tests.LoginTest.incorrectLoginTest(LoginTest.java:44)\n\tat sun.reflect.NativeMethodAccessorImpl.invoke0(Native Method)\n\tat sun.reflect.NativeMethodAccessorImpl.invoke(NativeMethodAccessorImpl.java:62)\n\tat sun.reflect.DelegatingMethodAccessorImpl.invoke(DelegatingMethodAccessorImpl.java:43)\n\tat java.lang.reflect.Method.invoke(Method.java:498)\n\tat org.testng.internal.MethodInvocationHelper.invokeMethod(MethodInvocationHelper.java:124)\n\tat org.testng.internal.Invoker.invokeMethod(Invoker.java:583)\n\tat org.testng.internal.Invoker.invokeTestMethod(Invoker.java:719)\n\tat org.testng.internal.Invoker.invokeTestMethods(Invoker.java:989)\n\tat org.testng.internal.TestMethodWorker.invokeTestMethods(TestMethodWorker.java:125)\n\tat org.testng.internal.TestMethodWorker.run(TestMethodWorker.java:109)\n\tat org.testng.TestRunner.privateRun(TestRunner.java:648)\n\tat org.testng.TestRunner.run(TestRunner.java:505)\n\tat org.testng.SuiteRunner.runTest(SuiteRunner.java:455)\n\tat org.testng.SuiteRunner.runSequentially(SuiteRunner.java:450)\n\tat org.testng.SuiteRunner.privateRun(SuiteRunner.java:415)\n\tat org.testng.SuiteRunner.run(SuiteRunner.java:364)\n\tat org.testng.SuiteRunnerWorker.runSuite(SuiteRunnerWorker.java:52)\n\tat org.testng.SuiteRunnerWorker.run(SuiteRunnerWorker.java:84)\n\tat org.testng.TestNG.runSuitesSequentially(TestNG.java:1208)\n\tat org.testng.TestNG.runSuitesLocally(TestNG.java:1137)\n\tat org.testng.TestNG.runSuites(TestNG.java:1049)\n\tat org.testng.TestNG.run(TestNG.java:1017)\n\tat org.apache.maven.surefire.testng.TestNGExecutor.run(TestNGExecutor.java:135)\n\tat org.apache.maven.surefire.testng.TestNGDirectoryTestSuite.executeMulti(TestNGDirectoryTestSuite.java:193)\n\tat org.apache.maven.surefire.testng.TestNGDirectoryTestSuite.execute(TestNGDirectoryTestSuite.java:94)\n\tat org.apache.maven.surefire.testng.TestNGProvider.invoke(TestNGProvider.java:146)\n\tat org.apache.maven.surefire.booter.ForkedBooter.invokeProviderInSameClassLoader(ForkedBooter.java:379)\n\tat org.apache.maven.surefire.booter.ForkedBooter.runSuitesInProcess(ForkedBooter.java:340)\n\tat org.apache.maven.surefire.booter.ForkedBooter.execute(ForkedBooter.java:125)\n\tat org.apache.maven.surefire.booter.ForkedBooter.main(ForkedBooter.java:413)\nCaused by: org.openqa.selenium.NoSuchElementException: no such element: Unable to locate element: {\"method\":\"css selector\",\"selector\":\"img[src='sign.png']\"}\n  (Session info: chrome=86.0.4240.198)\n  (Driver info: operadriver=86.0.4240.80 (7ed88b53bda45a2d19efb4f8706dd6b6cad0d3af-refs/branch-heads/4240@{#1183}),platform=Linux 5.4.0-1032-azure x86_64) (WARNING: The server did not provide any stacktrace information)\nCommand duration or timeout: 0 milliseconds\nFor documentation on this error, please visit: https://www.seleniumhq.org/exceptions/no_such_element.html\nBuild info: version: '3.141.59', revision: 'e82be7d358', time: '2018-11-14T08:17:03'\nSystem info: host: 'fv-az54-685', ip: '10.1.0.4', os.name: 'Linux', os.arch: 'amd64', os.version: '5.4.0-1032-azure', java.version: '1.8.0_275'\nDriver info: org.openqa.selenium.remote.RemoteWebDriver\nCapabilities {acceptInsecureCerts: true, acceptSslCerts: true, applicationCacheEnabled: false, browserConnectionEnabled: false, browserName: opera, cssSelectorsEnabled: true, databaseEnabled: false, goog:chromeOptions: {debuggerAddress: localhost:35389}, handlesAlerts: true, hasTouchScreen: false, javascriptEnabled: true, locationContextEnabled: true, mobileEmulationEnabled: false, nativeEvents: true, networkConnectionEnabled: false, opera: {operadriverVersion: 86.0.4240.80 (7ed88b53bda45..., userDataDir: /tmp/.org.chromium.Chromium...}, pageLoadStrategy: normal, platform: LINUX, platformName: LINUX, proxy: Proxy(), rotatable: false, setWindowRect: true, strictFileInteractability: false, takesHeapSnapshot: true, takesScreenshot: true, timeouts: {implicit: 0, pageLoad: 300000, script: 30000}, unexpectedAlertBehaviour: ignore, unhandledPromptBehavior: ignore, version: 86.0.4240.198, webStorageEnabled: true, webauthn:virtualAuthenticators: true}\nSession ID: abc6ca8fe74bdccea37e57c085210667\n*** Element info: {Using=css selector, value=img[src='sign.png']}\n\tat sun.reflect.GeneratedConstructorAccessor11.newInstance(Unknown Source)\n\tat sun.reflect.DelegatingConstructorAccessorImpl.newInstance(DelegatingConstructorAccessorImpl.java:45)\n\tat java.lang.reflect.Constructor.newInstance(Constructor.java:423)\n\tat org.openqa.selenium.remote.ErrorHandler.createThrowable(ErrorHandler.java:214)\n\tat org.openqa.selenium.remote.ErrorHandler.throwIfResponseFailed(ErrorHandler.java:166)\n\tat org.openqa.selenium.remote.http.JsonHttpResponseCodec.reconstructValue(JsonHttpResponseCodec.java:40)\n\tat org.openqa.selenium.remote.http.AbstractHttpResponseCodec.decode(AbstractHttpResponseCodec.java:80)\n\tat org.openqa.selenium.remote.http.AbstractHttpResponseCodec.decode(AbstractHttpResponseCodec.java:44)\n\tat org.openqa.selenium.remote.HttpCommandExecutor.execute(HttpCommandExecutor.java:158)\n\tat org.openqa.selenium.remote.RemoteWebDriver.execute(RemoteWebDriver.java:552)\n\tat org.openqa.selenium.remote.RemoteWebDriver.findElement(RemoteWebDriver.java:323)\n\tat org.openqa.selenium.remote.RemoteWebDriver.findElementByCssSelector(RemoteWebDriver.java:420)\n\tat org.openqa.selenium.By$ByCssSelector.findElement(By.java:431)\n\tat org.openqa.selenium.remote.RemoteWebDriver.findElement(RemoteWebDriver.java:315)\n\tat com.codeborne.selenide.impl.WebElementSelector.findElement(WebElementSelector.java:65)\n\tat com.codeborne.selenide.impl.WebElementSelector.findElement(WebElementSelector.java:40)\n\tat com.codeborne.selenide.impl.ElementFinder.getWebElement(ElementFinder.java:104)\n\tat com.codeborne.selenide.impl.WebElementSource.checkCondition(WebElementSource.java:93)\n\t... 38 more\n",
  "flaky" : false,
  "newFailed" : false,
  "beforeStages" : [ {
    "name" : "beforeClass",
    "time" : {
      "start" : 1610523417793,
      "stop" : 1610523417820,
      "duration" : 27
    },
    "description" : "",
    "status" : "passed",
    "steps" : [ ],
    "attachments" : [ ],
    "parameters" : [ ],
    "stepsCount" : 0,
    "attachmentsCount" : 0,
    "shouldDisplayMessage" : false,
    "hasContent" : false
  } ],
  "testStage" : {
    "status" : "failed",
    "statusMessage" : "Element not found {img[src='sign.png']}\nExpected: visible\nPage source: file:/home/runner/work/qabattle-selenide/qabattle-selenide/target/reports/1610523541516.2.html\nTimeout: 10 s.\nCaused by: NoSuchElementException: no such element: Unable to locate element: {\"method\":\"css selector\",\"selector\":\"img[src='sign.png']\"}",
    "statusTrace" : "Element not found {img[src='sign.png']}\nExpected: visible\nPage source: file:/home/runner/work/qabattle-selenide/qabattle-selenide/target/reports/1610523541516.2.html\nTimeout: 10 s.\nCaused by: NoSuchElementException: no such element: Unable to locate element: {\"method\":\"css selector\",\"selector\":\"img[src='sign.png']\"}\n\tat com.codeborne.selenide.impl.WebElementSource.createElementNotFoundError(WebElementSource.java:77)\n\tat com.codeborne.selenide.impl.ElementFinder.createElementNotFoundError(ElementFinder.java:136)\n\tat com.codeborne.selenide.impl.WebElementSource.checkCondition(WebElementSource.java:108)\n\tat com.codeborne.selenide.commands.Should.execute(Should.java:30)\n\tat com.codeborne.selenide.commands.Should.execute(Should.java:14)\n\tat com.codeborne.selenide.commands.Commands.execute(Commands.java:154)\n\tat com.codeborne.selenide.impl.SelenideElementProxy.dispatchAndRetry(SelenideElementProxy.java:128)\n\tat com.codeborne.selenide.impl.SelenideElementProxy.invoke(SelenideElementProxy.java:80)\n\tat com.sun.proxy.$Proxy11.waitUntil(Unknown Source)\n\tat com.test.qabattle.pages.LoginForm.loginClick(LoginForm.java:42)\n\tat com.test.qabattle.tests.LoginTest.incorrectLoginTest(LoginTest.java:44)\n\tat sun.reflect.NativeMethodAccessorImpl.invoke0(Native Method)\n\tat sun.reflect.NativeMethodAccessorImpl.invoke(NativeMethodAccessorImpl.java:62)\n\tat sun.reflect.DelegatingMethodAccessorImpl.invoke(DelegatingMethodAccessorImpl.java:43)\n\tat java.lang.reflect.Method.invoke(Method.java:498)\n\tat org.testng.internal.MethodInvocationHelper.invokeMethod(MethodInvocationHelper.java:124)\n\tat org.testng.internal.Invoker.invokeMethod(Invoker.java:583)\n\tat org.testng.internal.Invoker.invokeTestMethod(Invoker.java:719)\n\tat org.testng.internal.Invoker.invokeTestMethods(Invoker.java:989)\n\tat org.testng.internal.TestMethodWorker.invokeTestMethods(TestMethodWorker.java:125)\n\tat org.testng.internal.TestMethodWorker.run(TestMethodWorker.java:109)\n\tat org.testng.TestRunner.privateRun(TestRunner.java:648)\n\tat org.testng.TestRunner.run(TestRunner.java:505)\n\tat org.testng.SuiteRunner.runTest(SuiteRunner.java:455)\n\tat org.testng.SuiteRunner.runSequentially(SuiteRunner.java:450)\n\tat org.testng.SuiteRunner.privateRun(SuiteRunner.java:415)\n\tat org.testng.SuiteRunner.run(SuiteRunner.java:364)\n\tat org.testng.SuiteRunnerWorker.runSuite(SuiteRunnerWorker.java:52)\n\tat org.testng.SuiteRunnerWorker.run(SuiteRunnerWorker.java:84)\n\tat org.testng.TestNG.runSuitesSequentially(TestNG.java:1208)\n\tat org.testng.TestNG.runSuitesLocally(TestNG.java:1137)\n\tat org.testng.TestNG.runSuites(TestNG.java:1049)\n\tat org.testng.TestNG.run(TestNG.java:1017)\n\tat org.apache.maven.surefire.testng.TestNGExecutor.run(TestNGExecutor.java:135)\n\tat org.apache.maven.surefire.testng.TestNGDirectoryTestSuite.executeMulti(TestNGDirectoryTestSuite.java:193)\n\tat org.apache.maven.surefire.testng.TestNGDirectoryTestSuite.execute(TestNGDirectoryTestSuite.java:94)\n\tat org.apache.maven.surefire.testng.TestNGProvider.invoke(TestNGProvider.java:146)\n\tat org.apache.maven.surefire.booter.ForkedBooter.invokeProviderInSameClassLoader(ForkedBooter.java:379)\n\tat org.apache.maven.surefire.booter.ForkedBooter.runSuitesInProcess(ForkedBooter.java:340)\n\tat org.apache.maven.surefire.booter.ForkedBooter.execute(ForkedBooter.java:125)\n\tat org.apache.maven.surefire.booter.ForkedBooter.main(ForkedBooter.java:413)\nCaused by: org.openqa.selenium.NoSuchElementException: no such element: Unable to locate element: {\"method\":\"css selector\",\"selector\":\"img[src='sign.png']\"}\n  (Session info: chrome=86.0.4240.198)\n  (Driver info: operadriver=86.0.4240.80 (7ed88b53bda45a2d19efb4f8706dd6b6cad0d3af-refs/branch-heads/4240@{#1183}),platform=Linux 5.4.0-1032-azure x86_64) (WARNING: The server did not provide any stacktrace information)\nCommand duration or timeout: 0 milliseconds\nFor documentation on this error, please visit: https://www.seleniumhq.org/exceptions/no_such_element.html\nBuild info: version: '3.141.59', revision: 'e82be7d358', time: '2018-11-14T08:17:03'\nSystem info: host: 'fv-az54-685', ip: '10.1.0.4', os.name: 'Linux', os.arch: 'amd64', os.version: '5.4.0-1032-azure', java.version: '1.8.0_275'\nDriver info: org.openqa.selenium.remote.RemoteWebDriver\nCapabilities {acceptInsecureCerts: true, acceptSslCerts: true, applicationCacheEnabled: false, browserConnectionEnabled: false, browserName: opera, cssSelectorsEnabled: true, databaseEnabled: false, goog:chromeOptions: {debuggerAddress: localhost:35389}, handlesAlerts: true, hasTouchScreen: false, javascriptEnabled: true, locationContextEnabled: true, mobileEmulationEnabled: false, nativeEvents: true, networkConnectionEnabled: false, opera: {operadriverVersion: 86.0.4240.80 (7ed88b53bda45..., userDataDir: /tmp/.org.chromium.Chromium...}, pageLoadStrategy: normal, platform: LINUX, platformName: LINUX, proxy: Proxy(), rotatable: false, setWindowRect: true, strictFileInteractability: false, takesHeapSnapshot: true, takesScreenshot: true, timeouts: {implicit: 0, pageLoad: 300000, script: 30000}, unexpectedAlertBehaviour: ignore, unhandledPromptBehavior: ignore, version: 86.0.4240.198, webStorageEnabled: true, webauthn:virtualAuthenticators: true}\nSession ID: abc6ca8fe74bdccea37e57c085210667\n*** Element info: {Using=css selector, value=img[src='sign.png']}\n\tat sun.reflect.GeneratedConstructorAccessor11.newInstance(Unknown Source)\n\tat sun.reflect.DelegatingConstructorAccessorImpl.newInstance(DelegatingConstructorAccessorImpl.java:45)\n\tat java.lang.reflect.Constructor.newInstance(Constructor.java:423)\n\tat org.openqa.selenium.remote.ErrorHandler.createThrowable(ErrorHandler.java:214)\n\tat org.openqa.selenium.remote.ErrorHandler.throwIfResponseFailed(ErrorHandler.java:166)\n\tat org.openqa.selenium.remote.http.JsonHttpResponseCodec.reconstructValue(JsonHttpResponseCodec.java:40)\n\tat org.openqa.selenium.remote.http.AbstractHttpResponseCodec.decode(AbstractHttpResponseCodec.java:80)\n\tat org.openqa.selenium.remote.http.AbstractHttpResponseCodec.decode(AbstractHttpResponseCodec.java:44)\n\tat org.openqa.selenium.remote.HttpCommandExecutor.execute(HttpCommandExecutor.java:158)\n\tat org.openqa.selenium.remote.RemoteWebDriver.execute(RemoteWebDriver.java:552)\n\tat org.openqa.selenium.remote.RemoteWebDriver.findElement(RemoteWebDriver.java:323)\n\tat org.openqa.selenium.remote.RemoteWebDriver.findElementByCssSelector(RemoteWebDriver.java:420)\n\tat org.openqa.selenium.By$ByCssSelector.findElement(By.java:431)\n\tat org.openqa.selenium.remote.RemoteWebDriver.findElement(RemoteWebDriver.java:315)\n\tat com.codeborne.selenide.impl.WebElementSelector.findElement(WebElementSelector.java:65)\n\tat com.codeborne.selenide.impl.WebElementSelector.findElement(WebElementSelector.java:40)\n\tat com.codeborne.selenide.impl.ElementFinder.getWebElement(ElementFinder.java:104)\n\tat com.codeborne.selenide.impl.WebElementSource.checkCondition(WebElementSource.java:93)\n\t... 38 more\n",
    "steps" : [ {
      "name" : "Открыть страницу логина",
      "time" : {
        "start" : 1610523530385,
        "stop" : 1610523530507,
        "duration" : 122
      },
      "status" : "passed",
      "steps" : [ ],
      "attachments" : [ ],
      "parameters" : [ ],
      "stepsCount" : 0,
      "attachmentsCount" : 0,
      "shouldDisplayMessage" : false,
      "hasContent" : false
    }, {
      "name" : "Ввод логина и пароля",
      "time" : {
        "start" : 1610523530507,
        "stop" : 1610523531210,
        "duration" : 703
      },
      "status" : "passed",
      "steps" : [ {
        "name" : "Ввод логина",
        "time" : {
          "start" : 1610523530507,
          "stop" : 1610523530861,
          "duration" : 354
        },
        "status" : "passed",
        "steps" : [ ],
        "attachments" : [ ],
        "parameters" : [ {
          "name" : "login",
          "value" : "wrong"
        } ],
        "stepsCount" : 0,
        "attachmentsCount" : 0,
        "shouldDisplayMessage" : false,
        "hasContent" : true
      }, {
        "name" : "Ввод пароля",
        "time" : {
          "start" : 1610523530861,
          "stop" : 1610523531209,
          "duration" : 348
        },
        "status" : "passed",
        "steps" : [ ],
        "attachments" : [ ],
        "parameters" : [ {
          "name" : "pass",
          "value" : "wrong"
        } ],
        "stepsCount" : 0,
        "attachmentsCount" : 0,
        "shouldDisplayMessage" : false,
        "hasContent" : true
      } ],
      "attachments" : [ ],
      "parameters" : [ {
        "name" : "login",
        "value" : "wrong"
      }, {
        "name" : "pass",
        "value" : "wrong"
      } ],
      "stepsCount" : 2,
      "attachmentsCount" : 0,
      "shouldDisplayMessage" : false,
      "hasContent" : true
    }, {
      "name" : "Подождать появление кнопки 'Sign In' и нажать на неё",
      "time" : {
        "start" : 1610523531210,
        "stop" : 1610523541947,
        "duration" : 10737
      },
      "status" : "failed",
      "statusMessage" : "Element not found {img[src='sign.png']}\nExpected: visible\nPage source: file:/home/runner/work/qabattle-selenide/qabattle-selenide/target/reports/1610523541516.2.html\nTimeout: 10 s.\nCaused by: NoSuchElementException: no such element: Unable to locate element: {\"method\":\"css selector\",\"selector\":\"img[src='sign.png']\"}",
      "statusTrace" : "Element not found {img[src='sign.png']}\nExpected: visible\nPage source: file:/home/runner/work/qabattle-selenide/qabattle-selenide/target/reports/1610523541516.2.html\nTimeout: 10 s.\nCaused by: NoSuchElementException: no such element: Unable to locate element: {\"method\":\"css selector\",\"selector\":\"img[src='sign.png']\"}\n\tat com.codeborne.selenide.impl.WebElementSource.createElementNotFoundError(WebElementSource.java:77)\n\tat com.codeborne.selenide.impl.ElementFinder.createElementNotFoundError(ElementFinder.java:136)\n\tat com.codeborne.selenide.impl.WebElementSource.checkCondition(WebElementSource.java:108)\n\tat com.codeborne.selenide.commands.Should.execute(Should.java:30)\n\tat com.codeborne.selenide.commands.Should.execute(Should.java:14)\n\tat com.codeborne.selenide.commands.Commands.execute(Commands.java:154)\n\tat com.codeborne.selenide.impl.SelenideElementProxy.dispatchAndRetry(SelenideElementProxy.java:128)\n\tat com.codeborne.selenide.impl.SelenideElementProxy.invoke(SelenideElementProxy.java:80)\n\tat com.sun.proxy.$Proxy11.waitUntil(Unknown Source)\n\tat com.test.qabattle.pages.LoginForm.loginClick(LoginForm.java:42)\n\tat com.test.qabattle.tests.LoginTest.incorrectLoginTest(LoginTest.java:44)\n\tat sun.reflect.NativeMethodAccessorImpl.invoke0(Native Method)\n\tat sun.reflect.NativeMethodAccessorImpl.invoke(NativeMethodAccessorImpl.java:62)\n\tat sun.reflect.DelegatingMethodAccessorImpl.invoke(DelegatingMethodAccessorImpl.java:43)\n\tat java.lang.reflect.Method.invoke(Method.java:498)\n\tat org.testng.internal.MethodInvocationHelper.invokeMethod(MethodInvocationHelper.java:124)\n\tat org.testng.internal.Invoker.invokeMethod(Invoker.java:583)\n\tat org.testng.internal.Invoker.invokeTestMethod(Invoker.java:719)\n\tat org.testng.internal.Invoker.invokeTestMethods(Invoker.java:989)\n\tat org.testng.internal.TestMethodWorker.invokeTestMethods(TestMethodWorker.java:125)\n\tat org.testng.internal.TestMethodWorker.run(TestMethodWorker.java:109)\n\tat org.testng.TestRunner.privateRun(TestRunner.java:648)\n\tat org.testng.TestRunner.run(TestRunner.java:505)\n\tat org.testng.SuiteRunner.runTest(SuiteRunner.java:455)\n\tat org.testng.SuiteRunner.runSequentially(SuiteRunner.java:450)\n\tat org.testng.SuiteRunner.privateRun(SuiteRunner.java:415)\n\tat org.testng.SuiteRunner.run(SuiteRunner.java:364)\n\tat org.testng.SuiteRunnerWorker.runSuite(SuiteRunnerWorker.java:52)\n\tat org.testng.SuiteRunnerWorker.run(SuiteRunnerWorker.java:84)\n\tat org.testng.TestNG.runSuitesSequentially(TestNG.java:1208)\n\tat org.testng.TestNG.runSuitesLocally(TestNG.java:1137)\n\tat org.testng.TestNG.runSuites(TestNG.java:1049)\n\tat org.testng.TestNG.run(TestNG.java:1017)\n\tat org.apache.maven.surefire.testng.TestNGExecutor.run(TestNGExecutor.java:135)\n\tat org.apache.maven.surefire.testng.TestNGDirectoryTestSuite.executeMulti(TestNGDirectoryTestSuite.java:193)\n\tat org.apache.maven.surefire.testng.TestNGDirectoryTestSuite.execute(TestNGDirectoryTestSuite.java:94)\n\tat org.apache.maven.surefire.testng.TestNGProvider.invoke(TestNGProvider.java:146)\n\tat org.apache.maven.surefire.booter.ForkedBooter.invokeProviderInSameClassLoader(ForkedBooter.java:379)\n\tat org.apache.maven.surefire.booter.ForkedBooter.runSuitesInProcess(ForkedBooter.java:340)\n\tat org.apache.maven.surefire.booter.ForkedBooter.execute(ForkedBooter.java:125)\n\tat org.apache.maven.surefire.booter.ForkedBooter.main(ForkedBooter.java:413)\nCaused by: org.openqa.selenium.NoSuchElementException: no such element: Unable to locate element: {\"method\":\"css selector\",\"selector\":\"img[src='sign.png']\"}\n  (Session info: chrome=86.0.4240.198)\n  (Driver info: operadriver=86.0.4240.80 (7ed88b53bda45a2d19efb4f8706dd6b6cad0d3af-refs/branch-heads/4240@{#1183}),platform=Linux 5.4.0-1032-azure x86_64) (WARNING: The server did not provide any stacktrace information)\nCommand duration or timeout: 0 milliseconds\nFor documentation on this error, please visit: https://www.seleniumhq.org/exceptions/no_such_element.html\nBuild info: version: '3.141.59', revision: 'e82be7d358', time: '2018-11-14T08:17:03'\nSystem info: host: 'fv-az54-685', ip: '10.1.0.4', os.name: 'Linux', os.arch: 'amd64', os.version: '5.4.0-1032-azure', java.version: '1.8.0_275'\nDriver info: org.openqa.selenium.remote.RemoteWebDriver\nCapabilities {acceptInsecureCerts: true, acceptSslCerts: true, applicationCacheEnabled: false, browserConnectionEnabled: false, browserName: opera, cssSelectorsEnabled: true, databaseEnabled: false, goog:chromeOptions: {debuggerAddress: localhost:35389}, handlesAlerts: true, hasTouchScreen: false, javascriptEnabled: true, locationContextEnabled: true, mobileEmulationEnabled: false, nativeEvents: true, networkConnectionEnabled: false, opera: {operadriverVersion: 86.0.4240.80 (7ed88b53bda45..., userDataDir: /tmp/.org.chromium.Chromium...}, pageLoadStrategy: normal, platform: LINUX, platformName: LINUX, proxy: Proxy(), rotatable: false, setWindowRect: true, strictFileInteractability: false, takesHeapSnapshot: true, takesScreenshot: true, timeouts: {implicit: 0, pageLoad: 300000, script: 30000}, unexpectedAlertBehaviour: ignore, unhandledPromptBehavior: ignore, version: 86.0.4240.198, webStorageEnabled: true, webauthn:virtualAuthenticators: true}\nSession ID: abc6ca8fe74bdccea37e57c085210667\n*** Element info: {Using=css selector, value=img[src='sign.png']}\n\tat sun.reflect.GeneratedConstructorAccessor11.newInstance(Unknown Source)\n\tat sun.reflect.DelegatingConstructorAccessorImpl.newInstance(DelegatingConstructorAccessorImpl.java:45)\n\tat java.lang.reflect.Constructor.newInstance(Constructor.java:423)\n\tat org.openqa.selenium.remote.ErrorHandler.createThrowable(ErrorHandler.java:214)\n\tat org.openqa.selenium.remote.ErrorHandler.throwIfResponseFailed(ErrorHandler.java:166)\n\tat org.openqa.selenium.remote.http.JsonHttpResponseCodec.reconstructValue(JsonHttpResponseCodec.java:40)\n\tat org.openqa.selenium.remote.http.AbstractHttpResponseCodec.decode(AbstractHttpResponseCodec.java:80)\n\tat org.openqa.selenium.remote.http.AbstractHttpResponseCodec.decode(AbstractHttpResponseCodec.java:44)\n\tat org.openqa.selenium.remote.HttpCommandExecutor.execute(HttpCommandExecutor.java:158)\n\tat org.openqa.selenium.remote.RemoteWebDriver.execute(RemoteWebDriver.java:552)\n\tat org.openqa.selenium.remote.RemoteWebDriver.findElement(RemoteWebDriver.java:323)\n\tat org.openqa.selenium.remote.RemoteWebDriver.findElementByCssSelector(RemoteWebDriver.java:420)\n\tat org.openqa.selenium.By$ByCssSelector.findElement(By.java:431)\n\tat org.openqa.selenium.remote.RemoteWebDriver.findElement(RemoteWebDriver.java:315)\n\tat com.codeborne.selenide.impl.WebElementSelector.findElement(WebElementSelector.java:65)\n\tat com.codeborne.selenide.impl.WebElementSelector.findElement(WebElementSelector.java:40)\n\tat com.codeborne.selenide.impl.ElementFinder.getWebElement(ElementFinder.java:104)\n\tat com.codeborne.selenide.impl.WebElementSource.checkCondition(WebElementSource.java:93)\n\t... 38 more\n",
      "steps" : [ ],
      "attachments" : [ {
        "uid" : "b683e4e0f2c55e27",
        "name" : "Screenshot",
        "source" : "b683e4e0f2c55e27.png",
        "type" : "image/png",
        "size" : 318734
      }, {
        "uid" : "d49dbf74584130ef",
        "name" : "Page source",
        "source" : "d49dbf74584130ef.html",
        "type" : "text/html",
        "size" : 3271
      } ],
      "parameters" : [ ],
      "stepsCount" : 0,
      "attachmentsCount" : 2,
      "shouldDisplayMessage" : true,
      "hasContent" : true
    } ],
    "attachments" : [ ],
    "parameters" : [ ],
    "stepsCount" : 5,
    "attachmentsCount" : 2,
    "shouldDisplayMessage" : false,
    "hasContent" : true
  },
  "afterStages" : [ {
    "name" : "afterMethod",
    "time" : {
      "start" : 1610523541954,
      "stop" : 1610523562934,
      "duration" : 20980
    },
    "description" : "",
    "status" : "passed",
    "steps" : [ ],
    "attachments" : [ {
      "uid" : "d4ab0bf1bc003ef9",
      "name" : "Screenshot",
      "source" : "d4ab0bf1bc003ef9.png",
      "type" : "image/png",
      "size" : 318734
    }, {
      "name" : "Video",
      "type" : "video/mp4",
      "size" : 0
    } ],
    "parameters" : [ ],
    "stepsCount" : 0,
    "attachmentsCount" : 2,
    "shouldDisplayMessage" : false,
    "hasContent" : true
  } ],
  "labels" : [ {
    "name" : "package",
    "value" : "com.test.qabattle.tests.LoginTest"
  }, {
    "name" : "testClass",
    "value" : "com.test.qabattle.tests.LoginTest"
  }, {
    "name" : "testMethod",
    "value" : "incorrectLoginTest"
  }, {
    "name" : "parentSuite",
    "value" : "Surefire suite"
  }, {
    "name" : "suite",
    "value" : "Surefire test"
  }, {
    "name" : "subSuite",
    "value" : "com.test.qabattle.tests.LoginTest"
  }, {
    "name" : "host",
    "value" : "fv-az54-685"
  }, {
    "name" : "thread",
    "value" : "4963@fv-az54-685.main(1)"
  }, {
    "name" : "framework",
    "value" : "testng"
  }, {
    "name" : "language",
    "value" : "java"
  }, {
    "name" : "feature",
    "value" : "Форма авторизации"
  }, {
    "name" : "resultFormat",
    "value" : "allure2"
  } ],
  "parameters" : [ ],
  "links" : [ ],
  "hidden" : false,
  "retry" : false,
  "extra" : {
    "severity" : "normal",
    "retries" : [ ],
    "categories" : [ {
      "name" : "Product defects",
      "matchedStatuses" : [ ],
      "flaky" : false
    } ],
    "history" : {
      "statistic" : {
        "failed" : 1,
        "broken" : 0,
        "skipped" : 10,
        "passed" : 6,
        "unknown" : 0,
        "total" : 17
      },
      "items" : [ {
        "uid" : "f6fa58f644b6d84e",
        "reportUrl" : "https://simple-elf.github.io/qabattle-selenide/78//#testresult/f6fa58f644b6d84e",
        "status" : "passed",
        "time" : {
          "start" : 1610523534016,
          "stop" : 1610523547392,
          "duration" : 13376
        }
      }, {
        "uid" : "ba2f976c1145bd26",
        "reportUrl" : "https://simple-elf.github.io/qabattle-selenide/76//#testresult/ba2f976c1145bd26",
        "status" : "passed",
        "time" : {
          "start" : 1610523251360,
          "stop" : 1610523258643,
          "duration" : 7283
        }
      }, {
        "uid" : "29170da52d42e33d",
        "reportUrl" : "https://simple-elf.github.io/qabattle-selenide/75//#testresult/29170da52d42e33d",
        "status" : "skipped",
        "statusDetails" : "No webdriver is bound to current thread: 1. You need to call open(url) first.",
        "time" : {
          "start" : 1610522924387,
          "stop" : 1610522924387,
          "duration" : 0
        }
      }, {
        "uid" : "5024aec6b991be76",
        "reportUrl" : "https://simple-elf.github.io/qabattle-selenide/74//#testresult/5024aec6b991be76",
        "status" : "skipped",
        "statusDetails" : "No webdriver is bound to current thread: 1. You need to call open(url) first.",
        "time" : {
          "start" : 1610522660027,
          "stop" : 1610522660027,
          "duration" : 0
        }
      }, {
        "uid" : "8a450f2ec7003254",
        "reportUrl" : "https://simple-elf.github.io/qabattle-selenide/73//#testresult/8a450f2ec7003254",
        "status" : "skipped",
        "statusDetails" : "No webdriver is bound to current thread: 1. You need to call open(url) first.",
        "time" : {
          "start" : 1610455481506,
          "stop" : 1610455481506,
          "duration" : 0
        }
      }, {
        "uid" : "c604a6feb1d8286",
        "reportUrl" : "https://simple-elf.github.io/qabattle-selenide/72//#testresult/c604a6feb1d8286",
        "status" : "passed",
        "time" : {
          "start" : 1604415822421,
          "stop" : 1604415838387,
          "duration" : 15966
        }
      }, {
        "uid" : "78a9523cb48b39b7",
        "reportUrl" : "https://simple-elf.github.io/qabattle-selenide/71//#testresult/78a9523cb48b39b7",
        "status" : "passed",
        "time" : {
          "start" : 1599923501184,
          "stop" : 1599923517236,
          "duration" : 16052
        }
      }, {
        "uid" : "e3a1dedad50d15cf",
        "reportUrl" : "https://simple-elf.github.io/qabattle-selenide/70//#testresult/e3a1dedad50d15cf",
        "status" : "passed",
        "time" : {
          "start" : 1598015288384,
          "stop" : 1598015298074,
          "duration" : 9690
        }
      }, {
        "uid" : "442513c260592717",
        "reportUrl" : "https://simple-elf.github.io/qabattle-selenide/69//#testresult/442513c260592717",
        "status" : "skipped",
        "statusDetails" : "No webdriver is bound to current thread: 1. You need to call open(url) first.",
        "time" : {
          "start" : 1598014906005,
          "stop" : 1598014906005,
          "duration" : 0
        }
      }, {
        "uid" : "7a1342f659a4c844",
        "reportUrl" : "https://simple-elf.github.io/qabattle-selenide/68//#testresult/7a1342f659a4c844",
        "status" : "skipped",
        "statusDetails" : "No webdriver is bound to current thread: 1. You need to call open(url) first.",
        "time" : {
          "start" : 1598014464975,
          "stop" : 1598014464975,
          "duration" : 0
        }
      }, {
        "uid" : "707a3fc780ad3828",
        "reportUrl" : "https://simple-elf.github.io/qabattle-selenide/67//#testresult/707a3fc780ad3828",
        "status" : "skipped",
        "statusDetails" : "No webdriver is bound to current thread: 1. You need to call open(url) first.",
        "time" : {
          "start" : 1598014218764,
          "stop" : 1598014218764,
          "duration" : 0
        }
      }, {
        "uid" : "437760fdca89e4af",
        "reportUrl" : "https://simple-elf.github.io/qabattle-selenide/66//#testresult/437760fdca89e4af",
        "status" : "skipped",
        "statusDetails" : "No webdriver is bound to current thread: 1. You need to call open(url) first.",
        "time" : {
          "start" : 1598011482486,
          "stop" : 1598011482486,
          "duration" : 0
        }
      }, {
        "uid" : "26f26e53caa47bcb",
        "reportUrl" : "https://simple-elf.github.io/qabattle-selenide/65//#testresult/26f26e53caa47bcb",
        "status" : "skipped",
        "statusDetails" : "No webdriver is bound to current thread: 1. You need to call open(url) first.",
        "time" : {
          "start" : 1598010018316,
          "stop" : 1598010018316,
          "duration" : 0
        }
      }, {
        "uid" : "c2a3205e1407d036",
        "reportUrl" : "https://simple-elf.github.io/qabattle-selenide/64//#testresult/c2a3205e1407d036",
        "status" : "skipped",
        "statusDetails" : "No webdriver is bound to current thread: 1. You need to call open(url) first.",
        "time" : {
          "start" : 1598009268227,
          "stop" : 1598009268227,
          "duration" : 0
        }
      }, {
        "uid" : "5e368276c938c922",
        "reportUrl" : "https://simple-elf.github.io/qabattle-selenide/63//#testresult/5e368276c938c922",
        "status" : "skipped",
        "statusDetails" : "No webdriver is bound to current thread: 1. You need to call open(url) first.",
        "time" : {
          "start" : 1598007141636,
          "stop" : 1598007141636,
          "duration" : 0
        }
      }, {
        "uid" : "e77c2983db8d99b1",
        "reportUrl" : "https://simple-elf.github.io/qabattle-selenide/62//#testresult/e77c2983db8d99b1",
        "status" : "passed",
        "time" : {
          "start" : 1597989660505,
          "stop" : 1597989671099,
          "duration" : 10594
        }
      } ]
    },
    "tags" : [ ]
  },
  "source" : "4ecb52fd354ffdd9.json",
  "parameterValues" : [ ]
}