{
  "uid" : "14cbc8c0c36aec05",
  "name" : "Валидация вложенных статей",
  "fullName" : "com.test.qabattle.tests.ArticlesTest.mainPageArticlesTest",
  "historyId" : "a5590f2ba3dc02ab7475e4ca60e56a99",
  "time" : {
    "start" : 1610522660067,
    "stop" : 1610522660067,
    "duration" : 0
  },
  "status" : "skipped",
  "statusMessage" : "Could not start a new session. Possible causes are invalid address of the remote server or browser start-up failure.\nBuild info: version: '3.141.59', revision: 'e82be7d358', time: '2018-11-14T08:17:03'\nSystem info: host: 'fv-az195-130', ip: '10.1.0.4', os.name: 'Linux', os.arch: 'amd64', os.version: '5.4.0-1032-azure', java.version: '1.8.0_275'\nselenide.remote: http://127.0.0.1:4444/wd/hub\nDriver info: driver.version: SelenideDriver\nselenide.url: http://qabattle:8080/index.html\nselenide.baseUrl: http://qabattle:8080",
  "statusTrace" : "org.openqa.selenium.remote.UnreachableBrowserException: Could not start a new session. Possible causes are invalid address of the remote server or browser start-up failure.\nBuild info: version: '3.141.59', revision: 'e82be7d358', time: '2018-11-14T08:17:03'\nSystem info: host: 'fv-az195-130', ip: '10.1.0.4', os.name: 'Linux', os.arch: 'amd64', os.version: '5.4.0-1032-azure', java.version: '1.8.0_275'\nselenide.remote: http://127.0.0.1:4444/wd/hub\nDriver info: driver.version: SelenideDriver\nselenide.url: http://qabattle:8080/index.html\nselenide.baseUrl: http://qabattle:8080\n\tat org.openqa.selenium.remote.RemoteWebDriver.execute(RemoteWebDriver.java:573)\n\tat org.openqa.selenium.remote.RemoteWebDriver.startSession(RemoteWebDriver.java:213)\n\tat org.openqa.selenium.remote.RemoteWebDriver.<init>(RemoteWebDriver.java:131)\n\tat org.openqa.selenium.remote.RemoteWebDriver.<init>(RemoteWebDriver.java:144)\n\tat com.codeborne.selenide.webdriver.RemoteDriverFactory.create(RemoteDriverFactory.java:19)\n\tat com.codeborne.selenide.webdriver.WebDriverFactory.createWebDriverInstance(WebDriverFactory.java:89)\n\tat com.codeborne.selenide.webdriver.WebDriverFactory.createWebDriver(WebDriverFactory.java:60)\n\tat com.codeborne.selenide.drivercommands.CreateDriverCommand.createDriver(CreateDriverCommand.java:67)\n\tat com.codeborne.selenide.impl.WebDriverThreadLocalContainer.createDriver(WebDriverThreadLocalContainer.java:153)\n\tat com.codeborne.selenide.impl.WebDriverThreadLocalContainer.getAndCheckWebDriver(WebDriverThreadLocalContainer.java:139)\n\tat com.codeborne.selenide.WebDriverRunner.getAndCheckWebDriver(WebDriverRunner.java:97)\n\tat com.codeborne.selenide.impl.StaticDriver.getAndCheckWebDriver(StaticDriver.java:62)\n\tat com.codeborne.selenide.SelenideDriver.getAndCheckWebDriver(SelenideDriver.java:188)\n\tat com.codeborne.selenide.drivercommands.Navigator.navigateTo(Navigator.java:70)\n\tat com.codeborne.selenide.drivercommands.Navigator.open(Navigator.java:32)\n\tat com.codeborne.selenide.SelenideDriver.open(SelenideDriver.java:84)\n\tat com.codeborne.selenide.Selenide.open(Selenide.java:49)\n\tat com.test.qabattle.pages.LoginForm.openLoginForm(LoginForm.java:35)\n\tat com.test.qabattle.tests.ArticlesTest.beforeTest(ArticlesTest.java:22)\n\tat sun.reflect.NativeMethodAccessorImpl.invoke0(Native Method)\n\tat sun.reflect.NativeMethodAccessorImpl.invoke(NativeMethodAccessorImpl.java:62)\n\tat sun.reflect.DelegatingMethodAccessorImpl.invoke(DelegatingMethodAccessorImpl.java:43)\n\tat java.lang.reflect.Method.invoke(Method.java:498)\n\tat org.testng.internal.MethodInvocationHelper.invokeMethod(MethodInvocationHelper.java:124)\n\tat org.testng.internal.MethodInvocationHelper.invokeMethodConsideringTimeout(MethodInvocationHelper.java:59)\n\tat org.testng.internal.Invoker.invokeConfigurationMethod(Invoker.java:458)\n\tat org.testng.internal.Invoker.invokeConfigurations(Invoker.java:222)\n\tat org.testng.internal.Invoker.invokeMethod(Invoker.java:523)\n\tat org.testng.internal.Invoker.invokeTestMethod(Invoker.java:719)\n\tat org.testng.internal.Invoker.invokeTestMethods(Invoker.java:989)\n\tat org.testng.internal.TestMethodWorker.invokeTestMethods(TestMethodWorker.java:125)\n\tat org.testng.internal.TestMethodWorker.run(TestMethodWorker.java:109)\n\tat org.testng.TestRunner.privateRun(TestRunner.java:648)\n\tat org.testng.TestRunner.run(TestRunner.java:505)\n\tat org.testng.SuiteRunner.runTest(SuiteRunner.java:455)\n\tat org.testng.SuiteRunner.runSequentially(SuiteRunner.java:450)\n\tat org.testng.SuiteRunner.privateRun(SuiteRunner.java:415)\n\tat org.testng.SuiteRunner.run(SuiteRunner.java:364)\n\tat org.testng.SuiteRunnerWorker.runSuite(SuiteRunnerWorker.java:52)\n\tat org.testng.SuiteRunnerWorker.run(SuiteRunnerWorker.java:84)\n\tat org.testng.TestNG.runSuitesSequentially(TestNG.java:1208)\n\tat org.testng.TestNG.runSuitesLocally(TestNG.java:1137)\n\tat org.testng.TestNG.runSuites(TestNG.java:1049)\n\tat org.testng.TestNG.run(TestNG.java:1017)\n\tat org.apache.maven.surefire.testng.TestNGExecutor.run(TestNGExecutor.java:135)\n\tat org.apache.maven.surefire.testng.TestNGDirectoryTestSuite.executeMulti(TestNGDirectoryTestSuite.java:193)\n\tat org.apache.maven.surefire.testng.TestNGDirectoryTestSuite.execute(TestNGDirectoryTestSuite.java:94)\n\tat org.apache.maven.surefire.testng.TestNGProvider.invoke(TestNGProvider.java:146)\n\tat org.apache.maven.surefire.booter.ForkedBooter.invokeProviderInSameClassLoader(ForkedBooter.java:379)\n\tat org.apache.maven.surefire.booter.ForkedBooter.runSuitesInProcess(ForkedBooter.java:340)\n\tat org.apache.maven.surefire.booter.ForkedBooter.execute(ForkedBooter.java:125)\n\tat org.apache.maven.surefire.booter.ForkedBooter.main(ForkedBooter.java:413)\nCaused by: java.net.ConnectException: Failed to connect to /127.0.0.1:4444\n\tat okhttp3.internal.connection.RealConnection.connectSocket(RealConnection.java:247)\n\tat okhttp3.internal.connection.RealConnection.connect(RealConnection.java:165)\n\tat okhttp3.internal.connection.StreamAllocation.findConnection(StreamAllocation.java:257)\n\tat okhttp3.internal.connection.StreamAllocation.findHealthyConnection(StreamAllocation.java:135)\n\tat okhttp3.internal.connection.StreamAllocation.newStream(StreamAllocation.java:114)\n\tat okhttp3.internal.connection.ConnectInterceptor.intercept(ConnectInterceptor.java:42)\n\tat okhttp3.internal.http.RealInterceptorChain.proceed(RealInterceptorChain.java:147)\n\tat okhttp3.internal.http.RealInterceptorChain.proceed(RealInterceptorChain.java:121)\n\tat okhttp3.internal.cache.CacheInterceptor.intercept(CacheInterceptor.java:93)\n\tat okhttp3.internal.http.RealInterceptorChain.proceed(RealInterceptorChain.java:147)\n\tat okhttp3.internal.http.RealInterceptorChain.proceed(RealInterceptorChain.java:121)\n\tat okhttp3.internal.http.BridgeInterceptor.intercept(BridgeInterceptor.java:93)\n\tat okhttp3.internal.http.RealInterceptorChain.proceed(RealInterceptorChain.java:147)\n\tat okhttp3.internal.http.RetryAndFollowUpInterceptor.intercept(RetryAndFollowUpInterceptor.java:126)\n\tat okhttp3.internal.http.RealInterceptorChain.proceed(RealInterceptorChain.java:147)\n\tat okhttp3.internal.http.RealInterceptorChain.proceed(RealInterceptorChain.java:121)\n\tat okhttp3.RealCall.getResponseWithInterceptorChain(RealCall.java:200)\n\tat okhttp3.RealCall.execute(RealCall.java:77)\n\tat org.openqa.selenium.remote.internal.OkHttpClient.execute(OkHttpClient.java:103)\n\tat org.openqa.selenium.remote.ProtocolHandshake.createSession(ProtocolHandshake.java:105)\n\tat org.openqa.selenium.remote.ProtocolHandshake.createSession(ProtocolHandshake.java:74)\n\tat org.openqa.selenium.remote.HttpCommandExecutor.execute(HttpCommandExecutor.java:136)\n\tat org.openqa.selenium.remote.RemoteWebDriver.execute(RemoteWebDriver.java:552)\n\t... 51 more\nCaused by: java.net.ConnectException: Connection refused (Connection refused)\n\tat java.net.PlainSocketImpl.socketConnect(Native Method)\n\tat java.net.AbstractPlainSocketImpl.doConnect(AbstractPlainSocketImpl.java:350)\n\tat java.net.AbstractPlainSocketImpl.connectToAddress(AbstractPlainSocketImpl.java:206)\n\tat java.net.AbstractPlainSocketImpl.connect(AbstractPlainSocketImpl.java:188)\n\tat java.net.SocksSocketImpl.connect(SocksSocketImpl.java:392)\n\tat java.net.Socket.connect(Socket.java:607)\n\tat okhttp3.internal.platform.Platform.connectSocket(Platform.java:129)\n\tat okhttp3.internal.connection.RealConnection.connectSocket(RealConnection.java:245)\n\t... 73 more\n",
  "flaky" : false,
  "newFailed" : false,
  "beforeStages" : [ {
    "name" : "beforeClass",
    "time" : {
      "start" : 1610522660042,
      "stop" : 1610522660049,
      "duration" : 7
    },
    "description" : "",
    "status" : "passed",
    "steps" : [ ],
    "attachments" : [ ],
    "parameters" : [ ],
    "stepsCount" : 0,
    "attachmentsCount" : 0,
    "shouldDisplayMessage" : false,
    "hasContent" : false
  } ],
  "afterStages" : [ ],
  "labels" : [ {
    "name" : "package",
    "value" : "com.test.qabattle.tests.ArticlesTest"
  }, {
    "name" : "testClass",
    "value" : "com.test.qabattle.tests.ArticlesTest"
  }, {
    "name" : "testMethod",
    "value" : "mainPageArticlesTest"
  }, {
    "name" : "parentSuite",
    "value" : "Surefire suite"
  }, {
    "name" : "suite",
    "value" : "Surefire test"
  }, {
    "name" : "subSuite",
    "value" : "com.test.qabattle.tests.ArticlesTest"
  }, {
    "name" : "host",
    "value" : "fv-az195-130"
  }, {
    "name" : "thread",
    "value" : "4381@fv-az195-130.main(1)"
  }, {
    "name" : "framework",
    "value" : "testng"
  }, {
    "name" : "language",
    "value" : "java"
  }, {
    "name" : "feature",
    "value" : "Главная страница"
  }, {
    "name" : "resultFormat",
    "value" : "allure2"
  } ],
  "parameters" : [ ],
  "links" : [ ],
  "hidden" : false,
  "retry" : false,
  "extra" : {
    "severity" : "normal",
    "retries" : [ ],
    "categories" : [ ],
    "history" : {
      "statistic" : {
        "failed" : 0,
        "broken" : 0,
        "skipped" : 9,
        "passed" : 4,
        "unknown" : 0,
        "total" : 13
      },
      "items" : [ {
        "uid" : "f3ccb144622bc97c",
        "reportUrl" : "https://simple-elf.github.io/qabattle-selenide/73//#testresult/f3ccb144622bc97c",
        "status" : "skipped",
        "statusDetails" : "Requested environment is not available (WARNING: The server did not provide any stacktrace information)\nCommand duration or timeout: 3 milliseconds\nBuild info: version: '3.141.59', revision: 'e82be7d358', time: '2018-11-14T08:17:03'\nSystem info: host: 'fv-az184-39', ip: '10.1.0.4', os.name: 'Linux', os.arch: 'amd64', os.version: '5.4.0-1032-azure', java.version: '1.8.0_275'\nselenide.remote: http://127.0.0.1:4444/wd/hub\nDriver info: driver.version: SelenideDriver\nselenide.url: http://qabattle:8080/index.html\nselenide.baseUrl: http://qabattle:8080",
        "time" : {
          "start" : 1610455481569,
          "stop" : 1610455481569,
          "duration" : 0
        }
      }, {
        "uid" : "532bef34d9a6f452",
        "reportUrl" : "https://simple-elf.github.io/qabattle-selenide/72//#testresult/532bef34d9a6f452",
        "status" : "passed",
        "time" : {
          "start" : 1604415904484,
          "stop" : 1604415906061,
          "duration" : 1577
        }
      }, {
        "uid" : "5b165143e3720451",
        "reportUrl" : "https://simple-elf.github.io/qabattle-selenide/71//#testresult/5b165143e3720451",
        "status" : "passed",
        "time" : {
          "start" : 1599923431287,
          "stop" : 1599923433391,
          "duration" : 2104
        }
      }, {
        "uid" : "7057ebbee13aa51c",
        "reportUrl" : "https://simple-elf.github.io/qabattle-selenide/70//#testresult/7057ebbee13aa51c",
        "status" : "passed",
        "time" : {
          "start" : 1598015205387,
          "stop" : 1598015207201,
          "duration" : 1814
        }
      }, {
        "uid" : "ec5886c2f7a3e930",
        "reportUrl" : "https://simple-elf.github.io/qabattle-selenide/69//#testresult/ec5886c2f7a3e930",
        "status" : "skipped",
        "statusDetails" : "org.openqa.selenium.WebDriverException: start video container: create video container: Error response from daemon: create \"/home/runner/work/qabattle-selenide/qabattle-selenide/opt\": \"\\\"/home/runner/work/qabattle-selenide/qabattle-selenide/opt\\\"\" includes invalid characters for a local volume name, only \"[a-zA-Z0-9][a-zA-Z0-9_.-]\" are allowed. If you intended to pass a host directory, use absolute path (WARNING: The server did not provide any stacktrace information)\nCommand duration or timeout: 3.45 seconds\nBuild info: version: '3.141.59', revision: 'e82be7d358', time: '2018-11-14T08:17:03'\nSystem info: host: 'fv-az60', ip: '10.1.0.4', os.name: 'Linux', os.arch: 'amd64', os.version: '5.3.0-1034-azure', java.version: '1.8.0_265'\nDriver info: driver.version: SelenideDriver",
        "time" : {
          "start" : 1598014905335,
          "stop" : 1598014905336,
          "duration" : 1
        }
      }, {
        "uid" : "51e2d498136f3f7a",
        "reportUrl" : "https://simple-elf.github.io/qabattle-selenide/68//#testresult/51e2d498136f3f7a",
        "status" : "skipped",
        "statusDetails" : "org.openqa.selenium.WebDriverException: start video container: create video container: Error response from daemon: create \"/home/runner/work/qabattle-selenide/qabattle-selenide/opt\": \"\\\"/home/runner/work/qabattle-selenide/qabattle-selenide/opt\\\"\" includes invalid characters for a local volume name, only \"[a-zA-Z0-9][a-zA-Z0-9_.-]\" are allowed. If you intended to pass a host directory, use absolute path (WARNING: The server did not provide any stacktrace information)\nCommand duration or timeout: 3.75 seconds\nBuild info: version: '3.141.59', revision: 'e82be7d358', time: '2018-11-14T08:17:03'\nSystem info: host: 'fv-az60', ip: '10.1.0.4', os.name: 'Linux', os.arch: 'amd64', os.version: '5.3.0-1034-azure', java.version: '1.8.0_265'\nDriver info: driver.version: SelenideDriver",
        "time" : {
          "start" : 1598014464241,
          "stop" : 1598014464241,
          "duration" : 0
        }
      }, {
        "uid" : "2bc36972a3e199c8",
        "reportUrl" : "https://simple-elf.github.io/qabattle-selenide/67//#testresult/2bc36972a3e199c8",
        "status" : "skipped",
        "statusDetails" : "org.openqa.selenium.WebDriverException: start video container: create video container: Error response from daemon: create \"/home/runner/work/qabattle-selenide/qabattle-selenide/opt\": \"\\\"/home/runner/work/qabattle-selenide/qabattle-selenide/opt\\\"\" includes invalid characters for a local volume name, only \"[a-zA-Z0-9][a-zA-Z0-9_.-]\" are allowed. If you intended to pass a host directory, use absolute path (WARNING: The server did not provide any stacktrace information)\nCommand duration or timeout: 3.50 seconds\nBuild info: version: '3.141.59', revision: 'e82be7d358', time: '2018-11-14T08:17:03'\nSystem info: host: 'fv-az60', ip: '10.1.0.4', os.name: 'Linux', os.arch: 'amd64', os.version: '5.3.0-1034-azure', java.version: '1.8.0_265'\nDriver info: driver.version: SelenideDriver",
        "time" : {
          "start" : 1598014218117,
          "stop" : 1598014218117,
          "duration" : 0
        }
      }, {
        "uid" : "7cb00ca57bb00b90",
        "reportUrl" : "https://simple-elf.github.io/qabattle-selenide/66//#testresult/7cb00ca57bb00b90",
        "status" : "skipped",
        "statusDetails" : "org.openqa.selenium.WebDriverException: start video container: create video container: Error response from daemon: create \"/home/runner/work/qabattle-selenide/qabattle-selenide/opt\": \"\\\"/home/runner/work/qabattle-selenide/qabattle-selenide/opt\\\"\" includes invalid characters for a local volume name, only \"[a-zA-Z0-9][a-zA-Z0-9_.-]\" are allowed. If you intended to pass a host directory, use absolute path (WARNING: The server did not provide any stacktrace information)\nCommand duration or timeout: 3.88 seconds\nBuild info: version: '3.141.59', revision: 'e82be7d358', time: '2018-11-14T08:17:03'\nSystem info: host: 'fv-az151', ip: '10.1.0.4', os.name: 'Linux', os.arch: 'amd64', os.version: '5.3.0-1034-azure', java.version: '1.8.0_265'\nDriver info: driver.version: SelenideDriver",
        "time" : {
          "start" : 1598011481570,
          "stop" : 1598011481571,
          "duration" : 1
        }
      }, {
        "uid" : "c5067eae52f9e94b",
        "reportUrl" : "https://simple-elf.github.io/qabattle-selenide/65//#testresult/c5067eae52f9e94b",
        "status" : "skipped",
        "statusDetails" : "org.openqa.selenium.WebDriverException: start video container: create video container: Error response from daemon: create \"/home/runner/work/qabattle-selenide/qabattle-selenide/opt\": \"\\\"/home/runner/work/qabattle-selenide/qabattle-selenide/opt\\\"\" includes invalid characters for a local volume name, only \"[a-zA-Z0-9][a-zA-Z0-9_.-]\" are allowed. If you intended to pass a host directory, use absolute path (WARNING: The server did not provide any stacktrace information)\nCommand duration or timeout: 3.81 seconds\nBuild info: version: '3.141.59', revision: 'e82be7d358', time: '2018-11-14T08:17:03'\nSystem info: host: 'fv-az184', ip: '10.1.0.4', os.name: 'Linux', os.arch: 'amd64', os.version: '5.3.0-1034-azure', java.version: '1.8.0_265'\nDriver info: driver.version: SelenideDriver",
        "time" : {
          "start" : 1598010017625,
          "stop" : 1598010017625,
          "duration" : 0
        }
      }, {
        "uid" : "bf8aaf8a9ba8927d",
        "reportUrl" : "https://simple-elf.github.io/qabattle-selenide/64//#testresult/bf8aaf8a9ba8927d",
        "status" : "skipped",
        "statusDetails" : "org.openqa.selenium.WebDriverException: start video container: create video container: Error response from daemon: create \"/home/runner/work/qabattle-selenide/qabattle-selenide/opt\": \"\\\"/home/runner/work/qabattle-selenide/qabattle-selenide/opt\\\"\" includes invalid characters for a local volume name, only \"[a-zA-Z0-9][a-zA-Z0-9_.-]\" are allowed. If you intended to pass a host directory, use absolute path (WARNING: The server did not provide any stacktrace information)\nCommand duration or timeout: 3.96 seconds\nBuild info: version: '3.141.59', revision: 'e82be7d358', time: '2018-11-14T08:17:03'\nSystem info: host: 'fv-az60', ip: '10.1.0.4', os.name: 'Linux', os.arch: 'amd64', os.version: '5.3.0-1034-azure', java.version: '1.8.0_265'\nDriver info: driver.version: SelenideDriver",
        "time" : {
          "start" : 1598009267548,
          "stop" : 1598009267549,
          "duration" : 1
        }
      }, {
        "uid" : "79b404424271cea6",
        "reportUrl" : "https://simple-elf.github.io/qabattle-selenide/63//#testresult/79b404424271cea6",
        "status" : "skipped",
        "statusDetails" : "org.openqa.selenium.WebDriverException: start video container: create video container: Error response from daemon: create \"/home/runner/work/qabattle-selenide/qabattle-selenide/opt\": \"\\\"/home/runner/work/qabattle-selenide/qabattle-selenide/opt\\\"\" includes invalid characters for a local volume name, only \"[a-zA-Z0-9][a-zA-Z0-9_.-]\" are allowed. If you intended to pass a host directory, use absolute path (WARNING: The server did not provide any stacktrace information)\nCommand duration or timeout: 3.82 seconds\nBuild info: version: '3.141.59', revision: 'e82be7d358', time: '2018-11-14T08:17:03'\nSystem info: host: 'fv-az195', ip: '10.1.0.4', os.name: 'Linux', os.arch: 'amd64', os.version: '5.3.0-1034-azure', java.version: '1.8.0_265'\nDriver info: driver.version: SelenideDriver",
        "time" : {
          "start" : 1598007141022,
          "stop" : 1598007141023,
          "duration" : 1
        }
      }, {
        "uid" : "991fcc028dee28e7",
        "reportUrl" : "https://simple-elf.github.io/qabattle-selenide/62//#testresult/991fcc028dee28e7",
        "status" : "passed",
        "time" : {
          "start" : 1597989613807,
          "stop" : 1597989615365,
          "duration" : 1558
        }
      } ]
    },
    "tags" : [ ]
  },
  "source" : "14cbc8c0c36aec05.json",
  "parameterValues" : [ ]
}